{"meta": {"format": 3, "version": "7.13.5", "timestamp": "2026-03-20T17:33:52.725615", "branch_coverage": false, "show_contexts": false}, "files": {"src/smrti/__init__.py": {"executed_lines": [3, 5, 6, 8, 9, 13, 14, 15, 16, 28, 29, 30, 31, 34, 35, 45, 46, 47, 48, 49, 50, 51, 52, 53, 54, 55, 56, 57, 58, 63, 65, 66, 70, 71, 73, 74, 75, 76, 108, 111, 112, 114, 122, 124, 134, 136, 143, 144, 155, 161, 169, 170, 171, 177, 178, 180, 181, 183, 185, 186, 187, 188, 190, 194, 195, 197, 198, 199, 231, 232, 236, 240, 244, 250, 252, 256, 258, 262, 263, 265, 269, 273, 277, 279, 280], "summary": {"covered_lines": 85, "num_statements": 93, "percent_covered": 91.39784946236558, "percent_covered_display": "91", "missing_lines": 8, "excluded_lines": 0, "percent_statements_covered": 91.39784946236558, "percent_statements_covered_display": "91"}, "missing_lines": [10, 11, 61, 62, 72, 109, 123, 189], "excluded_lines": [], "functions": {"Smrti.__init__": {"executed_lines": [45, 46, 47, 48, 49, 50, 51, 52, 53, 54, 55, 56, 57, 58, 63], "summary": {"covered_lines": 15, "num_statements": 17, "percent_covered": 88.23529411764706, "percent_covered_display": "88", "missing_lines": 2, "excluded_lines": 0, "percent_statements_covered": 88.23529411764706, "percent_statements_covered_display": "88"}, "missing_lines": [61, 62], "excluded_lines": [], "start_line": 35}, "Smrti._ensure_personality": {"executed_lines": [66, 70, 71, 73, 74, 75, 76, 108], "summary": {"covered_lines": 8, "num_statements": 10, "percent_covered": 80.0, "percent_covered_display": "80", "missing_lines": 2, "excluded_lines": 0, "percent_statements_covered": 80.0, "percent_statements_covered_display": "80"}, "missing_lines": [72, 109], "excluded_lines": [], "start_line": 65}, "Smrti.is_ignored": {"executed_lines": [112], "summary": {"covered_lines": 1, "num_statements": 1, "percent_covered": 100.0, "percent_covered_display": "100", "missing_lines": 0, "excluded_lines": 0, "percent_statements_covered": 100.0, "percent_statements_covered_display": "100"}, "missing_lines": [], "excluded_lines": [], "start_line": 111}, "Smrti.remember": {"executed_lines": [122, 124, 134], "summary": {"covered_lines": 3, "num_statements": 4, "percent_covered": 75.0, "percent_covered_display": "75", "missing_lines": 1, "excluded_lines": 0, "percent_statements_covered": 75.0, "percent_statements_covered_display": "75"}, "missing_lines": [123], "excluded_lines": [], "start_line": 114}, "Smrti.recall": {"executed_lines": [143, 144], "summary": {"covered_lines": 2, "num_statements": 2, "percent_covered": 100.0, "percent_covered_display": "100", "missing_lines": 0, "excluded_lines": 0, "percent_statements_covered": 100.0, "percent_statements_covered_display": "100"}, "missing_lines": [], "excluded_lines": [], "start_line": 136}, "Smrti.believe": {"executed_lines": [161, 169, 170, 171, 177, 178], "summary": {"covered_lines": 6, "num_statements": 6, "percent_covered": 100.0, "percent_covered_display": "100", "missing_lines": 0, "excluded_lines": 0, "percent_statements_covered": 100.0, "percent_statements_covered_display": "100"}, "missing_lines": [], "excluded_lines": [], "start_line": 155}, "Smrti.reflect": {"executed_lines": [181], "summary": {"covered_lines": 1, "num_statements": 1, "percent_covered": 100.0, "percent_covered_display": "100", "missing_lines": 0, "excluded_lines": 0, "percent_statements_covered": 100.0, "percent_statements_covered_display": "100"}, "missing_lines": [], "excluded_lines": [], "start_line": 180}, "Smrti.forget": {"executed_lines": [185, 186, 187, 188, 190, 194, 195], "summary": {"covered_lines": 7, "num_statements": 8, "percent_covered": 87.5, "percent_covered_display": "88", "missing_lines": 1, "excluded_lines": 0, "percent_statements_covered": 87.5, "percent_statements_covered_display": "88"}, "missing_lines": [189], "excluded_lines": [], "start_line": 183}, "Smrti.set_personality": {"executed_lines": [198, 199], "summary": {"covered_lines": 2, "num_statements": 2, "percent_covered": 100.0, "percent_covered_display": "100", "missing_lines": 0, "excluded_lines": 0, "percent_statements_covered": 100.0, "percent_statements_covered_display": "100"}, "missing_lines": [], "excluded_lines": [], "start_line": 197}, "Smrti.status": {"executed_lines": [232, 236, 240, 244], "summary": {"covered_lines": 4, "num_statements": 4, "percent_covered": 100.0, "percent_covered_display": "100", "missing_lines": 0, "excluded_lines": 0, "percent_statements_covered": 100.0, "percent_statements_covered_display": "100"}, "missing_lines": [], "excluded_lines": [], "start_line": 231}, "Smrti.clear_space": {"executed_lines": [252, 256, 258, 262, 263, 265, 269, 273, 277], "summary": {"covered_lines": 9, "num_statements": 9, "percent_covered": 100.0, "percent_covered_display": "100", "missing_lines": 0, "excluded_lines": 0, "percent_statements_covered": 100.0, "percent_statements_covered_display": "100"}, "missing_lines": [], "excluded_lines": [], "start_line": 250}, "Smrti.close": {"executed_lines": [280], "summary": {"covered_lines": 1, "num_statements": 1, "percent_covered": 100.0, "percent_covered_display": "100", "missing_lines": 0, "excluded_lines": 0, "percent_statements_covered": 100.0, "percent_statements_covered_display": "100"}, "missing_lines": [], "excluded_lines": [], "start_line": 279}, "": {"executed_lines": [3, 5, 6, 8, 9, 13, 14, 15, 16, 28, 29, 30, 31, 34, 35, 65, 111, 114, 136, 155, 180, 183, 197, 231, 250, 279], "summary": {"covered_lines": 26, "num_statements": 28, "percent_covered": 92.85714285714286, "percent_covered_display": "93", "missing_lines": 2, "excluded_lines": 0, "percent_statements_covered": 92.85714285714286, "percent_statements_covered_display": "93"}, "missing_lines": [10, 11], "excluded_lines": [], "start_line": 1}}, "classes": {"Smrti": {"executed_lines": [45, 46, 47, 48, 49, 50, 51, 52, 53, 54, 55, 56, 57, 58, 63, 66, 70, 71, 73, 74, 75, 76, 108, 112, 122, 124, 134, 143, 144, 161, 169, 170, 171, 177, 178, 181, 185, 186, 187, 188, 190, 194, 195, 198, 199, 232, 236, 240, 244, 252, 256, 258, 262, 263, 265, 269, 273, 277, 280], "summary": {"covered_lines": 59, "num_statements": 65, "percent_covered": 90.76923076923077, "percent_covered_display": "91", "missing_lines": 6, "excluded_lines": 0, "percent_statements_covered": 90.76923076923077, "percent_statements_covered_display": "91"}, "missing_lines": [61, 62, 72, 109, 123, 189], "excluded_lines": [], "start_line": 34}, "": {"executed_lines": [3, 5, 6, 8, 9, 13, 14, 15, 16, 28, 29, 30, 31, 34, 35, 65, 111, 114, 136, 155, 180, 183, 197, 231, 250, 279], "summary": {"covered_lines": 26, "num_statements": 28, "percent_covered": 92.85714285714286, "percent_covered_display": "93", "missing_lines": 2, "excluded_lines": 0, "percent_statements_covered": 92.85714285714286, "percent_statements_covered_display": "93"}, "missing_lines": [10, 11], "excluded_lines": [], "start_line": 1}}}, "src/smrti/__main__.py": {"executed_lines": [], "summary": {"covered_lines": 0, "num_statements": 3, "percent_covered": 0.0, "percent_covered_display": "0", "missing_lines": 3, "excluded_lines": 0, "percent_statements_covered": 0.0, "percent_statements_covered_display": "0"}, "missing_lines": [2, 4, 5], "excluded_lines": [], "functions": {"": {"executed_lines": [], "summary": {"covered_lines": 0, "num_statements": 3, "percent_covered": 0.0, "percent_covered_display": "0", "missing_lines": 3, "excluded_lines": 0, "percent_statements_covered": 0.0, "percent_statements_covered_display": "0"}, "missing_lines": [2, 4, 5], "excluded_lines": [], "start_line": 1}}, "classes": {"": {"executed_lines": [], "summary": {"covered_lines": 0, "num_statements": 3, "percent_covered": 0.0, "percent_covered_display": "0", "missing_lines": 3, "excluded_lines": 0, "percent_statements_covered": 0.0, "percent_statements_covered_display": "0"}, "missing_lines": [2, 4, 5], "excluded_lines": [], "start_line": 1}}}, "src/smrti/_version.py": {"executed_lines": [4, 13, 21, 22, 24, 25, 26, 27, 28, 29, 31, 32, 34], "summary": {"covered_lines": 13, "num_statements": 13, "percent_covered": 100.0, "percent_covered_display": "100", "missing_lines": 0, "excluded_lines": 5, "percent_statements_covered": 100.0, "percent_statements_covered_display": "100"}, "missing_lines": [], "excluded_lines": [14, 15, 16, 18, 19], "functions": {"": {"executed_lines": [4, 13, 21, 22, 24, 25, 26, 27, 28, 29, 31, 32, 34], "summary": {"covered_lines": 13, "num_statements": 13, "percent_covered": 100.0, "percent_covered_display": "100", "missing_lines": 0, "excluded_lines": 5, "percent_statements_covered": 100.0, "percent_statements_covered_display": "100"}, "missing_lines": [], "excluded_lines": [14, 15, 16, 18, 19], "start_line": 1}}, "classes": {"": {"executed_lines": [4, 13, 21, 22, 24, 25, 26, 27, 28, 29, 31, 32, 34], "summary": {"covered_lines": 13, "num_statements": 13, "percent_covered": 100.0, "percent_covered_display": "100", "missing_lines": 0, "excluded_lines": 5, "percent_statements_covered": 100.0, "percent_statements_covered_display": "100"}, "missing_lines": [], "excluded_lines": [14, 15, 16, 18, 19], "start_line": 1}}}, "src/smrti/call_log.py": {"executed_lines": [2, 4, 5, 6, 7, 8, 10, 11, 14, 15, 18, 19, 26, 27, 28, 29, 30, 33, 36, 39, 43, 48, 54], "summary": {"covered_lines": 23, "num_statements": 37, "percent_covered": 62.16216216216216, "percent_covered_display": "62", "missing_lines": 14, "excluded_lines": 0, "percent_statements_covered": 62.16216216216216, "percent_statements_covered_display": "62"}, "missing_lines": [20, 21, 22, 23, 40, 44, 45, 49, 50, 51, 55, 56, 57, 58], "excluded_lines": [], "functions": {"_now": {"executed_lines": [15], "summary": {"covered_lines": 1, "num_statements": 1, "percent_covered": 100.0, "percent_covered_display": "100", "missing_lines": 0, "excluded_lines": 0, "percent_statements_covered": 100.0, "percent_statements_covered_display": "100"}, "missing_lines": [], "excluded_lines": [], "start_line": 14}, "_notify": {"executed_lines": [19], "summary": {"covered_lines": 1, "num_statements": 5, "percent_covered": 20.0, "percent_covered_display": "20", "missing_lines": 4, "excluded_lines": 0, "percent_statements_covered": 20.0, "percent_statements_covered_display": "20"}, "missing_lines": [20, 21, 22, 23], "excluded_lines": [], "start_line": 18}, "append": {"executed_lines": [27, 28, 29, 30], "summary": {"covered_lines": 4, "num_statements": 4, "percent_covered": 100.0, "percent_covered_display": "100", "missing_lines": 0, "excluded_lines": 0, "percent_statements_covered": 100.0, "percent_statements_covered_display": "100"}, "missing_lines": [], "excluded_lines": [], "start_line": 26}, "update": {"executed_lines": [36], "summary": {"covered_lines": 1, "num_statements": 1, "percent_covered": 100.0, "percent_covered_display": "100", "missing_lines": 0, "excluded_lines": 0, "percent_statements_covered": 100.0, "percent_statements_covered_display": "100"}, "missing_lines": [], "excluded_lines": [], "start_line": 33}, "get_all": {"executed_lines": [], "summary": {"covered_lines": 0, "num_statements": 1, "percent_covered": 0.0, "percent_covered_display": "0", "missing_lines": 1, "excluded_lines": 0, "percent_statements_covered": 0.0, "percent_statements_covered_display": "0"}, "missing_lines": [40], "excluded_lines": [], "start_line": 39}, "clear": {"executed_lines": [], "summary": {"covered_lines": 0, "num_statements": 2, "percent_covered": 0.0, "percent_covered_display": "0", "missing_lines": 2, "excluded_lines": 0, "percent_statements_covered": 0.0, "percent_statements_covered_display": "0"}, "missing_lines": [44, 45], "excluded_lines": [], "start_line": 43}, "subscribe": {"executed_lines": [], "summary": {"covered_lines": 0, "num_statements": 3, "percent_covered": 0.0, "percent_covered_display": "0", "missing_lines": 3, "excluded_lines": 0, "percent_statements_covered": 0.0, "percent_statements_covered_display": "0"}, "missing_lines": [49, 50, 51], "excluded_lines": [], "start_line": 48}, "unsubscribe": {"executed_lines": [], "summary": {"covered_lines": 0, "num_statements": 4, "percent_covered": 0.0, "percent_covered_display": "0", "missing_lines": 4, "excluded_lines": 0, "percent_statements_covered": 0.0, "percent_statements_covered_display": "0"}, "missing_lines": [55, 56, 57, 58], "excluded_lines": [], "start_line": 54}, "": {"executed_lines": [2, 4, 5, 6, 7, 8, 10, 11, 14, 18, 26, 33, 39, 43, 48, 54], "summary": {"covered_lines": 16, "num_statements": 16, "percent_covered": 100.0, "percent_covered_display": "100", "missing_lines": 0, "excluded_lines": 0, "percent_statements_covered": 100.0, "percent_statements_covered_display": "100"}, "missing_lines": [], "excluded_lines": [], "start_line": 1}}, "classes": {"": {"executed_lines": [2, 4, 5, 6, 7, 8, 10, 11, 14, 15, 18, 19, 26, 27, 28, 29, 30, 33, 36, 39, 43, 48, 54], "summary": {"covered_lines": 23, "num_statements": 37, "percent_covered": 62.16216216216216, "percent_covered_display": "62", "missing_lines": 14, "excluded_lines": 0, "percent_statements_covered": 62.16216216216216, "percent_statements_covered_display": "62"}, "missing_lines": [20, 21, 22, 23, 40, 44, 45, 49, 50, 51, 55, 56, 57, 58], "excluded_lines": [], "start_line": 1}}}, "src/smrti/cli.py": {"executed_lines": [], "summary": {"covered_lines": 0, "num_statements": 62, "percent_covered": 0.0, "percent_covered_display": "0", "missing_lines": 62, "excluded_lines": 0, "percent_statements_covered": 0.0, "percent_statements_covered_display": "0"}, "missing_lines": [2, 4, 6, 8, 11, 12, 19, 21, 22, 23, 24, 25, 26, 29, 30, 36, 37, 39, 40, 41, 42, 43, 44, 45, 46, 49, 50, 53, 54, 56, 58, 61, 62, 67, 69, 70, 73, 74, 80, 81, 82, 84, 86, 87, 89, 90, 91, 92, 94, 96, 99, 100, 112, 113, 115, 117, 118, 119, 120, 121, 124, 125], "excluded_lines": [], "functions": {"init": {"executed_lines": [], "summary": {"covered_lines": 0, "num_statements": 7, "percent_covered": 0.0, "percent_covered_display": "0", "missing_lines": 7, "excluded_lines": 0, "percent_statements_covered": 0.0, "percent_statements_covered_display": "0"}, "missing_lines": [19, 21, 22, 23, 24, 25, 26], "excluded_lines": [], "start_line": 12}, "status": {"executed_lines": [], "summary": {"covered_lines": 0, "num_statements": 10, "percent_covered": 0.0, "percent_covered_display": "0", "missing_lines": 10, "excluded_lines": 0, "percent_statements_covered": 0.0, "percent_statements_covered_display": "0"}, "missing_lines": [36, 37, 39, 40, 41, 42, 43, 44, 45, 46], "excluded_lines": [], "start_line": 30}, "serve_mcp": {"executed_lines": [], "summary": {"covered_lines": 0, "num_statements": 2, "percent_covered": 0.0, "percent_covered_display": "0", "missing_lines": 2, "excluded_lines": 0, "percent_statements_covered": 0.0, "percent_statements_covered_display": "0"}, "missing_lines": [56, 58], "excluded_lines": [], "start_line": 54}, "serve_rest": {"executed_lines": [], "summary": {"covered_lines": 0, "num_statements": 3, "percent_covered": 0.0, "percent_covered_display": "0", "missing_lines": 3, "excluded_lines": 0, "percent_statements_covered": 0.0, "percent_statements_covered_display": "0"}, "missing_lines": [67, 69, 70], "excluded_lines": [], "start_line": 62}, "serve_viz": {"executed_lines": [], "summary": {"covered_lines": 0, "num_statements": 10, "percent_covered": 0.0, "percent_covered_display": "0", "missing_lines": 10, "excluded_lines": 0, "percent_statements_covered": 0.0, "percent_statements_covered_display": "0"}, "missing_lines": [80, 81, 82, 84, 86, 87, 89, 90, 94, 96], "excluded_lines": [], "start_line": 74}, "serve_viz._open": {"executed_lines": [], "summary": {"covered_lines": 0, "num_statements": 2, "percent_covered": 0.0, "percent_covered_display": "0", "missing_lines": 2, "excluded_lines": 0, "percent_statements_covered": 0.0, "percent_statements_covered_display": "0"}, "missing_lines": [91, 92], "excluded_lines": [], "start_line": 90}, "serve_proxy": {"executed_lines": [], "summary": {"covered_lines": 0, "num_statements": 8, "percent_covered": 0.0, "percent_covered_display": "0", "missing_lines": 8, "excluded_lines": 0, "percent_statements_covered": 0.0, "percent_statements_covered_display": "0"}, "missing_lines": [112, 113, 115, 117, 118, 119, 120, 121], "excluded_lines": [], "start_line": 100}, "": {"executed_lines": [], "summary": {"covered_lines": 0, "num_statements": 20, "percent_covered": 0.0, "percent_covered_display": "0", "missing_lines": 20, "excluded_lines": 0, "percent_statements_covered": 0.0, "percent_statements_covered_display": "0"}, "missing_lines": [2, 4, 6, 8, 11, 12, 29, 30, 49, 50, 53, 54, 61, 62, 73, 74, 99, 100, 124, 125], "excluded_lines": [], "start_line": 1}}, "classes": {"": {"executed_lines": [], "summary": {"covered_lines": 0, "num_statements": 62, "percent_covered": 0.0, "percent_covered_display": "0", "missing_lines": 62, "excluded_lines": 0, "percent_statements_covered": 0.0, "percent_statements_covered_display": "0"}, "missing_lines": [2, 4, 6, 8, 11, 12, 19, 21, 22, 23, 24, 25, 26, 29, 30, 36, 37, 39, 40, 41, 42, 43, 44, 45, 46, 49, 50, 53, 54, 56, 58, 61, 62, 67, 69, 70, 73, 74, 80, 81, 82, 84, 86, 87, 89, 90, 91, 92, 94, 96, 99, 100, 112, 113, 115, 117, 118, 119, 120, 121, 124, 125], "excluded_lines": [], "start_line": 1}}}, "src/smrti/core/__init__.py": {"executed_lines": [1, 2, 3, 4, 17], "summary": {"covered_lines": 5, "num_statements": 5, "percent_covered": 100.0, "percent_covered_display": "100", "missing_lines": 0, "excluded_lines": 0, "percent_statements_covered": 100.0, "percent_statements_covered_display": "100"}, "missing_lines": [], "excluded_lines": [], "functions": {"": {"executed_lines": [1, 2, 3, 4, 17], "summary": {"covered_lines": 5, "num_statements": 5, "percent_covered": 100.0, "percent_covered_display": "100", "missing_lines": 0, "excluded_lines": 0, "percent_statements_covered": 100.0, "percent_statements_covered_display": "100"}, "missing_lines": [], "excluded_lines": [], "start_line": 1}}, "classes": {"": {"executed_lines": [1, 2, 3, 4, 17], "summary": {"covered_lines": 5, "num_statements": 5, "percent_covered": 100.0, "percent_covered_display": "100", "missing_lines": 0, "excluded_lines": 0, "percent_statements_covered": 100.0, "percent_statements_covered_display": "100"}, "missing_lines": [], "excluded_lines": [], "start_line": 1}}}, "src/smrti/core/atomspace.py": {"executed_lines": [1, 3, 4, 5, 7, 8, 9, 18, 19, 20, 21, 23, 24, 67, 68, 73, 77, 78, 79, 80, 81, 82, 83, 88, 90, 91, 95, 96, 97, 99, 133, 144, 149, 156, 157, 158, 159, 160, 171, 173, 180, 181, 183, 184, 188, 190, 191, 195, 197, 200, 201, 202, 203, 204, 205, 207, 208, 212, 214, 228, 248, 249, 254, 255, 271, 289], "summary": {"covered_lines": 66, "num_statements": 81, "percent_covered": 81.48148148148148, "percent_covered_display": "81", "missing_lines": 15, "excluded_lines": 0, "percent_statements_covered": 81.48148148148148, "percent_statements_covered_display": "81"}, "missing_lines": [100, 150, 154, 198, 215, 216, 226, 235, 236, 237, 242, 246, 272, 276, 290], "excluded_lines": [], "functions": {"AtomSpace.__init__": {"executed_lines": [20, 21], "summary": {"covered_lines": 2, "num_statements": 2, "percent_covered": 100.0, "percent_covered_display": "100", "missing_lines": 0, "excluded_lines": 0, "percent_statements_covered": 100.0, "percent_statements_covered_display": "100"}, "missing_lines": [], "excluded_lines": [], "start_line": 19}, "AtomSpace.add_atom": {"executed_lines": [24, 67, 68, 73, 77, 78, 79, 80, 81, 82, 83, 88], "summary": {"covered_lines": 12, "num_statements": 12, "percent_covered": 100.0, "percent_covered_display": "100", "missing_lines": 0, "excluded_lines": 0, "percent_statements_covered": 100.0, "percent_statements_covered_display": "100"}, "missing_lines": [], "excluded_lines": [], "start_line": 23}, "AtomSpace.get_atom": {"executed_lines": [91, 95, 96, 97], "summary": {"covered_lines": 4, "num_statements": 4, "percent_covered": 100.0, "percent_covered_display": "100", "missing_lines": 0, "excluded_lines": 0, "percent_statements_covered": 100.0, "percent_statements_covered_display": "100"}, "missing_lines": [], "excluded_lines": [], "start_line": 90}, "AtomSpace.update_atom": {"executed_lines": [], "summary": {"covered_lines": 0, "num_statements": 1, "percent_covered": 0.0, "percent_covered_display": "0", "missing_lines": 1, "excluded_lines": 0, "percent_statements_covered": 0.0, "percent_statements_covered_display": "0"}, "missing_lines": [100], "excluded_lines": [], "start_line": 99}, "AtomSpace.link_atoms": {"executed_lines": [144, 149, 156, 157, 158, 159, 160, 171], "summary": {"covered_lines": 8, "num_statements": 10, "percent_covered": 80.0, "percent_covered_display": "80", "missing_lines": 2, "excluded_lines": 0, "percent_statements_covered": 80.0, "percent_statements_covered_display": "80"}, "missing_lines": [150, 154], "excluded_lines": [], "start_line": 133}, "AtomSpace.get_neighbors": {"executed_lines": [180, 181, 183, 184, 188, 190, 191, 195, 197, 200, 201, 202, 203, 204, 205, 207, 208, 212], "summary": {"covered_lines": 18, "num_statements": 19, "percent_covered": 94.73684210526316, "percent_covered_display": "95", "missing_lines": 1, "excluded_lines": 0, "percent_statements_covered": 94.73684210526316, "percent_statements_covered_display": "95"}, "missing_lines": [198], "excluded_lines": [], "start_line": 173}, "AtomSpace.get_relations": {"executed_lines": [], "summary": {"covered_lines": 0, "num_statements": 3, "percent_covered": 0.0, "percent_covered_display": "0", "missing_lines": 3, "excluded_lines": 0, "percent_statements_covered": 0.0, "percent_statements_covered_display": "0"}, "missing_lines": [215, 216, 226], "excluded_lines": [], "start_line": 214}, "AtomSpace.search_by_label": {"executed_lines": [], "summary": {"covered_lines": 0, "num_statements": 5, "percent_covered": 0.0, "percent_covered_display": "0", "missing_lines": 5, "excluded_lines": 0, "percent_statements_covered": 0.0, "percent_statements_covered_display": "0"}, "missing_lines": [235, 236, 237, 242, 246], "excluded_lines": [], "start_line": 228}, "AtomSpace.boost_sti": {"executed_lines": [249], "summary": {"covered_lines": 1, "num_statements": 1, "percent_covered": 100.0, "percent_covered_display": "100", "missing_lines": 0, "excluded_lines": 0, "percent_statements_covered": 100.0, "percent_statements_covered_display": "100"}, "missing_lines": [], "excluded_lines": [], "start_line": 248}, "AtomSpace.add_evidence": {"executed_lines": [255], "summary": {"covered_lines": 1, "num_statements": 1, "percent_covered": 100.0, "percent_covered_display": "100", "missing_lines": 0, "excluded_lines": 0, "percent_statements_covered": 100.0, "percent_statements_covered_display": "100"}, "missing_lines": [], "excluded_lines": [], "start_line": 254}, "AtomSpace.get_pending_evidence": {"executed_lines": [], "summary": {"covered_lines": 0, "num_statements": 2, "percent_covered": 0.0, "percent_covered_display": "0", "missing_lines": 2, "excluded_lines": 0, "percent_statements_covered": 0.0, "percent_statements_covered_display": "0"}, "missing_lines": [272, 276], "excluded_lines": [], "start_line": 271}, "AtomSpace.mark_evidence_processed": {"executed_lines": [], "summary": {"covered_lines": 0, "num_statements": 1, "percent_covered": 0.0, "percent_covered_display": "0", "missing_lines": 1, "excluded_lines": 0, "percent_statements_covered": 0.0, "percent_statements_covered_display": "0"}, "missing_lines": [290], "excluded_lines": [], "start_line": 289}, "": {"executed_lines": [1, 3, 4, 5, 7, 8, 9, 18, 19, 23, 90, 99, 133, 173, 214, 228, 248, 254, 271, 289], "summary": {"covered_lines": 20, "num_statements": 20, "percent_covered": 100.0, "percent_covered_display": "100", "missing_lines": 0, "excluded_lines": 0, "percent_statements_covered": 100.0, "percent_statements_covered_display": "100"}, "missing_lines": [], "excluded_lines": [], "start_line": 1}}, "classes": {"AtomSpace": {"executed_lines": [20, 21, 24, 67, 68, 73, 77, 78, 79, 80, 81, 82, 83, 88, 91, 95, 96, 97, 144, 149, 156, 157, 158, 159, 160, 171, 180, 181, 183, 184, 188, 190, 191, 195, 197, 200, 201, 202, 203, 204, 205, 207, 208, 212, 249, 255], "summary": {"covered_lines": 46, "num_statements": 61, "percent_covered": 75.40983606557377, "percent_covered_display": "75", "missing_lines": 15, "excluded_lines": 0, "percent_statements_covered": 75.40983606557377, "percent_statements_covered_display": "75"}, "missing_lines": [100, 150, 154, 198, 215, 216, 226, 235, 236, 237, 242, 246, 272, 276, 290], "excluded_lines": [], "start_line": 18}, "": {"executed_lines": [1, 3, 4, 5, 7, 8, 9, 18, 19, 23, 90, 99, 133, 173, 214, 228, 248, 254, 271, 289], "summary": {"covered_lines": 20, "num_statements": 20, "percent_covered": 100.0, "percent_covered_display": "100", "missing_lines": 0, "excluded_lines": 0, "percent_statements_covered": 100.0, "percent_statements_covered_display": "100"}, "missing_lines": [], "excluded_lines": [], "start_line": 1}}}, "src/smrti/core/db.py": {"executed_lines": [1, 3, 4, 5, 6, 7, 9, 12, 101, 104, 105, 106, 107, 108, 109, 110, 111, 112, 113, 114, 117, 118, 119, 120, 121, 122, 124, 125, 126, 127, 128, 129, 130, 131, 132, 133, 135, 136, 137, 138, 139, 141, 146, 147, 148, 149, 150, 152, 154, 155, 156, 157, 159, 160, 161, 162, 164, 165, 166, 167, 168, 169, 170, 171, 175, 178], "summary": {"covered_lines": 66, "num_statements": 73, "percent_covered": 90.41095890410959, "percent_covered_display": "90", "missing_lines": 7, "excluded_lines": 0, "percent_statements_covered": 90.41095890410959, "percent_statements_covered_display": "90"}, "missing_lines": [142, 143, 144, 172, 173, 176, 179], "excluded_lines": [], "functions": {"_make_connection": {"executed_lines": [105, 106, 107, 108, 109, 110, 111, 112, 113, 114], "summary": {"covered_lines": 10, "num_statements": 10, "percent_covered": 100.0, "percent_covered_display": "100", "missing_lines": 0, "excluded_lines": 0, "percent_statements_covered": 100.0, "percent_statements_covered_display": "100"}, "missing_lines": [], "excluded_lines": [], "start_line": 104}, "Database.__init__": {"executed_lines": [119, 120, 121, 122], "summary": {"covered_lines": 4, "num_statements": 4, "percent_covered": 100.0, "percent_covered_display": "100", "missing_lines": 0, "excluded_lines": 0, "percent_statements_covered": 100.0, "percent_statements_covered_display": "100"}, "missing_lines": [], "excluded_lines": [], "start_line": 118}, "Database.initialize": {"executed_lines": [125, 126, 127, 128, 129, 130, 131, 132, 133], "summary": {"covered_lines": 9, "num_statements": 9, "percent_covered": 100.0, "percent_covered_display": "100", "missing_lines": 0, "excluded_lines": 0, "percent_statements_covered": 100.0, "percent_statements_covered_display": "100"}, "missing_lines": [], "excluded_lines": [], "start_line": 124}, "Database.execute": {"executed_lines": [136, 137, 138, 139], "summary": {"covered_lines": 4, "num_statements": 4, "percent_covered": 100.0, "percent_covered_display": "100", "missing_lines": 0, "excluded_lines": 0, "percent_statements_covered": 100.0, "percent_statements_covered_display": "100"}, "missing_lines": [], "excluded_lines": [], "start_line": 135}, "Database.execute_many": {"executed_lines": [], "summary": {"covered_lines": 0, "num_statements": 3, "percent_covered": 0.0, "percent_covered_display": "0", "missing_lines": 3, "excluded_lines": 0, "percent_statements_covered": 0.0, "percent_statements_covered_display": "0"}, "missing_lines": [142, 143, 144], "excluded_lines": [], "start_line": 141}, "Database._read_conn": {"executed_lines": [148, 149, 150, 152], "summary": {"covered_lines": 4, "num_statements": 4, "percent_covered": 100.0, "percent_covered_display": "100", "missing_lines": 0, "excluded_lines": 0, "percent_statements_covered": 100.0, "percent_statements_covered_display": "100"}, "missing_lines": [], "excluded_lines": [], "start_line": 147}, "Database.fetchall": {"executed_lines": [155, 156, 157], "summary": {"covered_lines": 3, "num_statements": 3, "percent_covered": 100.0, "percent_covered_display": "100", "missing_lines": 0, "excluded_lines": 0, "percent_statements_covered": 100.0, "percent_statements_covered_display": "100"}, "missing_lines": [], "excluded_lines": [], "start_line": 154}, "Database.fetchone": {"executed_lines": [160, 161, 162], "summary": {"covered_lines": 3, "num_statements": 3, "percent_covered": 100.0, "percent_covered_display": "100", "missing_lines": 0, "excluded_lines": 0, "percent_statements_covered": 100.0, "percent_statements_covered_display": "100"}, "missing_lines": [], "excluded_lines": [], "start_line": 159}, "Database.close": {"executed_lines": [165, 166, 167, 168, 169, 170, 171], "summary": {"covered_lines": 7, "num_statements": 9, "percent_covered": 77.77777777777777, "percent_covered_display": "78", "missing_lines": 2, "excluded_lines": 0, "percent_statements_covered": 77.77777777777777, "percent_statements_covered_display": "78"}, "missing_lines": [172, 173], "excluded_lines": [], "start_line": 164}, "Database.__enter__": {"executed_lines": [], "summary": {"covered_lines": 0, "num_statements": 1, "percent_covered": 0.0, "percent_covered_display": "0", "missing_lines": 1, "excluded_lines": 0, "percent_statements_covered": 0.0, "percent_statements_covered_display": "0"}, "missing_lines": [176], "excluded_lines": [], "start_line": 175}, "Database.__exit__": {"executed_lines": [], "summary": {"covered_lines": 0, "num_statements": 1, "percent_covered": 0.0, "percent_covered_display": "0", "missing_lines": 1, "excluded_lines": 0, "percent_statements_covered": 0.0, "percent_statements_covered_display": "0"}, "missing_lines": [179], "excluded_lines": [], "start_line": 178}, "": {"executed_lines": [1, 3, 4, 5, 6, 7, 9, 12, 101, 104, 117, 118, 124, 135, 141, 146, 147, 154, 159, 164, 175, 178], "summary": {"covered_lines": 22, "num_statements": 22, "percent_covered": 100.0, "percent_covered_display": "100", "missing_lines": 0, "excluded_lines": 0, "percent_statements_covered": 100.0, "percent_statements_covered_display": "100"}, "missing_lines": [], "excluded_lines": [], "start_line": 1}}, "classes": {"Database": {"executed_lines": [119, 120, 121, 122, 125, 126, 127, 128, 129, 130, 131, 132, 133, 136, 137, 138, 139, 148, 149, 150, 152, 155, 156, 157, 160, 161, 162, 165, 166, 167, 168, 169, 170, 171], "summary": {"covered_lines": 34, "num_statements": 41, "percent_covered": 82.92682926829268, "percent_covered_display": "83", "missing_lines": 7, "excluded_lines": 0, "percent_statements_covered": 82.92682926829268, "percent_statements_covered_display": "83"}, "missing_lines": [142, 143, 144, 172, 173, 176, 179], "excluded_lines": [], "start_line": 117}, "": {"executed_lines": [1, 3, 4, 5, 6, 7, 9, 12, 101, 104, 105, 106, 107, 108, 109, 110, 111, 112, 113, 114, 117, 118, 124, 135, 141, 146, 147, 154, 159, 164, 175, 178], "summary": {"covered_lines": 32, "num_statements": 32, "percent_covered": 100.0, "percent_covered_display": "100", "missing_lines": 0, "excluded_lines": 0, "percent_statements_covered": 100.0, "percent_statements_covered_display": "100"}, "missing_lines": [], "excluded_lines": [], "start_line": 1}}}, "src/smrti/core/embed.py": {"executed_lines": [1, 3, 4, 7, 10, 11, 12, 13, 15, 16, 17, 18, 19, 20, 21, 22, 23, 25, 26, 27, 28, 30, 31, 32, 34, 35], "summary": {"covered_lines": 26, "num_statements": 27, "percent_covered": 96.29629629629629, "percent_covered_display": "96", "missing_lines": 1, "excluded_lines": 0, "percent_statements_covered": 96.29629629629629, "percent_statements_covered_display": "96"}, "missing_lines": [36], "excluded_lines": [], "functions": {"EmbeddingProvider.__init__": {"executed_lines": [11, 12, 13], "summary": {"covered_lines": 3, "num_statements": 3, "percent_covered": 100.0, "percent_covered_display": "100", "missing_lines": 0, "excluded_lines": 0, "percent_statements_covered": 100.0, "percent_statements_covered_display": "100"}, "missing_lines": [], "excluded_lines": [], "start_line": 10}, "EmbeddingProvider._get_model": {"executed_lines": [16, 17, 18, 19, 20, 21, 22, 23], "summary": {"covered_lines": 8, "num_statements": 8, "percent_covered": 100.0, "percent_covered_display": "100", "missing_lines": 0, "excluded_lines": 0, "percent_statements_covered": 100.0, "percent_statements_covered_display": "100"}, "missing_lines": [], "excluded_lines": [], "start_line": 15}, "EmbeddingProvider.embed": {"executed_lines": [26, 27, 28], "summary": {"covered_lines": 3, "num_statements": 3, "percent_covered": 100.0, "percent_covered_display": "100", "missing_lines": 0, "excluded_lines": 0, "percent_statements_covered": 100.0, "percent_statements_covered_display": "100"}, "missing_lines": [], "excluded_lines": [], "start_line": 25}, "EmbeddingProvider.embed_batch": {"executed_lines": [31, 32], "summary": {"covered_lines": 2, "num_statements": 2, "percent_covered": 100.0, "percent_covered_display": "100", "missing_lines": 0, "excluded_lines": 0, "percent_statements_covered": 100.0, "percent_statements_covered_display": "100"}, "missing_lines": [], "excluded_lines": [], "start_line": 30}, "EmbeddingProvider.dimensions": {"executed_lines": [], "summary": {"covered_lines": 0, "num_statements": 1, "percent_covered": 0.0, "percent_covered_display": "0", "missing_lines": 1, "excluded_lines": 0, "percent_statements_covered": 0.0, "percent_statements_covered_display": "0"}, "missing_lines": [36], "excluded_lines": [], "start_line": 35}, "": {"executed_lines": [1, 3, 4, 7, 10, 15, 25, 30, 34, 35], "summary": {"covered_lines": 10, "num_statements": 10, "percent_covered": 100.0, "percent_covered_display": "100", "missing_lines": 0, "excluded_lines": 0, "percent_statements_covered": 100.0, "percent_statements_covered_display": "100"}, "missing_lines": [], "excluded_lines": [], "start_line": 1}}, "classes": {"EmbeddingProvider": {"executed_lines": [11, 12, 13, 16, 17, 18, 19, 20, 21, 22, 23, 26, 27, 28, 31, 32], "summary": {"covered_lines": 16, "num_statements": 17, "percent_covered": 94.11764705882354, "percent_covered_display": "94", "missing_lines": 1, "excluded_lines": 0, "percent_statements_covered": 94.11764705882354, "percent_statements_covered_display": "94"}, "missing_lines": [36], "excluded_lines": [], "start_line": 7}, "": {"executed_lines": [1, 3, 4, 7, 10, 15, 25, 30, 34, 35], "summary": {"covered_lines": 10, "num_statements": 10, "percent_covered": 100.0, "percent_covered_display": "100", "missing_lines": 0, "excluded_lines": 0, "percent_statements_covered": 100.0, "percent_statements_covered_display": "100"}, "missing_lines": [], "excluded_lines": [], "start_line": 1}}}, "src/smrti/core/models.py": {"executed_lines": [1, 3, 4, 5, 6, 8, 11, 12, 13, 14, 15, 16, 19, 20, 21, 22, 23, 24, 25, 26, 27, 28, 29, 32, 33, 34, 36, 38, 39, 40, 41, 46, 47, 48, 51, 52, 53, 56, 57, 58, 61, 62, 63, 64, 65, 66, 67, 68, 69, 70, 71, 72, 73, 74, 75, 76, 77, 80, 81, 82, 83, 84, 85, 86, 87, 90, 91, 92, 93, 96, 97, 98, 99, 100, 101, 102, 103, 106, 107, 108, 109, 110, 115, 116, 117], "summary": {"covered_lines": 85, "num_statements": 88, "percent_covered": 96.5909090909091, "percent_covered_display": "97", "missing_lines": 3, "excluded_lines": 0, "percent_statements_covered": 96.5909090909091, "percent_statements_covered_display": "97"}, "missing_lines": [42, 111, 112], "excluded_lines": [], "functions": {"TruthValue.merge": {"executed_lines": [38, 39, 40, 41, 46, 47, 48], "summary": {"covered_lines": 7, "num_statements": 8, "percent_covered": 87.5, "percent_covered_display": "88", "missing_lines": 1, "excluded_lines": 0, "percent_statements_covered": 87.5, "percent_statements_covered_display": "88"}, "missing_lines": [42], "excluded_lines": [], "start_line": 36}, "_safe_entity_type": {"executed_lines": [107, 108, 109, 110], "summary": {"covered_lines": 4, "num_statements": 6, "percent_covered": 66.66666666666667, "percent_covered_display": "67", "missing_lines": 2, "excluded_lines": 0, "percent_statements_covered": 66.66666666666667, "percent_statements_covered_display": "67"}, "missing_lines": [111, 112], "excluded_lines": [], "start_line": 106}, "atom_from_row": {"executed_lines": [116, 117], "summary": {"covered_lines": 2, "num_statements": 2, "percent_covered": 100.0, "percent_covered_display": "100", "missing_lines": 0, "excluded_lines": 0, "percent_statements_covered": 100.0, "percent_statements_covered_display": "100"}, "missing_lines": [], "excluded_lines": [], "start_line": 115}, "": {"executed_lines": [1, 3, 4, 5, 6, 8, 11, 12, 13, 14, 15, 16, 19, 20, 21, 22, 23, 24, 25, 26, 27, 28, 29, 32, 33, 34, 36, 51, 52, 53, 56, 57, 58, 61, 62, 63, 64, 65, 66, 67, 68, 69, 70, 71, 72, 73, 74, 75, 76, 77, 80, 81, 82, 83, 84, 85, 86, 87, 90, 91, 92, 93, 96, 97, 98, 99, 100, 101, 102, 103, 106, 115], "summary": {"covered_lines": 72, "num_statements": 72, "percent_covered": 100.0, "percent_covered_display": "100", "missing_lines": 0, "excluded_lines": 0, "percent_statements_covered": 100.0, "percent_statements_covered_display": "100"}, "missing_lines": [], "excluded_lines": [], "start_line": 1}}, "classes": {"AtomType": {"executed_lines": [], "summary": {"covered_lines": 0, "num_statements": 0, "percent_covered": 100.0, "percent_covered_display": "100", "missing_lines": 0, "excluded_lines": 0, "percent_statements_covered": 100.0, "percent_statements_covered_display": "100"}, "missing_lines": [], "excluded_lines": [], "start_line": 11}, "EntityType": {"executed_lines": [], "summary": {"covered_lines": 0, "num_statements": 0, "percent_covered": 100.0, "percent_covered_display": "100", "missing_lines": 0, "excluded_lines": 0, "percent_statements_covered": 100.0, "percent_statements_covered_display": "100"}, "missing_lines": [], "excluded_lines": [], "start_line": 19}, "TruthValue": {"executed_lines": [38, 39, 40, 41, 46, 47, 48], "summary": {"covered_lines": 7, "num_statements": 8, "percent_covered": 87.5, "percent_covered_display": "88", "missing_lines": 1, "excluded_lines": 0, "percent_statements_covered": 87.5, "percent_statements_covered_display": "88"}, "missing_lines": [42], "excluded_lines": [], "start_line": 32}, "AttentionValue": {"executed_lines": [], "summary": {"covered_lines": 0, "num_statements": 0, "percent_covered": 100.0, "percent_covered_display": "100", "missing_lines": 0, "excluded_lines": 0, "percent_statements_covered": 100.0, "percent_statements_covered_display": "100"}, "missing_lines": [], "excluded_lines": [], "start_line": 51}, "Valence": {"executed_lines": [], "summary": {"covered_lines": 0, "num_statements": 0, "percent_covered": 100.0, "percent_covered_display": "100", "missing_lines": 0, "excluded_lines": 0, "percent_statements_covered": 100.0, "percent_statements_covered_display": "100"}, "missing_lines": [], "excluded_lines": [], "start_line": 56}, "Atom": {"executed_lines": [], "summary": {"covered_lines": 0, "num_statements": 0, "percent_covered": 100.0, "percent_covered_display": "100", "missing_lines": 0, "excluded_lines": 0, "percent_statements_covered": 100.0, "percent_statements_covered_display": "100"}, "missing_lines": [], "excluded_lines": [], "start_line": 61}, "Evidence": {"executed_lines": [], "summary": {"covered_lines": 0, "num_statements": 0, "percent_covered": 100.0, "percent_covered_display": "100", "missing_lines": 0, "excluded_lines": 0, "percent_statements_covered": 100.0, "percent_statements_covered_display": "100"}, "missing_lines": [], "excluded_lines": [], "start_line": 80}, "RecallResult": {"executed_lines": [], "summary": {"covered_lines": 0, "num_statements": 0, "percent_covered": 100.0, "percent_covered_display": "100", "missing_lines": 0, "excluded_lines": 0, "percent_statements_covered": 100.0, "percent_statements_covered_display": "100"}, "missing_lines": [], "excluded_lines": [], "start_line": 90}, "EpochResult": {"executed_lines": [], "summary": {"covered_lines": 0, "num_statements": 0, "percent_covered": 100.0, "percent_covered_display": "100", "missing_lines": 0, "excluded_lines": 0, "percent_statements_covered": 100.0, "percent_statements_covered_display": "100"}, "missing_lines": [], "excluded_lines": [], "start_line": 96}, "": {"executed_lines": [1, 3, 4, 5, 6, 8, 11, 12, 13, 14, 15, 16, 19, 20, 21, 22, 23, 24, 25, 26, 27, 28, 29, 32, 33, 34, 36, 51, 52, 53, 56, 57, 58, 61, 62, 63, 64, 65, 66, 67, 68, 69, 70, 71, 72, 73, 74, 75, 76, 77, 80, 81, 82, 83, 84, 85, 86, 87, 90, 91, 92, 93, 96, 97, 98, 99, 100, 101, 102, 103, 106, 107, 108, 109, 110, 115, 116, 117], "summary": {"covered_lines": 78, "num_statements": 80, "percent_covered": 97.5, "percent_covered_display": "98", "missing_lines": 2, "excluded_lines": 0, "percent_statements_covered": 97.5, "percent_statements_covered_display": "98"}, "missing_lines": [111, 112], "excluded_lines": [], "start_line": 1}}}, "src/smrti/evolution/__init__.py": {"executed_lines": [], "summary": {"covered_lines": 0, "num_statements": 0, "percent_covered": 100.0, "percent_covered_display": "100", "missing_lines": 0, "excluded_lines": 0, "percent_statements_covered": 100.0, "percent_statements_covered_display": "100"}, "missing_lines": [], "excluded_lines": [], "functions": {"": {"executed_lines": [], "summary": {"covered_lines": 0, "num_statements": 0, "percent_covered": 100.0, "percent_covered_display": "100", "missing_lines": 0, "excluded_lines": 0, "percent_statements_covered": 100.0, "percent_statements_covered_display": "100"}, "missing_lines": [], "excluded_lines": [], "start_line": 1}}, "classes": {"": {"executed_lines": [], "summary": {"covered_lines": 0, "num_statements": 0, "percent_covered": 100.0, "percent_covered_display": "100", "missing_lines": 0, "excluded_lines": 0, "percent_statements_covered": 100.0, "percent_statements_covered_display": "100"}, "missing_lines": [], "excluded_lines": [], "start_line": 1}}}, "src/smrti/evolution/attention.py": {"executed_lines": [2, 5, 7, 10, 12, 13, 14, 17, 24, 25, 26, 30, 31, 34, 38, 42, 43, 45, 46], "summary": {"covered_lines": 19, "num_statements": 20, "percent_covered": 95.0, "percent_covered_display": "95", "missing_lines": 1, "excluded_lines": 0, "percent_statements_covered": 95.0, "percent_statements_covered_display": "95"}, "missing_lines": [32], "excluded_lines": [], "functions": {"decay_sti": {"executed_lines": [7], "summary": {"covered_lines": 1, "num_statements": 1, "percent_covered": 100.0, "percent_covered_display": "100", "missing_lines": 0, "excluded_lines": 0, "percent_statements_covered": 100.0, "percent_statements_covered_display": "100"}, "missing_lines": [], "excluded_lines": [], "start_line": 5}, "promote_lti": {"executed_lines": [12, 13, 14], "summary": {"covered_lines": 3, "num_statements": 3, "percent_covered": 100.0, "percent_covered_display": "100", "missing_lines": 0, "excluded_lines": 0, "percent_statements_covered": 100.0, "percent_statements_covered_display": "100"}, "missing_lines": [], "excluded_lines": [], "start_line": 10}, "propagate_sti": {"executed_lines": [24, 25, 26, 30, 31, 34, 38, 42, 43, 45, 46], "summary": {"covered_lines": 11, "num_statements": 12, "percent_covered": 91.66666666666667, "percent_covered_display": "92", "missing_lines": 1, "excluded_lines": 0, "percent_statements_covered": 91.66666666666667, "percent_statements_covered_display": "92"}, "missing_lines": [32], "excluded_lines": [], "start_line": 17}, "": {"executed_lines": [2, 5, 10, 17], "summary": {"covered_lines": 4, "num_statements": 4, "percent_covered": 100.0, "percent_covered_display": "100", "missing_lines": 0, "excluded_lines": 0, "percent_statements_covered": 100.0, "percent_statements_covered_display": "100"}, "missing_lines": [], "excluded_lines": [], "start_line": 1}}, "classes": {"": {"executed_lines": [2, 5, 7, 10, 12, 13, 14, 17, 24, 25, 26, 30, 31, 34, 38, 42, 43, 45, 46], "summary": {"covered_lines": 19, "num_statements": 20, "percent_covered": 95.0, "percent_covered_display": "95", "missing_lines": 1, "excluded_lines": 0, "percent_statements_covered": 95.0, "percent_statements_covered_display": "95"}, "missing_lines": [32], "excluded_lines": [], "start_line": 1}}}, "src/smrti/evolution/connections.py": {"executed_lines": [2, 4, 5, 8, 18, 25, 27, 28, 29, 30, 32, 39, 45, 47, 48, 49, 50, 51, 52, 63], "summary": {"covered_lines": 20, "num_statements": 23, "percent_covered": 86.95652173913044, "percent_covered_display": "87", "missing_lines": 3, "excluded_lines": 0, "percent_statements_covered": 86.95652173913044, "percent_statements_covered_display": "87"}, "missing_lines": [54, 55, 61], "excluded_lines": [], "functions": {"discover_connections": {"executed_lines": [18, 25, 27, 28, 29, 30, 32, 39, 45, 47, 48, 49, 50, 51, 52, 63], "summary": {"covered_lines": 16, "num_statements": 19, "percent_covered": 84.21052631578948, "percent_covered_display": "84", "missing_lines": 3, "excluded_lines": 0, "percent_statements_covered": 84.21052631578948, "percent_statements_covered_display": "84"}, "missing_lines": [54, 55, 61], "excluded_lines": [], "start_line": 8}, "": {"executed_lines": [2, 4, 5, 8], "summary": {"covered_lines": 4, "num_statements": 4, "percent_covered": 100.0, "percent_covered_display": "100", "missing_lines": 0, "excluded_lines": 0, "percent_statements_covered": 100.0, "percent_statements_covered_display": "100"}, "missing_lines": [], "excluded_lines": [], "start_line": 1}}, "classes": {"": {"executed_lines": [2, 4, 5, 8, 18, 25, 27, 28, 29, 30, 32, 39, 45, 47, 48, 49, 50, 51, 52, 63], "summary": {"covered_lines": 20, "num_statements": 23, "percent_covered": 86.95652173913044, "percent_covered_display": "87", "missing_lines": 3, "excluded_lines": 0, "percent_statements_covered": 86.95652173913044, "percent_statements_covered_display": "87"}, "missing_lines": [54, 55, 61], "excluded_lines": [], "start_line": 1}}}, "src/smrti/evolution/epoch.py": {"executed_lines": [2, 4, 5, 6, 7, 8, 9, 12, 25, 29, 33, 35, 36, 37, 38, 39, 41, 45, 46, 55, 56, 59, 63, 64, 67, 68, 72, 75, 79, 82, 85, 89, 90, 100, 101, 102, 103, 104, 108, 109, 110, 111, 112, 115, 118, 122, 126, 130, 136, 142, 143, 145, 148, 151, 152, 157, 161, 164, 165, 170, 171, 177, 179, 180, 181, 185, 186, 187, 188, 190], "summary": {"covered_lines": 70, "num_statements": 71, "percent_covered": 98.59154929577464, "percent_covered_display": "99", "missing_lines": 1, "excluded_lines": 0, "percent_statements_covered": 98.59154929577464, "percent_statements_covered_display": "99"}, "missing_lines": [144], "excluded_lines": [], "functions": {"run_epoch": {"executed_lines": [25, 29, 33, 35, 36, 37, 38, 39, 41, 45, 46, 55, 56, 59, 63, 64, 67, 68, 72, 75, 79, 82, 85, 89, 90, 100, 101, 102, 103, 104, 108, 109, 110, 111, 112, 115, 118, 122, 126, 130, 136, 142, 143, 145, 148, 151, 152, 157, 161, 164, 165, 170, 171, 177, 179, 180, 181, 185, 186, 187, 188, 190], "summary": {"covered_lines": 62, "num_statements": 63, "percent_covered": 98.41269841269842, "percent_covered_display": "98", "missing_lines": 1, "excluded_lines": 0, "percent_statements_covered": 98.41269841269842, "percent_statements_covered_display": "98"}, "missing_lines": [144], "excluded_lines": [], "start_line": 12}, "": {"executed_lines": [2, 4, 5, 6, 7, 8, 9, 12], "summary": {"covered_lines": 8, "num_statements": 8, "percent_covered": 100.0, "percent_covered_display": "100", "missing_lines": 0, "excluded_lines": 0, "percent_statements_covered": 100.0, "percent_statements_covered_display": "100"}, "missing_lines": [], "excluded_lines": [], "start_line": 1}}, "classes": {"": {"executed_lines": [2, 4, 5, 6, 7, 8, 9, 12, 25, 29, 33, 35, 36, 37, 38, 39, 41, 45, 46, 55, 56, 59, 63, 64, 67, 68, 72, 75, 79, 82, 85, 89, 90, 100, 101, 102, 103, 104, 108, 109, 110, 111, 112, 115, 118, 122, 126, 130, 136, 142, 143, 145, 148, 151, 152, 157, 161, 164, 165, 170, 171, 177, 179, 180, 181, 185, 186, 187, 188, 190], "summary": {"covered_lines": 70, "num_statements": 71, "percent_covered": 98.59154929577464, "percent_covered_display": "99", "missing_lines": 1, "excluded_lines": 0, "percent_statements_covered": 98.59154929577464, "percent_statements_covered_display": "99"}, "missing_lines": [144], "excluded_lines": [], "start_line": 1}}}, "src/smrti/evolution/healing.py": {"executed_lines": [2, 4, 7, 18, 25, 26, 28, 32, 49, 50, 52, 53, 54, 57, 60, 66, 67, 68, 69, 74, 76, 79, 84, 89, 91, 92], "summary": {"covered_lines": 26, "num_statements": 27, "percent_covered": 96.29629629629629, "percent_covered_display": "96", "missing_lines": 1, "excluded_lines": 0, "percent_statements_covered": 96.29629629629629, "percent_statements_covered_display": "96"}, "missing_lines": [90], "excluded_lines": [], "functions": {"heal_orphaned_episodes": {"executed_lines": [18, 25, 26, 28, 32, 49, 50, 52, 53, 54, 57, 60, 66, 67, 68, 69, 74, 76], "summary": {"covered_lines": 18, "num_statements": 18, "percent_covered": 100.0, "percent_covered_display": "100", "missing_lines": 0, "excluded_lines": 0, "percent_statements_covered": 100.0, "percent_statements_covered_display": "100"}, "missing_lines": [], "excluded_lines": [], "start_line": 7}, "_create_relation": {"executed_lines": [84, 89, 91, 92], "summary": {"covered_lines": 4, "num_statements": 5, "percent_covered": 80.0, "percent_covered_display": "80", "missing_lines": 1, "excluded_lines": 0, "percent_statements_covered": 80.0, "percent_statements_covered_display": "80"}, "missing_lines": [90], "excluded_lines": [], "start_line": 79}, "": {"executed_lines": [2, 4, 7, 79], "summary": {"covered_lines": 4, "num_statements": 4, "percent_covered": 100.0, "percent_covered_display": "100", "missing_lines": 0, "excluded_lines": 0, "percent_statements_covered": 100.0, "percent_statements_covered_display": "100"}, "missing_lines": [], "excluded_lines": [], "start_line": 1}}, "classes": {"": {"executed_lines": [2, 4, 7, 18, 25, 26, 28, 32, 49, 50, 52, 53, 54, 57, 60, 66, 67, 68, 69, 74, 76, 79, 84, 89, 91, 92], "summary": {"covered_lines": 26, "num_statements": 27, "percent_covered": 96.29629629629629, "percent_covered_display": "96", "missing_lines": 1, "excluded_lines": 0, "percent_statements_covered": 96.29629629629629, "percent_statements_covered_display": "96"}, "missing_lines": [90], "excluded_lines": [], "start_line": 1}}}, "src/smrti/evolution/truth.py": {"executed_lines": [2, 4, 7, 18, 19, 22, 23, 29], "summary": {"covered_lines": 8, "num_statements": 9, "percent_covered": 88.88888888888889, "percent_covered_display": "89", "missing_lines": 1, "excluded_lines": 0, "percent_statements_covered": 88.88888888888889, "percent_statements_covered_display": "89"}, "missing_lines": [31], "excluded_lines": [], "functions": {"update_truth": {"executed_lines": [18, 19, 22, 23], "summary": {"covered_lines": 4, "num_statements": 4, "percent_covered": 100.0, "percent_covered_display": "100", "missing_lines": 0, "excluded_lines": 0, "percent_statements_covered": 100.0, "percent_statements_covered_display": "100"}, "missing_lines": [], "excluded_lines": [], "start_line": 7}, "pln_merge": {"executed_lines": [], "summary": {"covered_lines": 0, "num_statements": 1, "percent_covered": 0.0, "percent_covered_display": "0", "missing_lines": 1, "excluded_lines": 0, "percent_statements_covered": 0.0, "percent_statements_covered_display": "0"}, "missing_lines": [31], "excluded_lines": [], "start_line": 29}, "": {"executed_lines": [2, 4, 7, 29], "summary": {"covered_lines": 4, "num_statements": 4, "percent_covered": 100.0, "percent_covered_display": "100", "missing_lines": 0, "excluded_lines": 0, "percent_statements_covered": 100.0, "percent_statements_covered_display": "100"}, "missing_lines": [], "excluded_lines": [], "start_line": 1}}, "classes": {"": {"executed_lines": [2, 4, 7, 18, 19, 22, 23, 29], "summary": {"covered_lines": 8, "num_statements": 9, "percent_covered": 88.88888888888889, "percent_covered_display": "89", "missing_lines": 1, "excluded_lines": 0, "percent_statements_covered": 88.88888888888889, "percent_statements_covered_display": "89"}, "missing_lines": [31], "excluded_lines": [], "start_line": 1}}}, "src/smrti/evolution/valence.py": {"executed_lines": [2, 5, 21, 22, 24, 25, 27, 28, 33, 34, 37, 41, 45, 46, 48, 49], "summary": {"covered_lines": 16, "num_statements": 17, "percent_covered": 94.11764705882354, "percent_covered_display": "94", "missing_lines": 1, "excluded_lines": 0, "percent_statements_covered": 94.11764705882354, "percent_statements_covered_display": "94"}, "missing_lines": [35], "excluded_lines": [], "functions": {"propagate_valence": {"executed_lines": [21, 22, 24, 25, 27, 28, 33, 34, 37, 41, 45, 46, 48, 49], "summary": {"covered_lines": 14, "num_statements": 15, "percent_covered": 93.33333333333333, "percent_covered_display": "93", "missing_lines": 1, "excluded_lines": 0, "percent_statements_covered": 93.33333333333333, "percent_statements_covered_display": "93"}, "missing_lines": [35], "excluded_lines": [], "start_line": 5}, "": {"executed_lines": [2, 5], "summary": {"covered_lines": 2, "num_statements": 2, "percent_covered": 100.0, "percent_covered_display": "100", "missing_lines": 0, "excluded_lines": 0, "percent_statements_covered": 100.0, "percent_statements_covered_display": "100"}, "missing_lines": [], "excluded_lines": [], "start_line": 1}}, "classes": {"": {"executed_lines": [2, 5, 21, 22, 24, 25, 27, 28, 33, 34, 37, 41, 45, 46, 48, 49], "summary": {"covered_lines": 16, "num_statements": 17, "percent_covered": 94.11764705882354, "percent_covered_display": "94", "missing_lines": 1, "excluded_lines": 0, "percent_statements_covered": 94.11764705882354, "percent_statements_covered_display": "94"}, "missing_lines": [35], "excluded_lines": [], "start_line": 1}}}, "src/smrti/extraction/__init__.py": {"executed_lines": [], "summary": {"covered_lines": 0, "num_statements": 0, "percent_covered": 100.0, "percent_covered_display": "100", "missing_lines": 0, "excluded_lines": 0, "percent_statements_covered": 100.0, "percent_statements_covered_display": "100"}, "missing_lines": [], "excluded_lines": [], "functions": {"": {"executed_lines": [], "summary": {"covered_lines": 0, "num_statements": 0, "percent_covered": 100.0, "percent_covered_display": "100", "missing_lines": 0, "excluded_lines": 0, "percent_statements_covered": 100.0, "percent_statements_covered_display": "100"}, "missing_lines": [], "excluded_lines": [], "start_line": 1}}, "classes": {"": {"executed_lines": [], "summary": {"covered_lines": 0, "num_statements": 0, "percent_covered": 100.0, "percent_covered_display": "100", "missing_lines": 0, "excluded_lines": 0, "percent_statements_covered": 100.0, "percent_statements_covered_display": "100"}, "missing_lines": [], "excluded_lines": [], "start_line": 1}}}, "src/smrti/extraction/aliases.py": {"executed_lines": [2, 5, 6, 7, 9, 11, 12, 16, 18, 20, 25, 26, 30, 32, 33], "summary": {"covered_lines": 15, "num_statements": 15, "percent_covered": 100.0, "percent_covered_display": "100", "missing_lines": 0, "excluded_lines": 0, "percent_statements_covered": 100.0, "percent_statements_covered_display": "100"}, "missing_lines": [], "excluded_lines": [], "functions": {"AliasManager.__init__": {"executed_lines": [7], "summary": {"covered_lines": 1, "num_statements": 1, "percent_covered": 100.0, "percent_covered_display": "100", "missing_lines": 0, "excluded_lines": 0, "percent_statements_covered": 100.0, "percent_statements_covered_display": "100"}, "missing_lines": [], "excluded_lines": [], "start_line": 6}, "AliasManager.lookup": {"executed_lines": [11, 12, 16], "summary": {"covered_lines": 3, "num_statements": 3, "percent_covered": 100.0, "percent_covered_display": "100", "missing_lines": 0, "excluded_lines": 0, "percent_statements_covered": 100.0, "percent_statements_covered_display": "100"}, "missing_lines": [], "excluded_lines": [], "start_line": 9}, "AliasManager.add": {"executed_lines": [20], "summary": {"covered_lines": 1, "num_statements": 1, "percent_covered": 100.0, "percent_covered_display": "100", "missing_lines": 0, "excluded_lines": 0, "percent_statements_covered": 100.0, "percent_statements_covered_display": "100"}, "missing_lines": [], "excluded_lines": [], "start_line": 18}, "AliasManager.get_all_for_atom": {"executed_lines": [26, 30], "summary": {"covered_lines": 2, "num_statements": 2, "percent_covered": 100.0, "percent_covered_display": "100", "missing_lines": 0, "excluded_lines": 0, "percent_statements_covered": 100.0, "percent_statements_covered_display": "100"}, "missing_lines": [], "excluded_lines": [], "start_line": 25}, "AliasManager.delete_for_atom": {"executed_lines": [33], "summary": {"covered_lines": 1, "num_statements": 1, "percent_covered": 100.0, "percent_covered_display": "100", "missing_lines": 0, "excluded_lines": 0, "percent_statements_covered": 100.0, "percent_statements_covered_display": "100"}, "missing_lines": [], "excluded_lines": [], "start_line": 32}, "": {"executed_lines": [2, 5, 6, 9, 18, 25, 32], "summary": {"covered_lines": 7, "num_statements": 7, "percent_covered": 100.0, "percent_covered_display": "100", "missing_lines": 0, "excluded_lines": 0, "percent_statements_covered": 100.0, "percent_statements_covered_display": "100"}, "missing_lines": [], "excluded_lines": [], "start_line": 1}}, "classes": {"AliasManager": {"executed_lines": [7, 11, 12, 16, 20, 26, 30, 33], "summary": {"covered_lines": 8, "num_statements": 8, "percent_covered": 100.0, "percent_covered_display": "100", "missing_lines": 0, "excluded_lines": 0, "percent_statements_covered": 100.0, "percent_statements_covered_display": "100"}, "missing_lines": [], "excluded_lines": [], "start_line": 5}, "": {"executed_lines": [2, 5, 6, 9, 18, 25, 32], "summary": {"covered_lines": 7, "num_statements": 7, "percent_covered": 100.0, "percent_covered_display": "100", "missing_lines": 0, "excluded_lines": 0, "percent_statements_covered": 100.0, "percent_statements_covered_display": "100"}, "missing_lines": [], "excluded_lines": [], "start_line": 1}}}, "src/smrti/extraction/extract.py": {"executed_lines": [2, 4, 5, 6, 7, 8, 10, 12, 17, 19, 21, 24, 27, 33, 34, 39, 41, 42, 43, 46, 60, 62, 63, 64, 70, 72, 73, 82, 83, 97, 98, 99, 105, 106, 107, 116, 117, 118, 120, 121, 124, 127, 129, 136, 139, 147, 156, 157, 158, 159, 160, 161, 167, 169, 170, 171, 183, 194, 196, 197, 200, 201, 202, 203, 204, 208, 209, 211, 212, 213, 214, 217, 219, 221, 222, 223, 224, 225, 226, 227, 228, 229, 232, 233, 234, 235, 236, 237, 238, 239, 240, 241, 245, 248, 250, 251, 252, 253, 254, 255, 256, 258, 265, 266, 267, 268, 276, 284, 285, 289, 296, 298, 299, 300, 309, 323, 326, 327, 328, 341, 424, 442, 443, 444, 447, 448, 449, 451, 452, 453, 454, 455, 459, 460, 461, 462, 463, 466, 469, 470, 471, 474, 475, 477, 478, 481, 482, 489, 490, 491, 492, 493, 494, 498, 499, 500, 501, 506, 508, 511, 512, 513, 515, 516, 519, 522, 526, 527, 528, 547, 549, 555, 571, 572, 573, 574, 575], "summary": {"covered_lines": 177, "num_statements": 260, "percent_covered": 68.07692307692308, "percent_covered_display": "68", "missing_lines": 83, "excluded_lines": 2, "percent_statements_covered": 68.07692307692308, "percent_statements_covered_display": "68"}, "missing_lines": [35, 36, 108, 109, 111, 112, 113, 114, 115, 172, 176, 177, 178, 179, 180, 215, 218, 220, 259, 260, 261, 262, 263, 264, 277, 281, 282, 290, 330, 331, 332, 334, 335, 354, 356, 360, 362, 363, 364, 370, 371, 380, 381, 395, 396, 397, 403, 404, 405, 406, 407, 408, 409, 410, 411, 412, 413, 414, 415, 417, 418, 456, 457, 464, 502, 503, 504, 505, 520, 529, 530, 531, 532, 533, 534, 535, 536, 537, 538, 539, 541, 545, 546], "excluded_lines": [14, 15], "functions": {"_apply_thinking_mode": {"executed_lines": [33, 34], "summary": {"covered_lines": 2, "num_statements": 4, "percent_covered": 50.0, "percent_covered_display": "50", "missing_lines": 2, "excluded_lines": 0, "percent_statements_covered": 50.0, "percent_statements_covered_display": "50"}, "missing_lines": [35, 36], "excluded_lines": [], "start_line": 27}, "_get_http": {"executed_lines": [41, 42, 43], "summary": {"covered_lines": 3, "num_statements": 3, "percent_covered": 100.0, "percent_covered_display": "100", "missing_lines": 0, "excluded_lines": 0, "percent_statements_covered": 100.0, "percent_statements_covered_display": "100"}, "missing_lines": [], "excluded_lines": [], "start_line": 39}, "extract_knowledge": {"executed_lines": [60, 62, 63, 64, 70, 72, 73, 82, 83, 97, 98, 99, 105, 106, 107, 116, 117, 118, 120, 121], "summary": {"covered_lines": 20, "num_statements": 27, "percent_covered": 74.07407407407408, "percent_covered_display": "74", "missing_lines": 7, "excluded_lines": 0, "percent_statements_covered": 74.07407407407408, "percent_statements_covered_display": "74"}, "missing_lines": [108, 109, 111, 112, 113, 114, 115], "excluded_lines": [], "start_line": 46}, "_get_salient_person": {"executed_lines": [129, 136], "summary": {"covered_lines": 2, "num_statements": 2, "percent_covered": 100.0, "percent_covered_display": "100", "missing_lines": 0, "excluded_lines": 0, "percent_statements_covered": 100.0, "percent_statements_covered_display": "100"}, "missing_lines": [], "excluded_lines": [], "start_line": 127}, "_build_entity_context": {"executed_lines": [147, 156, 157, 158, 159, 160, 161], "summary": {"covered_lines": 7, "num_statements": 7, "percent_covered": 100.0, "percent_covered_display": "100", "missing_lines": 0, "excluded_lines": 0, "percent_statements_covered": 100.0, "percent_statements_covered_display": "100"}, "missing_lines": [], "excluded_lines": [], "start_line": 139}, "_db_resolve_label": {"executed_lines": [169, 170, 171], "summary": {"covered_lines": 3, "num_statements": 9, "percent_covered": 33.333333333333336, "percent_covered_display": "33", "missing_lines": 6, "excluded_lines": 0, "percent_statements_covered": 33.333333333333336, "percent_statements_covered_display": "33"}, "missing_lines": [172, 176, 177, 178, 179, 180], "excluded_lines": [], "start_line": 167}, "_resolve_ner_entities": {"executed_lines": [194, 196, 197, 200, 201, 202, 203, 204, 208, 209, 211, 212, 213, 214, 217, 219, 221, 222, 223, 224, 225, 226, 227, 228, 229, 232, 233, 234, 235, 236, 237, 238, 239, 240, 241, 245], "summary": {"covered_lines": 36, "num_statements": 39, "percent_covered": 92.3076923076923, "percent_covered_display": "92", "missing_lines": 3, "excluded_lines": 0, "percent_statements_covered": 92.3076923076923, "percent_statements_covered_display": "92"}, "missing_lines": [215, 218, 220], "excluded_lines": [], "start_line": 183}, "_link_claims": {"executed_lines": [250, 251, 252, 253, 254, 255, 256, 258, 265, 266, 267, 268, 276, 284, 285, 289], "summary": {"covered_lines": 16, "num_statements": 26, "percent_covered": 61.53846153846154, "percent_covered_display": "62", "missing_lines": 10, "excluded_lines": 0, "percent_statements_covered": 61.53846153846154, "percent_statements_covered_display": "62"}, "missing_lines": [259, 260, 261, 262, 263, 264, 277, 281, 282, 290], "excluded_lines": [], "start_line": 248}, "_promote_to_goal": {"executed_lines": [298, 299, 300], "summary": {"covered_lines": 3, "num_statements": 3, "percent_covered": 100.0, "percent_covered_display": "100", "missing_lines": 0, "excluded_lines": 0, "percent_statements_covered": 100.0, "percent_statements_covered_display": "100"}, "missing_lines": [], "excluded_lines": [], "start_line": 296}, "extract_and_link": {"executed_lines": [323, 326, 327, 328], "summary": {"covered_lines": 4, "num_statements": 7, "percent_covered": 57.142857142857146, "percent_covered_display": "57", "missing_lines": 3, "excluded_lines": 0, "percent_statements_covered": 57.142857142857146, "percent_statements_covered_display": "57"}, "missing_lines": [330, 334, 335], "excluded_lines": [], "start_line": 309}, "extract_and_link._sync_work": {"executed_lines": [], "summary": {"covered_lines": 0, "num_statements": 2, "percent_covered": 0.0, "percent_covered_display": "0", "missing_lines": 2, "excluded_lines": 0, "percent_statements_covered": 0.0, "percent_statements_covered_display": "0"}, "missing_lines": [331, 332], "excluded_lines": [], "start_line": 330}, "extract_claims_only": {"executed_lines": [], "summary": {"covered_lines": 0, "num_statements": 28, "percent_covered": 0.0, "percent_covered_display": "0", "missing_lines": 28, "excluded_lines": 0, "percent_statements_covered": 0.0, "percent_statements_covered_display": "0"}, "missing_lines": [354, 356, 360, 362, 363, 364, 370, 371, 380, 381, 395, 396, 397, 403, 404, 405, 406, 407, 408, 409, 410, 411, 412, 413, 414, 415, 417, 418], "excluded_lines": [], "start_line": 341}, "extract_and_link_hybrid": {"executed_lines": [442, 443, 444, 447, 448, 449, 451, 452, 453, 454, 455, 459, 460, 461, 462, 463, 466, 469, 470, 471, 474, 477, 478, 481, 482, 489, 490, 508, 511, 512, 513, 515, 516, 519, 522, 549], "summary": {"covered_lines": 36, "num_statements": 40, "percent_covered": 90.0, "percent_covered_display": "90", "missing_lines": 4, "excluded_lines": 0, "percent_statements_covered": 90.0, "percent_statements_covered_display": "90"}, "missing_lines": [456, 457, 464, 520], "excluded_lines": [], "start_line": 424}, "extract_and_link_hybrid._sync_resolve": {"executed_lines": [475], "summary": {"covered_lines": 1, "num_statements": 1, "percent_covered": 100.0, "percent_covered_display": "100", "missing_lines": 0, "excluded_lines": 0, "percent_statements_covered": 100.0, "percent_statements_covered_display": "100"}, "missing_lines": [], "excluded_lines": [], "start_line": 474}, "extract_and_link_hybrid._inject_speaker_if_missing": {"executed_lines": [491, 492, 493, 494, 498, 499, 500, 501, 506], "summary": {"covered_lines": 9, "num_statements": 13, "percent_covered": 69.23076923076923, "percent_covered_display": "69", "missing_lines": 4, "excluded_lines": 0, "percent_statements_covered": 69.23076923076923, "percent_statements_covered_display": "69"}, "missing_lines": [502, 503, 504, 505], "excluded_lines": [], "start_line": 490}, "extract_and_link_hybrid._sync_resolve_and_link": {"executed_lines": [526, 527, 528, 547], "summary": {"covered_lines": 4, "num_statements": 18, "percent_covered": 22.22222222222222, "percent_covered_display": "22", "missing_lines": 14, "excluded_lines": 0, "percent_statements_covered": 22.22222222222222, "percent_statements_covered_display": "22"}, "missing_lines": [529, 530, 531, 532, 533, 534, 535, 536, 537, 538, 539, 541, 545, 546], "excluded_lines": [], "start_line": 522}, "extract_and_link_serialized": {"executed_lines": [571, 572, 573, 574, 575], "summary": {"covered_lines": 5, "num_statements": 5, "percent_covered": 100.0, "percent_covered_display": "100", "missing_lines": 0, "excluded_lines": 0, "percent_statements_covered": 100.0, "percent_statements_covered_display": "100"}, "missing_lines": [], "excluded_lines": [], "start_line": 555}, "": {"executed_lines": [2, 4, 5, 6, 7, 8, 10, 12, 17, 19, 21, 24, 27, 39, 46, 124, 127, 139, 167, 183, 248, 296, 309, 341, 424, 555], "summary": {"covered_lines": 26, "num_statements": 26, "percent_covered": 100.0, "percent_covered_display": "100", "missing_lines": 0, "excluded_lines": 2, "percent_statements_covered": 100.0, "percent_statements_covered_display": "100"}, "missing_lines": [], "excluded_lines": [14, 15], "start_line": 1}}, "classes": {"": {"executed_lines": [2, 4, 5, 6, 7, 8, 10, 12, 17, 19, 21, 24, 27, 33, 34, 39, 41, 42, 43, 46, 60, 62, 63, 64, 70, 72, 73, 82, 83, 97, 98, 99, 105, 106, 107, 116, 117, 118, 120, 121, 124, 127, 129, 136, 139, 147, 156, 157, 158, 159, 160, 161, 167, 169, 170, 171, 183, 194, 196, 197, 200, 201, 202, 203, 204, 208, 209, 211, 212, 213, 214, 217, 219, 221, 222, 223, 224, 225, 226, 227, 228, 229, 232, 233, 234, 235, 236, 237, 238, 239, 240, 241, 245, 248, 250, 251, 252, 253, 254, 255, 256, 258, 265, 266, 267, 268, 276, 284, 285, 289, 296, 298, 299, 300, 309, 323, 326, 327, 328, 341, 424, 442, 443, 444, 447, 448, 449, 451, 452, 453, 454, 455, 459, 460, 461, 462, 463, 466, 469, 470, 471, 474, 475, 477, 478, 481, 482, 489, 490, 491, 492, 493, 494, 498, 499, 500, 501, 506, 508, 511, 512, 513, 515, 516, 519, 522, 526, 527, 528, 547, 549, 555, 571, 572, 573, 574, 575], "summary": {"covered_lines": 177, "num_statements": 260, "percent_covered": 68.07692307692308, "percent_covered_display": "68", "missing_lines": 83, "excluded_lines": 2, "percent_statements_covered": 68.07692307692308, "percent_statements_covered_display": "68"}, "missing_lines": [35, 36, 108, 109, 111, 112, 113, 114, 115, 172, 176, 177, 178, 179, 180, 215, 218, 220, 259, 260, 261, 262, 263, 264, 277, 281, 282, 290, 330, 331, 332, 334, 335, 354, 356, 360, 362, 363, 364, 370, 371, 380, 381, 395, 396, 397, 403, 404, 405, 406, 407, 408, 409, 410, 411, 412, 413, 414, 415, 417, 418, 456, 457, 464, 502, 503, 504, 505, 520, 529, 530, 531, 532, 533, 534, 535, 536, 537, 538, 539, 541, 545, 546], "excluded_lines": [14, 15], "start_line": 1}}}, "src/smrti/extraction/ner.py": {"executed_lines": [2, 4, 5, 6, 9, 12, 13, 16, 17, 18, 20, 21, 22, 23, 24, 26, 27, 32, 33, 35, 45, 46, 47, 48, 50, 55, 62, 63, 64, 65, 66, 67, 68, 69, 76, 77, 78, 83, 84, 88, 90, 95, 97, 98, 101, 102, 103, 104, 105, 106, 112, 119, 120, 121, 122, 132, 154, 156, 157, 160, 163, 164, 165, 166, 167], "summary": {"covered_lines": 65, "num_statements": 81, "percent_covered": 80.24691358024691, "percent_covered_display": "80", "missing_lines": 16, "excluded_lines": 0, "percent_statements_covered": 80.24691358024691, "percent_statements_covered_display": "80"}, "missing_lines": [30, 31, 79, 96, 99, 100, 107, 108, 109, 123, 124, 125, 126, 127, 128, 129], "excluded_lines": [], "functions": {"NERProvider.__init__": {"executed_lines": [13, 16, 17, 18], "summary": {"covered_lines": 4, "num_statements": 4, "percent_covered": 100.0, "percent_covered_display": "100", "missing_lines": 0, "excluded_lines": 0, "percent_statements_covered": 100.0, "percent_statements_covered_display": "100"}, "missing_lines": [], "excluded_lines": [], "start_line": 12}, "NERProvider._get_model": {"executed_lines": [21, 22, 23, 24, 26, 27, 32, 33], "summary": {"covered_lines": 8, "num_statements": 10, "percent_covered": 80.0, "percent_covered_display": "80", "missing_lines": 2, "excluded_lines": 0, "percent_statements_covered": 80.0, "percent_statements_covered_display": "80"}, "missing_lines": [30, 31], "excluded_lines": [], "start_line": 20}, "NERProvider.extract": {"executed_lines": [45, 46, 47, 48, 50, 55, 62, 63, 64, 65, 66, 67, 68, 69, 76, 77, 78, 83, 84, 88], "summary": {"covered_lines": 20, "num_statements": 21, "percent_covered": 95.23809523809524, "percent_covered_display": "95", "missing_lines": 1, "excluded_lines": 0, "percent_statements_covered": 95.23809523809524, "percent_statements_covered_display": "95"}, "missing_lines": [79], "excluded_lines": [], "start_line": 35}, "NERProvider.classify_pronoun": {"executed_lines": [95, 97, 98, 101, 102, 103, 104, 105, 106], "summary": {"covered_lines": 9, "num_statements": 15, "percent_covered": 60.0, "percent_covered_display": "60", "missing_lines": 6, "excluded_lines": 0, "percent_statements_covered": 60.0, "percent_statements_covered_display": "60"}, "missing_lines": [96, 99, 100, 107, 108, 109], "excluded_lines": [], "start_line": 90}, "_is_verb_phrase": {"executed_lines": [119, 120, 121, 122], "summary": {"covered_lines": 4, "num_statements": 11, "percent_covered": 36.36363636363637, "percent_covered_display": "36", "missing_lines": 7, "excluded_lines": 0, "percent_statements_covered": 36.36363636363637, "percent_statements_covered_display": "36"}, "missing_lines": [123, 124, 125, 126, 127, 128, 129], "excluded_lines": [], "start_line": 112}, "get_ner": {"executed_lines": [163, 164, 165, 166, 167], "summary": {"covered_lines": 5, "num_statements": 5, "percent_covered": 100.0, "percent_covered_display": "100", "missing_lines": 0, "excluded_lines": 0, "percent_statements_covered": 100.0, "percent_statements_covered_display": "100"}, "missing_lines": [], "excluded_lines": [], "start_line": 160}, "": {"executed_lines": [2, 4, 5, 6, 9, 12, 20, 35, 90, 112, 132, 154, 156, 157, 160], "summary": {"covered_lines": 15, "num_statements": 15, "percent_covered": 100.0, "percent_covered_display": "100", "missing_lines": 0, "excluded_lines": 0, "percent_statements_covered": 100.0, "percent_statements_covered_display": "100"}, "missing_lines": [], "excluded_lines": [], "start_line": 1}}, "classes": {"NERProvider": {"executed_lines": [13, 16, 17, 18, 21, 22, 23, 24, 26, 27, 32, 33, 45, 46, 47, 48, 50, 55, 62, 63, 64, 65, 66, 67, 68, 69, 76, 77, 78, 83, 84, 88, 95, 97, 98, 101, 102, 103, 104, 105, 106], "summary": {"covered_lines": 41, "num_statements": 50, "percent_covered": 82.0, "percent_covered_display": "82", "missing_lines": 9, "excluded_lines": 0, "percent_statements_covered": 82.0, "percent_statements_covered_display": "82"}, "missing_lines": [30, 31, 79, 96, 99, 100, 107, 108, 109], "excluded_lines": [], "start_line": 9}, "": {"executed_lines": [2, 4, 5, 6, 9, 12, 20, 35, 90, 112, 119, 120, 121, 122, 132, 154, 156, 157, 160, 163, 164, 165, 166, 167], "summary": {"covered_lines": 24, "num_statements": 31, "percent_covered": 77.41935483870968, "percent_covered_display": "77", "missing_lines": 7, "excluded_lines": 0, "percent_statements_covered": 77.41935483870968, "percent_statements_covered_display": "77"}, "missing_lines": [123, 124, 125, 126, 127, 128, 129], "excluded_lines": [], "start_line": 1}}}, "src/smrti/extraction/prompts.py": {"executed_lines": [1, 201, 220, 262], "summary": {"covered_lines": 4, "num_statements": 4, "percent_covered": 100.0, "percent_covered_display": "100", "missing_lines": 0, "excluded_lines": 0, "percent_statements_covered": 100.0, "percent_statements_covered_display": "100"}, "missing_lines": [], "excluded_lines": [], "functions": {"": {"executed_lines": [1, 201, 220, 262], "summary": {"covered_lines": 4, "num_statements": 4, "percent_covered": 100.0, "percent_covered_display": "100", "missing_lines": 0, "excluded_lines": 0, "percent_statements_covered": 100.0, "percent_statements_covered_display": "100"}, "missing_lines": [], "excluded_lines": [], "start_line": 1}}, "classes": {"": {"executed_lines": [1, 201, 220, 262], "summary": {"covered_lines": 4, "num_statements": 4, "percent_covered": 100.0, "percent_covered_display": "100", "missing_lines": 0, "excluded_lines": 0, "percent_statements_covered": 100.0, "percent_statements_covered_display": "100"}, "missing_lines": [], "excluded_lines": [], "start_line": 1}}}, "src/smrti/extraction/pronouns.py": {"executed_lines": [2, 4, 10, 22, 23, 24, 25, 26, 27, 29, 30, 31, 33, 37, 38, 43, 46, 62, 63, 64, 65, 66, 68, 70, 71, 75, 81, 82, 83, 84, 85, 90, 92, 94, 95, 97, 99, 100, 101, 103, 104, 105, 106, 107, 109, 110, 115, 117, 118, 121, 124, 131, 132, 133, 134, 135, 136, 137, 138, 139, 140, 141, 142, 143, 146, 155, 156, 159, 163, 169, 175, 176, 182, 188, 204, 205, 208, 218, 226, 227, 228], "summary": {"covered_lines": 81, "num_statements": 84, "percent_covered": 96.42857142857143, "percent_covered_display": "96", "missing_lines": 3, "excluded_lines": 2, "percent_statements_covered": 96.42857142857143, "percent_statements_covered_display": "96"}, "missing_lines": [28, 111, 113], "excluded_lines": [6, 7], "functions": {"resolve_pronouns_via_aliases": {"executed_lines": [22, 23, 24, 25, 26, 27, 29, 30, 31, 33, 37, 38, 43], "summary": {"covered_lines": 13, "num_statements": 14, "percent_covered": 92.85714285714286, "percent_covered_display": "93", "missing_lines": 1, "excluded_lines": 0, "percent_statements_covered": 92.85714285714286, "percent_statements_covered_display": "93"}, "missing_lines": [28], "excluded_lines": [], "start_line": 10}, "merge_pronoun_entities_in_batch": {"executed_lines": [62, 63, 64, 65, 66, 68, 70, 71, 75, 81, 82, 83, 84, 85, 90, 92, 94, 95, 97, 99, 100, 101, 103, 104, 105, 106, 107, 109, 110, 115, 117, 118, 121], "summary": {"covered_lines": 33, "num_statements": 35, "percent_covered": 94.28571428571429, "percent_covered_display": "94", "missing_lines": 2, "excluded_lines": 0, "percent_statements_covered": 94.28571428571429, "percent_statements_covered_display": "94"}, "missing_lines": [111, 113], "excluded_lines": [], "start_line": 46}, "_merge_pronouns_into_target": {"executed_lines": [131, 132, 133, 134, 135, 136, 137, 138, 139, 140, 141, 142, 143], "summary": {"covered_lines": 13, "num_statements": 13, "percent_covered": 100.0, "percent_covered_display": "100", "missing_lines": 0, "excluded_lines": 0, "percent_statements_covered": 100.0, "percent_statements_covered_display": "100"}, "missing_lines": [], "excluded_lines": [], "start_line": 124}, "merge_pronoun_into_named": {"executed_lines": [155, 156, 159, 163, 169, 175, 176, 182, 188, 204, 205], "summary": {"covered_lines": 11, "num_statements": 11, "percent_covered": 100.0, "percent_covered_display": "100", "missing_lines": 0, "excluded_lines": 0, "percent_statements_covered": 100.0, "percent_statements_covered_display": "100"}, "missing_lines": [], "excluded_lines": [], "start_line": 146}, "find_and_merge_pronoun_atoms": {"executed_lines": [218, 226, 227, 228], "summary": {"covered_lines": 4, "num_statements": 4, "percent_covered": 100.0, "percent_covered_display": "100", "missing_lines": 0, "excluded_lines": 0, "percent_statements_covered": 100.0, "percent_statements_covered_display": "100"}, "missing_lines": [], "excluded_lines": [], "start_line": 208}, "": {"executed_lines": [2, 4, 10, 46, 124, 146, 208], "summary": {"covered_lines": 7, "num_statements": 7, "percent_covered": 100.0, "percent_covered_display": "100", "missing_lines": 0, "excluded_lines": 2, "percent_statements_covered": 100.0, "percent_statements_covered_display": "100"}, "missing_lines": [], "excluded_lines": [6, 7], "start_line": 1}}, "classes": {"": {"executed_lines": [2, 4, 10, 22, 23, 24, 25, 26, 27, 29, 30, 31, 33, 37, 38, 43, 46, 62, 63, 64, 65, 66, 68, 70, 71, 75, 81, 82, 83, 84, 85, 90, 92, 94, 95, 97, 99, 100, 101, 103, 104, 105, 106, 107, 109, 110, 115, 117, 118, 121, 124, 131, 132, 133, 134, 135, 136, 137, 138, 139, 140, 141, 142, 143, 146, 155, 156, 159, 163, 169, 175, 176, 182, 188, 204, 205, 208, 218, 226, 227, 228], "summary": {"covered_lines": 81, "num_statements": 84, "percent_covered": 96.42857142857143, "percent_covered_display": "96", "missing_lines": 3, "excluded_lines": 2, "percent_statements_covered": 96.42857142857143, "percent_statements_covered_display": "96"}, "missing_lines": [28, 111, 113], "excluded_lines": [6, 7], "start_line": 1}}}, "src/smrti/extraction/resolve.py": {"executed_lines": [2, 4, 5, 7, 10, 23, 30, 31, 32, 33, 35, 36, 38, 50, 53, 57, 58, 59, 66, 67, 71, 76, 77, 78, 79, 82, 86, 87, 88, 89, 96, 97, 98, 104, 105, 109, 115, 117, 118, 123, 129, 130, 131, 132, 138, 139, 140, 141, 148], "summary": {"covered_lines": 49, "num_statements": 60, "percent_covered": 81.66666666666667, "percent_covered_display": "82", "missing_lines": 11, "excluded_lines": 0, "percent_statements_covered": 81.66666666666667, "percent_statements_covered_display": "82"}, "missing_lines": [72, 73, 90, 91, 92, 93, 110, 111, 112, 145, 146], "excluded_lines": [], "functions": {"EntityResolver.__init__": {"executed_lines": [30, 31, 32, 33, 35, 36], "summary": {"covered_lines": 6, "num_statements": 6, "percent_covered": 100.0, "percent_covered_display": "100", "missing_lines": 0, "excluded_lines": 0, "percent_statements_covered": 100.0, "percent_statements_covered_display": "100"}, "missing_lines": [], "excluded_lines": [], "start_line": 23}, "EntityResolver.resolve": {"executed_lines": [50, 53, 57, 58, 59, 66, 67, 71, 76, 77, 78, 79, 82, 86, 87, 88, 89, 96, 97, 98, 104, 105, 109, 115], "summary": {"covered_lines": 24, "num_statements": 33, "percent_covered": 72.72727272727273, "percent_covered_display": "73", "missing_lines": 9, "excluded_lines": 0, "percent_statements_covered": 72.72727272727273, "percent_statements_covered_display": "73"}, "missing_lines": [72, 73, 90, 91, 92, 93, 110, 111, 112], "excluded_lines": [], "start_line": 38}, "EntityResolver._boost_sti": {"executed_lines": [118], "summary": {"covered_lines": 1, "num_statements": 1, "percent_covered": 100.0, "percent_covered_display": "100", "missing_lines": 0, "excluded_lines": 0, "percen
[...]
display": "100", "missing_lines": 0, "excluded_lines": 0, "percent_statements_covered": 100.0, "percent_statements_covered_display": "100"}, "missing_lines": [], "excluded_lines": [], "start_line": 367}, "_non_stream_proxy": {"executed_lines": [424, 429, 431, 434, 435, 436, 437, 438, 440, 441, 442, 444, 449], "summary": {"covered_lines": 13, "num_statements": 13, "percent_covered": 100.0, "percent_covered_display": "100", "missing_lines": 0, "excluded_lines": 0, "percent_statements_covered": 100.0, "percent_statements_covered_display": "100"}, "missing_lines": [], "excluded_lines": [], "start_line": 415}, "_stream_proxy": {"executed_lines": [461, 462, 463, 464, 465, 468, 469, 470, 471, 472, 474, 478, 482, 484, 485, 486, 487, 488, 489, 490, 493, 494, 496, 497, 502, 503, 504, 505, 507, 508, 510, 511, 512, 513, 514, 515, 516, 517], "summary": {"covered_lines": 38, "num_statements": 46, "percent_covered": 82.6086956521739, "percent_covered_display": "83", "missing_lines": 8, "excluded_lines": 0, "percent_statements_covered": 82.6086956521739, "percent_statements_covered_display": "83"}, "missing_lines": [475, 476, 479, 480, 498, 499, 500, 509], "excluded_lines": [], "start_line": 452}, "run_proxy_server": {"executed_lines": [], "summary": {"covered_lines": 0, "num_statements": 2, "percent_covered": 0.0, "percent_covered_display": "0", "missing_lines": 2, "excluded_lines": 0, "percent_statements_covered": 0.0, "percent_statements_covered_display": "0"}, "missing_lines": [521, 522], "excluded_lines": [], "start_line": 520}, "": {"executed_lines": [2, 4, 5, 6, 7, 8, 9, 10, 11, 12, 14, 15, 16, 17, 19, 20, 21, 22, 23, 24, 25, 26, 29, 30, 37, 38, 46, 47, 48, 49, 50, 52, 53, 54, 55, 56, 57, 60, 72, 86, 89, 96, 111, 120, 140, 154, 192, 205, 227, 301, 304, 348, 356, 359, 366, 367, 415, 452, 520], "summary": {"covered_lines": 59, "num_statements": 59, "percent_covered": 100.0, "percent_covered_display": "100", "missing_lines": 0, "excluded_lines": 0, "percent_statements_covered": 100.0, "percent_statements_covered_display": "100"}, "missing_lines": [], "excluded_lines": [], "start_line": 1}}, "classes": {"": {"executed_lines": [2, 4, 5, 6, 7, 8, 9, 10, 11, 12, 14, 15, 16, 17, 19, 20, 21, 22, 23, 24, 25, 26, 29, 30, 37, 38, 46, 47, 48, 49, 50, 52, 53, 54, 55, 56, 57, 60, 63, 64, 65, 66, 67, 68, 69, 72, 73, 74, 75, 76, 83, 86, 89, 96, 98, 100, 101, 103, 104, 105, 106, 108, 111, 112, 113, 114, 120, 140, 149, 150, 151, 154, 160, 161, 162, 192, 194, 195, 196, 197, 198, 199, 201, 202, 205, 207, 208, 213, 214, 215, 216, 218, 222, 224, 227, 234, 235, 236, 238, 239, 240, 242, 243, 244, 248, 252, 255, 256, 257, 259, 272, 273, 275, 276, 277, 282, 283, 287, 289, 290, 292, 293, 294, 296, 298, 301, 304, 317, 322, 323, 324, 325, 326, 328, 329, 330, 331, 332, 334, 335, 337, 339, 340, 341, 342, 343, 344, 345, 348, 349, 350, 351, 352, 353, 356, 359, 360, 366, 367, 368, 370, 371, 373, 374, 376, 379, 380, 382, 401, 403, 404, 411, 415, 424, 429, 431, 434, 435, 436, 437, 438, 440, 441, 442, 444, 449, 452, 461, 462, 463, 464, 465, 468, 469, 470, 471, 472, 474, 478, 482, 484, 485, 486, 487, 488, 489, 490, 493, 494, 496, 497, 502, 503, 504, 505, 507, 508, 510, 511, 512, 513, 514, 515, 516, 517, 520], "summary": {"covered_lines": 226, "num_statements": 268, "percent_covered": 84.32835820895522, "percent_covered_display": "84", "missing_lines": 42, "excluded_lines": 0, "percent_statements_covered": 84.32835820895522, "percent_statements_covered_display": "84"}, "missing_lines": [31, 32, 33, 34, 91, 92, 93, 121, 122, 123, 125, 129, 130, 131, 132, 133, 134, 163, 164, 166, 171, 173, 175, 176, 178, 179, 182, 183, 188, 189, 223, 253, 475, 476, 479, 480, 498, 499, 500, 509, 521, 522], "excluded_lines": [], "start_line": 1}}}, "src/smrti/servers/reflect_loop.py": {"executed_lines": [2, 4, 5, 6, 7, 9, 11, 13, 16, 22, 23, 25, 26, 27, 28, 29, 30, 31, 32], "summary": {"covered_lines": 19, "num_statements": 19, "percent_covered": 100.0, "percent_covered_display": "100", "missing_lines": 0, "excluded_lines": 0, "percent_statements_covered": 100.0, "percent_statements_covered_display": "100"}, "missing_lines": [], "excluded_lines": [], "functions": {"run_reflect_loop": {"executed_lines": [22, 23, 25, 26, 27, 28, 29, 30, 31, 32], "summary": {"covered_lines": 10, "num_statements": 10, "percent_covered": 100.0, "percent_covered_display": "100", "missing_lines": 0, "excluded_lines": 0, "percent_statements_covered": 100.0, "percent_statements_covered_display": "100"}, "missing_lines": [], "excluded_lines": [], "start_line": 16}, "": {"executed_lines": [2, 4, 5, 6, 7, 9, 11, 13, 16], "summary": {"covered_lines": 9, "num_statements": 9, "percent_covered": 100.0, "percent_covered_display": "100", "missing_lines": 0, "excluded_lines": 0, "percent_statements_covered": 100.0, "percent_statements_covered_display": "100"}, "missing_lines": [], "excluded_lines": [], "start_line": 1}}, "classes": {"": {"executed_lines": [2, 4, 5, 6, 7, 9, 11, 13, 16, 22, 23, 25, 26, 27, 28, 29, 30, 31, 32], "summary": {"covered_lines": 19, "num_statements": 19, "percent_covered": 100.0, "percent_covered_display": "100", "missing_lines": 0, "excluded_lines": 0, "percent_statements_covered": 100.0, "percent_statements_covered_display": "100"}, "missing_lines": [], "excluded_lines": [], "start_line": 1}}}, "src/smrti/servers/rest.py": {"executed_lines": [2, 4, 5, 6, 8, 9, 11, 12, 13, 14, 15, 18, 19, 20, 21, 22, 25, 32, 35, 42, 45, 46, 47, 48, 49, 52, 53, 54, 55, 58, 59, 60, 61, 64, 65, 66, 69, 70, 71, 72, 75, 76, 77, 78, 79, 80, 81, 82, 83, 86, 89, 90, 91, 94, 95, 96, 99, 100, 101, 104, 105, 106, 109, 110, 111, 114, 115, 116, 119, 120, 121, 122, 125], "summary": {"covered_lines": 73, "num_statements": 78, "percent_covered": 93.58974358974359, "percent_covered_display": "94", "missing_lines": 5, "excluded_lines": 0, "percent_statements_covered": 93.58974358974359, "percent_statements_covered_display": "94"}, "missing_lines": [37, 38, 39, 126, 127], "excluded_lines": [], "functions": {"lifespan": {"executed_lines": [20, 21, 22], "summary": {"covered_lines": 3, "num_statements": 3, "percent_covered": 100.0, "percent_covered_display": "100", "missing_lines": 0, "excluded_lines": 0, "percent_statements_covered": 100.0, "percent_statements_covered_display": "100"}, "missing_lines": [], "excluded_lines": [], "start_line": 19}, "get_mem": {"executed_lines": [], "summary": {"covered_lines": 0, "num_statements": 3, "percent_covered": 0.0, "percent_covered_display": "0", "missing_lines": 3, "excluded_lines": 0, "percent_statements_covered": 0.0, "percent_statements_covered_display": "0"}, "missing_lines": [37, 38, 39], "excluded_lines": [], "start_line": 35}, "remember": {"executed_lines": [77, 78, 79, 80, 81, 82, 83, 86], "summary": {"covered_lines": 8, "num_statements": 8, "percent_covered": 100.0, "percent_covered_display": "100", "missing_lines": 0, "excluded_lines": 0, "percent_statements_covered": 100.0, "percent_statements_covered_display": "100"}, "missing_lines": [], "excluded_lines": [], "start_line": 76}, "recall": {"executed_lines": [91], "summary": {"covered_lines": 1, "num_statements": 1, "percent_covered": 100.0, "percent_covered_display": "100", "missing_lines": 0, "excluded_lines": 0, "percent_statements_covered": 100.0, "percent_statements_covered_display": "100"}, "missing_lines": [], "excluded_lines": [], "start_line": 90}, "reflect": {"executed_lines": [96], "summary": {"covered_lines": 1, "num_statements": 1, "percent_covered": 100.0, "percent_covered_display": "100", "missing_lines": 0, "excluded_lines": 0, "percent_statements_covered": 100.0, "percent_statements_covered_display": "100"}, "missing_lines": [], "excluded_lines": [], "start_line": 95}, "believe": {"executed_lines": [101], "summary": {"covered_lines": 1, "num_statements": 1, "percent_covered": 100.0, "percent_covered_display": "100", "missing_lines": 0, "excluded_lines": 0, "percent_statements_covered": 100.0, "percent_statements_covered_display": "100"}, "missing_lines": [], "excluded_lines": [], "start_line": 100}, "forget": {"executed_lines": [106], "summary": {"covered_lines": 1, "num_statements": 1, "percent_covered": 100.0, "percent_covered_display": "100", "missing_lines": 0, "excluded_lines": 0, "percent_statements_covered": 100.0, "percent_statements_covered_display": "100"}, "missing_lines": [], "excluded_lines": [], "start_line": 105}, "get_personality": {"executed_lines": [111], "summary": {"covered_lines": 1, "num_statements": 1, "percent_covered": 100.0, "percent_covered_display": "100", "missing_lines": 0, "excluded_lines": 0, "percent_statements_covered": 100.0, "percent_statements_covered_display": "100"}, "missing_lines": [], "excluded_lines": [], "start_line": 110}, "set_personality": {"executed_lines": [116], "summary": {"covered_lines": 1, "num_statements": 1, "percent_covered": 100.0, "percent_covered_display": "100", "missing_lines": 0, "excluded_lines": 0, "percent_statements_covered": 100.0, "percent_statements_covered_display": "100"}, "missing_lines": [], "excluded_lines": [], "start_line": 115}, "clear_current_space": {"executed_lines": [121, 122], "summary": {"covered_lines": 2, "num_statements": 2, "percent_covered": 100.0, "percent_covered_display": "100", "missing_lines": 0, "excluded_lines": 0, "percent_statements_covered": 100.0, "percent_statements_covered_display": "100"}, "missing_lines": [], "excluded_lines": [], "start_line": 120}, "run_rest_server": {"executed_lines": [], "summary": {"covered_lines": 0, "num_statements": 2, "percent_covered": 0.0, "percent_covered_display": "0", "missing_lines": 2, "excluded_lines": 0, "percent_statements_covered": 0.0, "percent_statements_covered_display": "0"}, "missing_lines": [126, 127], "excluded_lines": [], "start_line": 125}, "": {"executed_lines": [2, 4, 5, 6, 8, 9, 11, 12, 13, 14, 15, 18, 19, 25, 32, 35, 42, 45, 46, 47, 48, 49, 52, 53, 54, 55, 58, 59, 60, 61, 64, 65, 66, 69, 70, 71, 72, 75, 76, 89, 90, 94, 95, 99, 100, 104, 105, 109, 110, 114, 115, 119, 120, 125], "summary": {"covered_lines": 54, "num_statements": 54, "percent_covered": 100.0, "percent_covered_display": "100", "missing_lines": 0, "excluded_lines": 0, "percent_statements_covered": 100.0, "percent_statements_covered_display": "100"}, "missing_lines": [], "excluded_lines": [], "start_line": 1}}, "classes": {"RememberRequest": {"executed_lines": [], "summary": {"covered_lines": 0, "num_statements": 0, "percent_covered": 100.0, "percent_covered_display": "100", "missing_lines": 0, "excluded_lines": 0, "percent_statements_covered": 100.0, "percent_statements_covered_display": "100"}, "missing_lines": [], "excluded_lines": [], "start_line": 45}, "RecallRequest": {"executed_lines": [], "summary": {"covered_lines": 0, "num_statements": 0, "percent_covered": 100.0, "percent_covered_display": "100", "missing_lines": 0, "excluded_lines": 0, "percent_statements_covered": 100.0, "percent_statements_covered_display": "100"}, "missing_lines": [], "excluded_lines": [], "start_line": 52}, "BelieveRequest": {"executed_lines": [], "summary": {"covered_lines": 0, "num_statements": 0, "percent_covered": 100.0, "percent_covered_display": "100", "missing_lines": 0, "excluded_lines": 0, "percent_statements_covered": 100.0, "percent_statements_covered_display": "100"}, "missing_lines": [], "excluded_lines": [], "start_line": 58}, "ForgetRequest": {"executed_lines": [], "summary": {"covered_lines": 0, "num_statements": 0, "percent_covered": 100.0, "percent_covered_display": "100", "missing_lines": 0, "excluded_lines": 0, "percent_statements_covered": 100.0, "percent_statements_covered_display": "100"}, "missing_lines": [], "excluded_lines": [], "start_line": 64}, "PersonalityRequest": {"executed_lines": [], "summary": {"covered_lines": 0, "num_statements": 0, "percent_covered": 100.0, "percent_covered_display": "100", "missing_lines": 0, "excluded_lines": 0, "percent_statements_covered": 100.0, "percent_statements_covered_display": "100"}, "missing_lines": [], "excluded_lines": [], "start_line": 69}, "": {"executed_lines": [2, 4, 5, 6, 8, 9, 11, 12, 13, 14, 15, 18, 19, 20, 21, 22, 25, 32, 35, 42, 45, 46, 47, 48, 49, 52, 53, 54, 55, 58, 59, 60, 61, 64, 65, 66, 69, 70, 71, 72, 75, 76, 77, 78, 79, 80, 81, 82, 83, 86, 89, 90, 91, 94, 95, 96, 99, 100, 101, 104, 105, 106, 109, 110, 111, 114, 115, 116, 119, 120, 121, 122, 125], "summary": {"covered_lines": 73, "num_statements": 78, "percent_covered": 93.58974358974359, "percent_covered_display": "94", "missing_lines": 5, "excluded_lines": 0, "percent_statements_covered": 93.58974358974359, "percent_statements_covered_display": "94"}, "missing_lines": [37, 38, 39, 126, 127], "excluded_lines": [], "start_line": 1}}}, "src/smrti/servers/tools.py": {"executed_lines": [3], "summary": {"covered_lines": 1, "num_statements": 1, "percent_covered": 100.0, "percent_covered_display": "100", "missing_lines": 0, "excluded_lines": 0, "percent_statements_covered": 100.0, "percent_statements_covered_display": "100"}, "missing_lines": [], "excluded_lines": [], "functions": {"": {"executed_lines": [3], "summary": {"covered_lines": 1, "num_statements": 1, "percent_covered": 100.0, "percent_covered_display": "100", "missing_lines": 0, "excluded_lines": 0, "percent_statements_covered": 100.0, "percent_statements_covered_display": "100"}, "missing_lines": [], "excluded_lines": [], "start_line": 1}}, "classes": {"": {"executed_lines": [3], "summary": {"covered_lines": 1, "num_statements": 1, "percent_covered": 100.0, "percent_covered_display": "100", "missing_lines": 0, "excluded_lines": 0, "percent_statements_covered": 100.0, "percent_statements_covered_display": "100"}, "missing_lines": [], "excluded_lines": [], "start_line": 1}}}, "src/smrti/servers/viz_routes.py": {"executed_lines": [2, 4, 5, 6, 7, 9, 10, 12, 14, 17, 20, 25, 27, 28, 29, 30, 32, 34, 35, 36, 37, 38, 40, 41, 42, 43, 47, 49, 50, 57, 60, 61, 62, 70, 71, 72, 74, 75, 76, 83, 90, 92, 93, 94, 96, 97, 98, 99, 100, 101, 102, 104, 105, 109, 110, 133, 134, 139], "summary": {"covered_lines": 58, "num_statements": 83, "percent_covered": 69.87951807228916, "percent_covered_display": "70", "missing_lines": 25, "excluded_lines": 0, "percent_statements_covered": 69.87951807228916, "percent_statements_covered_display": "70"}, "missing_lines": [31, 84, 85, 86, 87, 88, 106, 107, 111, 113, 114, 115, 116, 117, 118, 119, 120, 121, 122, 123, 125, 127, 135, 136, 137], "excluded_lines": [], "functions": {"create_viz_router": {"executed_lines": [25, 27, 28, 34, 35, 40, 41, 49, 50, 92, 93, 96, 97, 104, 105, 109, 110, 133, 134, 139], "summary": {"covered_lines": 20, "num_statements": 20, "percent_covered": 100.0, "percent_covered_display": "100", "missing_lines": 0, "excluded_lines": 0, "percent_statements_covered": 100.0, "percent_statements_covered_display": "100"}, "missing_lines": [], "excluded_lines": [], "start_line": 20}, "create_viz_router.visualizer": {"executed_lines": [29, 30, 32], "summary": {"covered_lines": 3, "num_statements": 4, "percent_covered": 75.0, "percent_covered_display": "75", "missing_lines": 1, "excluded_lines": 0, "percent_statements_covered": 75.0, "percent_statements_covered_display": "75"}, "missing_lines": [31], "excluded_lines": [], "start_line": 28}, "create_viz_router.list_tenants": {"executed_lines": [36, 37, 38], "summary": {"covered_lines": 3, "num_statements": 3, "percent_covered": 100.0, "percent_covered_display": "100", "missing_lines": 0, "excluded_lines": 0, "percent_statements_covered": 100.0, "percent_statements_covered_display": "100"}, "missing_lines": [], "excluded_lines": [], "start_line": 35}, "create_viz_router.list_spaces": {"executed_lines": [42, 43, 47], "summary": {"covered_lines": 3, "num_statements": 3, "percent_covered": 100.0, "percent_covered_display": "100", "missing_lines": 0, "excluded_lines": 0, "percent_statements_covered": 100.0, "percent_statements_covered_display": "100"}, "missing_lines": [], "excluded_lines": [], "start_line": 41}, "create_viz_router.get_graph": {"executed_lines": [57, 60, 61, 62, 70, 71, 72, 74, 75, 76, 83, 90], "summary": {"covered_lines": 12, "num_statements": 17, "percent_covered": 70.58823529411765, "percent_covered_display": "71", "missing_lines": 5, "excluded_lines": 0, "percent_statements_covered": 70.58823529411765, "percent_statements_covered_display": "71"}, "missing_lines": [84, 85, 86, 87, 88], "excluded_lines": [], "start_line": 50}, "create_viz_router.status": {"executed_lines": [94], "summary": {"covered_lines": 1, "num_statements": 1, "percent_covered": 100.0, "percent_covered_display": "100", "missing_lines": 0, "excluded_lines": 0, "percent_statements_covered": 100.0, "percent_statements_covered_display": "100"}, "missing_lines": [], "excluded_lines": [], "start_line": 93}, "create_viz_router.get_atom": {"executed_lines": [98, 99, 100, 101, 102], "summary": {"covered_lines": 5, "num_statements": 5, "percent_covered": 100.0, "percent_covered_display": "100", "missing_lines": 0, "excluded_lines": 0, "percent_statements_covered": 100.0, "percent_statements_covered_display": "100"}, "missing_lines": [], "excluded_lines": [], "start_line": 97}, "create_viz_router.get_llm_calls": {"executed_lines": [], "summary": {"covered_lines": 0, "num_statements": 2, "percent_covered": 0.0, "percent_covered_display": "0", "missing_lines": 2, "excluded_lines": 0, "percent_statements_covered": 0.0, "percent_statements_covered_display": "0"}, "missing_lines": [106, 107], "excluded_lines": [], "start_line": 105}, "create_viz_router.stream_llm_calls": {"executed_lines": [], "summary": {"covered_lines": 0, "num_statements": 3, "percent_covered": 0.0, "percent_covered_display": "0", "missing_lines": 3, "excluded_lines": 0, "percent_statements_covered": 0.0, "percent_statements_covered_display": "0"}, "missing_lines": [111, 113, 127], "excluded_lines": [], "start_line": 110}, "create_viz_router.stream_llm_calls.event_generator": {"executed_lines": [], "summary": {"covered_lines": 0, "num_statements": 11, "percent_covered": 0.0, "percent_covered_display": "0", "missing_lines": 11, "excluded_lines": 0, "percent_statements_covered": 0.0, "percent_statements_covered_display": "0"}, "missing_lines": [114, 115, 116, 117, 118, 119, 120, 121, 122, 123, 125], "excluded_lines": [], "start_line": 113}, "create_viz_router.clear_llm_calls": {"executed_lines": [], "summary": {"covered_lines": 0, "num_statements": 3, "percent_covered": 0.0, "percent_covered_display": "0", "missing_lines": 3, "excluded_lines": 0, "percent_statements_covered": 0.0, "percent_statements_covered_display": "0"}, "missing_lines": [135, 136, 137], "excluded_lines": [], "start_line": 134}, "": {"executed_lines": [2, 4, 5, 6, 7, 9, 10, 12, 14, 17, 20], "summary": {"covered_lines": 11, "num_statements": 11, "percent_covered": 100.0, "percent_covered_display": "100", "missing_lines": 0, "excluded_lines": 0, "percent_statements_covered": 100.0, "percent_statements_covered_display": "100"}, "missing_lines": [], "excluded_lines": [], "start_line": 1}}, "classes": {"": {"executed_lines": [2, 4, 5, 6, 7, 9, 10, 12, 14, 17, 20, 25, 27, 28, 29, 30, 32, 34, 35, 36, 37, 38, 40, 41, 42, 43, 47, 49, 50, 57, 60, 61, 62, 70, 71, 72, 74, 75, 76, 83, 90, 92, 93, 94, 96, 97, 98, 99, 100, 101, 102, 104, 105, 109, 110, 133, 134, 139], "summary": {"covered_lines": 58, "num_statements": 83, "percent_covered": 69.87951807228916, "percent_covered_display": "70", "missing_lines": 25, "excluded_lines": 0, "percent_statements_covered": 69.87951807228916, "percent_statements_covered_display": "70"}, "missing_lines": [31, 84, 85, 86, 87, 88, 106, 107, 111, 113, 114, 115, 116, 117, 118, 119, 120, 121, 122, 123, 125, 127, 135, 136, 137], "excluded_lines": [], "start_line": 1}}}}, "totals": {"covered_lines": 1485, "num_statements": 1814, "percent_covered": 81.8632855567806, "percent_covered_display": "82", "missing_lines": 329, "excluded_lines": 11, "percent_statements_covered": 81.8632855567806, "percent_statements_covered_display": "82"}}