{"meta": {"format": 3, "version": "7.15.4", "timestamp": "2026-08-12T22:54:02.879214", "branch_coverage": false, "show_contexts": false}, "files": {"src/smrti/__init__.py": {"executed_lines": [3, 5, 6, 7, 9, 10, 14, 15, 16, 17, 29, 30, 31, 32, 33, 40, 44, 45, 48, 49, 50, 51, 52, 53, 54, 57, 58, 68, 69, 70, 71, 72, 73, 74, 75, 76, 77, 78, 79, 80, 83, 84, 85, 87, 88, 92, 93, 94, 95, 96, 97, 98, 133, 136, 137, 139, 147, 148, 149, 159, 161, 168, 169, 180, 186, 194, 195, 196, 202, 203, 205, 206, 207, 209, 211, 212, 213, 214, 216, 220, 221, 223, 224, 225, 227, 229, 264, 265, 269, 273, 277, 283, 285, 289, 291, 295, 296, 298, 302, 306, 310, 314, 316, 318, 320, 322, 324, 326, 330, 334, 339, 340, 342, 344, 348, 350, 351], "summary": {"covered_lines": 117, "num_statements": 123, "percent_covered": 95.1219512195122, "percent_covered_display": "95", "missing_lines": 6, "excluded_lines": 0, "percent_statements_covered": 95.1219512195122, "percent_statements_covered_display": "95"}, "missing_lines": [11, 12, 134, 215, 328, 332], "excluded_lines": [], "functions": {"_get_reflect_lock": {"executed_lines": [49, 50, 51, 52, 53, 54], "summary": {"covered_lines": 6, "num_statements": 6, "percent_covered": 100.0, "percent_covered_display": "100", "missing_lines": 0, "excluded_lines": 0, "percent_statements_covered": 100.0, "percent_statements_covered_display": "100"}, "missing_lines": [], "excluded_lines": [], "start_line": 48}, "Smrti.__init__": {"executed_lines": [68, 69, 70, 71, 72, 73, 74, 75, 76, 77, 78, 79, 80, 83, 84, 85], "summary": {"covered_lines": 16, "num_statements": 16, "percent_covered": 100.0, "percent_covered_display": "100", "missing_lines": 0, "excluded_lines": 0, "percent_statements_covered": 100.0, "percent_statements_covered_display": "100"}, "missing_lines": [], "excluded_lines": [], "start_line": 58}, "Smrti._ensure_personality": {"executed_lines": [88, 92, 93, 94, 95, 96, 97, 98, 133], "summary": {"covered_lines": 9, "num_statements": 10, "percent_covered": 90.0, "percent_covered_display": "90", "missing_lines": 1, "excluded_lines": 0, "percent_statements_covered": 90.0, "percent_statements_covered_display": "90"}, "missing_lines": [134], "excluded_lines": [], "start_line": 87}, "Smrti.is_ignored": {"executed_lines": [137], "summary": {"covered_lines": 1, "num_statements": 1, "percent_covered": 100.0, "percent_covered_display": "100", "missing_lines": 0, "excluded_lines": 0, "percent_statements_covered": 100.0, "percent_statements_covered_display": "100"}, "missing_lines": [], "excluded_lines": [], "start_line": 136}, "Smrti.remember": {"executed_lines": [147, 148, 149, 159], "summary": {"covered_lines": 4, "num_statements": 4, "percent_covered": 100.0, "percent_covered_display": "100", "missing_lines": 0, "excluded_lines": 0, "percent_statements_covered": 100.0, "percent_statements_covered_display": "100"}, "missing_lines": [], "excluded_lines": [], "start_line": 139}, "Smrti.recall": {"executed_lines": [168, 169], "summary": {"covered_lines": 2, "num_statements": 2, "percent_covered": 100.0, "percent_covered_display": "100", "missing_lines": 0, "excluded_lines": 0, "percent_statements_covered": 100.0, "percent_statements_covered_display": "100"}, "missing_lines": [], "excluded_lines": [], "start_line": 161}, "Smrti.believe": {"executed_lines": [186, 194, 195, 196, 202, 203], "summary": {"covered_lines": 6, "num_statements": 6, "percent_covered": 100.0, "percent_covered_display": "100", "missing_lines": 0, "excluded_lines": 0, "percent_statements_covered": 100.0, "percent_statements_covered_display": "100"}, "missing_lines": [], "excluded_lines": [], "start_line": 180}, "Smrti.reflect": {"executed_lines": [206, 207], "summary": {"covered_lines": 2, "num_statements": 2, "percent_covered": 100.0, "percent_covered_display": "100", "missing_lines": 0, "excluded_lines": 0, "percent_statements_covered": 100.0, "percent_statements_covered_display": "100"}, "missing_lines": [], "excluded_lines": [], "start_line": 205}, "Smrti.forget": {"executed_lines": [211, 212, 213, 214, 216, 220, 221], "summary": {"covered_lines": 7, "num_statements": 8, "percent_covered": 87.5, "percent_covered_display": "88", "missing_lines": 1, "excluded_lines": 0, "percent_statements_covered": 87.5, "percent_statements_covered_display": "88"}, "missing_lines": [215], "excluded_lines": [], "start_line": 209}, "Smrti.set_personality": {"executed_lines": [224, 225], "summary": {"covered_lines": 2, "num_statements": 2, "percent_covered": 100.0, "percent_covered_display": "100", "missing_lines": 0, "excluded_lines": 0, "percent_statements_covered": 100.0, "percent_statements_covered_display": "100"}, "missing_lines": [], "excluded_lines": [], "start_line": 223}, "Smrti.set_personality_profile": {"executed_lines": [229], "summary": {"covered_lines": 1, "num_statements": 1, "percent_covered": 100.0, "percent_covered_display": "100", "missing_lines": 0, "excluded_lines": 0, "percent_statements_covered": 100.0, "percent_statements_covered_display": "100"}, "missing_lines": [], "excluded_lines": [], "start_line": 227}, "Smrti.status": {"executed_lines": [265, 269, 273, 277], "summary": {"covered_lines": 4, "num_statements": 4, "percent_covered": 100.0, "percent_covered_display": "100", "missing_lines": 0, "excluded_lines": 0, "percent_statements_covered": 100.0, "percent_statements_covered_display": "100"}, "missing_lines": [], "excluded_lines": [], "start_line": 264}, "Smrti.clear_space": {"executed_lines": [285, 289, 291, 295, 296, 298, 302, 306, 310], "summary": {"covered_lines": 9, "num_statements": 9, "percent_covered": 100.0, "percent_covered_display": "100", "missing_lines": 0, "excluded_lines": 0, "percent_statements_covered": 100.0, "percent_statements_covered_display": "100"}, "missing_lines": [], "excluded_lines": [], "start_line": 283}, "Smrti.space_overlap": {"executed_lines": [316], "summary": {"covered_lines": 1, "num_statements": 1, "percent_covered": 100.0, "percent_covered_display": "100", "missing_lines": 0, "excluded_lines": 0, "percent_statements_covered": 100.0, "percent_statements_covered_display": "100"}, "missing_lines": [], "excluded_lines": [], "start_line": 314}, "Smrti.space_intersection": {"executed_lines": [320], "summary": {"covered_lines": 1, "num_statements": 1, "percent_covered": 100.0, "percent_covered_display": "100", "missing_lines": 0, "excluded_lines": 0, "percent_statements_covered": 100.0, "percent_statements_covered_display": "100"}, "missing_lines": [], "excluded_lines": [], "start_line": 318}, "Smrti.space_difference": {"executed_lines": [324], "summary": {"covered_lines": 1, "num_statements": 1, "percent_covered": 100.0, "percent_covered_display": "100", "missing_lines": 0, "excluded_lines": 0, "percent_statements_covered": 100.0, "percent_statements_covered_display": "100"}, "missing_lines": [], "excluded_lines": [], "start_line": 322}, "Smrti.space_union": {"executed_lines": [], "summary": {"covered_lines": 0, "num_statements": 1, "percent_covered": 0.0, "percent_covered_display": "0", "missing_lines": 1, "excluded_lines": 0, "percent_statements_covered": 0.0, "percent_statements_covered_display": "0"}, "missing_lines": [328], "excluded_lines": [], "start_line": 326}, "Smrti.space_symmetric_difference": {"executed_lines": [], "summary": {"covered_lines": 0, "num_statements": 1, "percent_covered": 0.0, "percent_covered_display": "0", "missing_lines": 1, "excluded_lines": 0, "percent_statements_covered": 0.0, "percent_statements_covered_display": "0"}, "missing_lines": [332], "excluded_lines": [], "start_line": 330}, "Smrti.materialize_bridge": {"executed_lines": [339, 340], "summary": {"covered_lines": 2, "num_statements": 2, "percent_covered": 100.0, "percent_covered_display": "100", "missing_lines": 0, "excluded_lines": 0, "percent_statements_covered": 100.0, "percent_statements_covered_display": "100"}, "missing_lines": [], "excluded_lines": [], "start_line": 334}, "Smrti.list_spaces": {"executed_lines": [344, 348], "summary": {"covered_lines": 2, "num_statements": 2, "percent_covered": 100.0, "percent_covered_display": "100", "missing_lines": 0, "excluded_lines": 0, "percent_statements_covered": 100.0, "percent_statements_covered_display": "100"}, "missing_lines": [], "excluded_lines": [], "start_line": 342}, "Smrti.close": {"executed_lines": [351], "summary": {"covered_lines": 1, "num_statements": 1, "percent_covered": 100.0, "percent_covered_display": "100", "missing_lines": 0, "excluded_lines": 0, "percent_statements_covered": 100.0, "percent_statements_covered_display": "100"}, "missing_lines": [], "excluded_lines": [], "start_line": 350}, "": {"executed_lines": [3, 5, 6, 7, 9, 10, 14, 15, 16, 17, 29, 30, 31, 32, 33, 40, 44, 45, 48, 57, 58, 87, 136, 139, 161, 180, 205, 209, 223, 227, 264, 283, 314, 318, 322, 326, 330, 334, 342, 350], "summary": {"covered_lines": 40, "num_statements": 42, "percent_covered": 95.23809523809524, "percent_covered_display": "95", "missing_lines": 2, "excluded_lines": 0, "percent_statements_covered": 95.23809523809524, "percent_statements_covered_display": "95"}, "missing_lines": [11, 12], "excluded_lines": [], "start_line": 1}}, "classes": {"Smrti": {"executed_lines": [68, 69, 70, 71, 72, 73, 74, 75, 76, 77, 78, 79, 80, 83, 84, 85, 88, 92, 93, 94, 95, 96, 97, 98, 133, 137, 147, 148, 149, 159, 168, 169, 186, 194, 195, 196, 202, 203, 206, 207, 211, 212, 213, 214, 216, 220, 221, 224, 225, 229, 265, 269, 273, 277, 285, 289, 291, 295, 296, 298, 302, 306, 310, 316, 320, 324, 339, 340, 344, 348, 351], "summary": {"covered_lines": 71, "num_statements": 75, "percent_covered": 94.66666666666667, "percent_covered_display": "95", "missing_lines": 4, "excluded_lines": 0, "percent_statements_covered": 94.66666666666667, "percent_statements_covered_display": "95"}, "missing_lines": [134, 215, 328, 332], "excluded_lines": [], "start_line": 57}, "": {"executed_lines": [3, 5, 6, 7, 9, 10, 14, 15, 16, 17, 29, 30, 31, 32, 33, 40, 44, 45, 48, 49, 50, 51, 52, 53, 54, 57, 58, 87, 136, 139, 161, 180, 205, 209, 223, 227, 264, 283, 314, 318, 322, 326, 330, 334, 342, 350], "summary": {"covered_lines": 46, "num_statements": 48, "percent_covered": 95.83333333333333, "percent_covered_display": "96", "missing_lines": 2, "excluded_lines": 0, "percent_statements_covered": 95.83333333333333, "percent_statements_covered_display": "96"}, "missing_lines": [11, 12], "excluded_lines": [], "start_line": 1}}}, "src/smrti/__main__.py": {"executed_lines": [2, 4, 5], "summary": {"covered_lines": 3, "num_statements": 3, "percent_covered": 100.0, "percent_covered_display": "100", "missing_lines": 0, "excluded_lines": 0, "percent_statements_covered": 100.0, "percent_statements_covered_display": "100"}, "missing_lines": [], "excluded_lines": [], "functions": {"": {"executed_lines": [2, 4, 5], "summary": {"covered_lines": 3, "num_statements": 3, "percent_covered": 100.0, "percent_covered_display": "100", "missing_lines": 0, "excluded_lines": 0, "percent_statements_covered": 100.0, "percent_statements_covered_display": "100"}, "missing_lines": [], "excluded_lines": [], "start_line": 1}}, "classes": {"": {"executed_lines": [2, 4, 5], "summary": {"covered_lines": 3, "num_statements": 3, "percent_covered": 100.0, "percent_covered_display": "100", "missing_lines": 0, "excluded_lines": 0, "percent_statements_covered": 100.0, "percent_statements_covered_display": "100"}, "missing_lines": [], "excluded_lines": [], "start_line": 1}}}, "src/smrti/_version.py": {"executed_lines": [3, 5, 14, 15, 16, 17, 18, 19, 21, 22, 24], "summary": {"covered_lines": 11, "num_statements": 11, "percent_covered": 100.0, "percent_covered_display": "100", "missing_lines": 0, "excluded_lines": 0, "percent_statements_covered": 100.0, "percent_statements_covered_display": "100"}, "missing_lines": [], "excluded_lines": [], "functions": {"": {"executed_lines": [3, 5, 14, 15, 16, 17, 18, 19, 21, 22, 24], "summary": {"covered_lines": 11, "num_statements": 11, "percent_covered": 100.0, "percent_covered_display": "100", "missing_lines": 0, "excluded_lines": 0, "percent_statements_covered": 100.0, "percent_statements_covered_display": "100"}, "missing_lines": [], "excluded_lines": [], "start_line": 1}}, "classes": {"": {"executed_lines": [3, 5, 14, 15, 16, 17, 18, 19, 21, 22, 24], "summary": {"covered_lines": 11, "num_statements": 11, "percent_covered": 100.0, "percent_covered_display": "100", "missing_lines": 0, "excluded_lines": 0, "percent_statements_covered": 100.0, "percent_statements_covered_display": "100"}, "missing_lines": [], "excluded_lines": [], "start_line": 1}}}, "src/smrti/call_log.py": {"executed_lines": [2, 4, 5, 6, 7, 8, 9, 11, 12, 14, 15, 18, 19, 22, 23, 24, 29, 30, 31, 32, 33, 34, 35, 36, 39, 45, 46, 47, 48, 49, 50, 51, 54, 55, 56, 57, 58, 59, 62, 63, 64, 65, 66, 67, 70, 73, 76, 77, 80, 81, 82, 85, 86, 87, 88, 91, 92, 93, 94, 95], "summary": {"covered_lines": 60, "num_statements": 62, "percent_covered": 96.7741935483871, "percent_covered_display": "97", "missing_lines": 2, "excluded_lines": 0, "percent_statements_covered": 96.7741935483871, "percent_statements_covered_display": "97"}, "missing_lines": [25, 26], "excluded_lines": [], "functions": {"_now": {"executed_lines": [19], "summary": {"covered_lines": 1, "num_statements": 1, "percent_covered": 100.0, "percent_covered_display": "100", "missing_lines": 0, "excluded_lines": 0, "percent_statements_covered": 100.0, "percent_statements_covered_display": "100"}, "missing_lines": [], "excluded_lines": [], "start_line": 18}, "_entry_bytes": {"executed_lines": [23, 24], "summary": {"covered_lines": 2, "num_statements": 4, "percent_covered": 50.0, "percent_covered_display": "50", "missing_lines": 2, "excluded_lines": 0, "percent_statements_covered": 50.0, "percent_statements_covered_display": "50"}, "missing_lines": [25, 26], "excluded_lines": [], "start_line": 22}, "_truncate_value": {"executed_lines": [30, 31, 32, 33, 34, 35, 36], "summary": {"covered_lines": 7, "num_statements": 7, "percent_covered": 100.0, "percent_covered_display": "100", "missing_lines": 0, "excluded_lines": 0, "percent_statements_covered": 100.0, "percent_statements_covered_display": "100"}, "missing_lines": [], "excluded_lines": [], "start_line": 29}, "_cap_entry": {"executed_lines": [45, 46, 47, 48, 49, 50, 51], "summary": {"covered_lines": 7, "num_statements": 7, "percent_covered": 100.0, "percent_covered_display": "100", "missing_lines": 0, "excluded_lines": 0, "percent_statements_covered": 100.0, "percent_statements_covered_display": "100"}, "missing_lines": [], "excluded_lines": [], "start_line": 39}, "_notify": {"executed_lines": [55, 56, 57, 58, 59], "summary": {"covered_lines": 5, "num_statements": 5, "percent_covered": 100.0, "percent_covered_display": "100", "missing_lines": 0, "excluded_lines": 0, "percent_statements_covered": 100.0, "percent_statements_covered_display": "100"}, "missing_lines": [], "excluded_lines": [], "start_line": 54}, "append": {"executed_lines": [63, 64, 65, 66, 67], "summary": {"covered_lines": 5, "num_statements": 5, "percent_covered": 100.0, "percent_covered_display": "100", "missing_lines": 0, "excluded_lines": 0, "percent_statements_covered": 100.0, "percent_statements_covered_display": "100"}, "missing_lines": [], "excluded_lines": [], "start_line": 62}, "update": {"executed_lines": [73], "summary": {"covered_lines": 1, "num_statements": 1, "percent_covered": 100.0, "percent_covered_display": "100", "missing_lines": 0, "excluded_lines": 0, "percent_statements_covered": 100.0, "percent_statements_covered_display": "100"}, "missing_lines": [], "excluded_lines": [], "start_line": 70}, "get_all": {"executed_lines": [77], "summary": {"covered_lines": 1, "num_statements": 1, "percent_covered": 100.0, "percent_covered_display": "100", "missing_lines": 0, "excluded_lines": 0, "percent_statements_covered": 100.0, "percent_statements_covered_display": "100"}, "missing_lines": [], "excluded_lines": [], "start_line": 76}, "clear": {"executed_lines": [81, 82], "summary": {"covered_lines": 2, "num_statements": 2, "percent_covered": 100.0, "percent_covered_display": "100", "missing_lines": 0, "excluded_lines": 0, "percent_statements_covered": 100.0, "percent_statements_covered_display": "100"}, "missing_lines": [], "excluded_lines": [], "start_line": 80}, "subscribe": {"executed_lines": [86, 87, 88], "summary": {"covered_lines": 3, "num_statements": 3, "percent_covered": 100.0, "percent_covered_display": "100", "missing_lines": 0, "excluded_lines": 0, "percent_statements_covered": 100.0, "percent_statements_covered_display": "100"}, "missing_lines": [], "excluded_lines": [], "start_line": 85}, "unsubscribe": {"executed_lines": [92, 93, 94, 95], "summary": {"covered_lines": 4, "num_statements": 4, "percent_covered": 100.0, "percent_covered_display": "100", "missing_lines": 0, "excluded_lines": 0, "percent_statements_covered": 100.0, "percent_statements_covered_display": "100"}, "missing_lines": [], "excluded_lines": [], "start_line": 91}, "": {"executed_lines": [2, 4, 5, 6, 7, 8, 9, 11, 12, 14, 15, 18, 22, 29, 39, 54, 62, 70, 76, 80, 85, 91], "summary": {"covered_lines": 22, "num_statements": 22, "percent_covered": 100.0, "percent_covered_display": "100", "missing_lines": 0, "excluded_lines": 0, "percent_statements_covered": 100.0, "percent_statements_covered_display": "100"}, "missing_lines": [], "excluded_lines": [], "start_line": 1}}, "classes": {"": {"executed_lines": [2, 4, 5, 6, 7, 8, 9, 11, 12, 14, 15, 18, 19, 22, 23, 24, 29, 30, 31, 32, 33, 34, 35, 36, 39, 45, 46, 47, 48, 49, 50, 51, 54, 55, 56, 57, 58, 59, 62, 63, 64, 65, 66, 67, 70, 73, 76, 77, 80, 81, 82, 85, 86, 87, 88, 91, 92, 93, 94, 95], "summary": {"covered_lines": 60, "num_statements": 62, "percent_covered": 96.7741935483871, "percent_covered_display": "97", "missing_lines": 2, "excluded_lines": 0, "percent_statements_covered": 96.7741935483871, "percent_statements_covered_display": "97"}, "missing_lines": [25, 26], "excluded_lines": [], "start_line": 1}}}, "src/smrti/cli.py": {"executed_lines": [2, 4, 5, 6, 7, 8, 9, 10, 12, 14, 16, 18, 20, 23, 24, 32, 33, 34, 35, 36, 37, 38, 39, 40, 41, 42, 43, 44, 45, 47, 48, 51, 53, 54, 55, 56, 57, 58, 59, 60, 62, 63, 65, 68, 69, 70, 73, 75, 76, 77, 87, 88, 95, 97, 98, 99, 100, 101, 102, 105, 106, 112, 113, 115, 116, 117, 118, 119, 120, 121, 122, 125, 126, 136, 137, 139, 140, 141, 142, 143, 145, 146, 147, 148, 149, 150, 151, 152, 153, 154, 156, 157, 158, 159, 161, 162, 163, 165, 166, 169, 170, 173, 174, 176, 178, 181, 182, 187, 189, 190, 191, 192, 195, 196, 202, 203, 204, 206, 208, 209, 210, 212, 213, 214, 215, 217, 219, 220, 223, 224, 236, 237, 239, 241, 242, 243, 244, 245, 246, 247, 250, 251, 264, 265, 266, 268, 269, 271, 273, 274, 275, 276, 278, 279, 280, 281, 283, 285, 286, 289], "summary": {"covered_lines": 160, "num_statements": 161, "percent_covered": 99.37888198757764, "percent_covered_display": "99", "missing_lines": 1, "excluded_lines": 0, "percent_statements_covered": 99.37888198757764, "percent_statements_covered_display": "99"}, "missing_lines": [290], "excluded_lines": [], "functions": {"_pidfile": {"executed_lines": [32, 33, 34, 35, 36, 37, 38, 39, 40, 41, 42, 43, 44, 45, 47, 48], "summary": {"covered_lines": 16, "num_statements": 16, "percent_covered": 100.0, "percent_covered_display": "100", "missing_lines": 0, "excluded_lines": 0, "percent_statements_covered": 100.0, "percent_statements_covered_display": "100"}, "missing_lines": [], "excluded_lines": [], "start_line": 24}, "_held": {"executed_lines": [53, 54, 55, 56, 57, 58, 59, 60, 62, 63, 65], "summary": {"covered_lines": 11, "num_statements": 11, "percent_covered": 100.0, "percent_covered_display": "100", "missing_lines": 0, "excluded_lines": 0, "percent_statements_covered": 100.0, "percent_statements_covered_display": "100"}, "missing_lines": [], "excluded_lines": [], "start_line": 51}, "_signal": {"executed_lines": [69, 70], "summary": {"covered_lines": 2, "num_statements": 2, "percent_covered": 100.0, "percent_covered_display": "100", "missing_lines": 0, "excluded_lines": 0, "percent_statements_covered": 100.0, "percent_statements_covered_display": "100"}, "missing_lines": [], "excluded_lines": [], "start_line": 68}, "_warn_if_exposed": {"executed_lines": [75, 76, 77], "summary": {"covered_lines": 3, "num_statements": 3, "percent_covered": 100.0, "percent_covered_display": "100", "missing_lines": 0, "excluded_lines": 0, "percent_statements_covered": 100.0, "percent_statements_covered_display": "100"}, "missing_lines": [], "excluded_lines": [], "start_line": 73}, "init": {"executed_lines": [95, 97, 98, 99, 100, 101, 102], "summary": {"covered_lines": 7, "num_statements": 7, "percent_covered": 100.0, "percent_covered_display": "100", "missing_lines": 0, "excluded_lines": 0, "percent_statements_covered": 100.0, "percent_statements_covered_display": "100"}, "missing_lines": [], "excluded_lines": [], "start_line": 88}, "status": {"executed_lines": [112, 113, 115, 116, 117, 118, 119, 120, 121, 122], "summary": {"covered_lines": 10, "num_statements": 10, "percent_covered": 100.0, "percent_covered_display": "100", "missing_lines": 0, "excluded_lines": 0, "percent_statements_covered": 100.0, "percent_statements_covered_display": "100"}, "missing_lines": [], "excluded_lines": [], "start_line": 106}, "stop": {"executed_lines": [136, 137, 139, 140, 141, 142, 143, 145, 146, 147, 148, 149, 150, 151, 152, 153, 154, 156, 157, 158, 159, 161, 162, 163, 165, 166], "summary": {"covered_lines": 26, "num_statements": 26, "percent_covered": 100.0, "percent_covered_display": "100", "missing_lines": 0, "excluded_lines": 0, "percent_statements_covered": 100.0, "percent_statements_covered_display": "100"}, "missing_lines": [], "excluded_lines": [], "start_line": 126}, "serve_mcp": {"executed_lines": [176, 178], "summary": {"covered_lines": 2, "num_statements": 2, "percent_covered": 100.0, "percent_covered_display": "100", "missing_lines": 0, "excluded_lines": 0, "percent_statements_covered": 100.0, "percent_statements_covered_display": "100"}, "missing_lines": [], "excluded_lines": [], "start_line": 174}, "serve_rest": {"executed_lines": [187, 189, 190, 191, 192], "summary": {"covered_lines": 5, "num_statements": 5, "percent_covered": 100.0, "percent_covered_display": "100", "missing_lines": 0, "excluded_lines": 0, "percent_statements_covered": 100.0, "percent_statements_covered_display": "100"}, "missing_lines": [], "excluded_lines": [], "start_line": 182}, "serve_viz": {"executed_lines": [202, 203, 204, 206, 208, 209, 210, 212, 213, 217, 219, 220], "summary": {"covered_lines": 12, "num_statements": 12, "percent_covered": 100.0, "percent_covered_display": "100", "missing_lines": 0, "excluded_lines": 0, "percent_statements_covered": 100.0, "percent_statements_covered_display": "100"}, "missing_lines": [], "excluded_lines": [], "start_line": 196}, "serve_viz._open": {"executed_lines": [214, 215], "summary": {"covered_lines": 2, "num_statements": 2, "percent_covered": 100.0, "percent_covered_display": "100", "missing_lines": 0, "excluded_lines": 0, "percent_statements_covered": 100.0, "percent_statements_covered_display": "100"}, "missing_lines": [], "excluded_lines": [], "start_line": 213}, "serve_proxy": {"executed_lines": [236, 237, 239, 241, 242, 243, 244, 245, 246, 247], "summary": {"covered_lines": 10, "num_statements": 10, "percent_covered": 100.0, "percent_covered_display": "100", "missing_lines": 0, "excluded_lines": 0, "percent_statements_covered": 100.0, "percent_statements_covered_display": "100"}, "missing_lines": [], "excluded_lines": [], "start_line": 224}, "serve_town": {"executed_lines": [264, 265, 266, 268, 269, 271, 273, 274, 275, 276, 278, 279, 283, 285, 286], "summary": {"covered_lines": 15, "num_statements": 15, "percent_covered": 100.0, "percent_covered_display": "100", "missing_lines": 0, "excluded_lines": 0, "percent_statements_covered": 100.0, "percent_statements_covered_display": "100"}, "missing_lines": [], "excluded_lines": [], "start_line": 251}, "serve_town._open": {"executed_lines": [280, 281], "summary": {"covered_lines": 2, "num_statements": 2, "percent_covered": 100.0, "percent_covered_display": "100", "missing_lines": 0, "excluded_lines": 0, "percent_statements_covered": 100.0, "percent_statements_covered_display": "100"}, "missing_lines": [], "excluded_lines": [], "start_line": 279}, "": {"executed_lines": [2, 4, 5, 6, 7, 8, 9, 10, 12, 14, 16, 18, 20, 23, 24, 51, 68, 73, 87, 88, 105, 106, 125, 126, 169, 170, 173, 174, 181, 182, 195, 196, 223, 224, 250, 251, 289], "summary": {"covered_lines": 37, "num_statements": 38, "percent_covered": 97.36842105263158, "percent_covered_display": "97", "missing_lines": 1, "excluded_lines": 0, "percent_statements_covered": 97.36842105263158, "percent_statements_covered_display": "97"}, "missing_lines": [290], "excluded_lines": [], "start_line": 1}}, "classes": {"": {"executed_lines": [2, 4, 5, 6, 7, 8, 9, 10, 12, 14, 16, 18, 20, 23, 24, 32, 33, 34, 35, 36, 37, 38, 39, 40, 41, 42, 43, 44, 45, 47, 48, 51, 53, 54, 55, 56, 57, 58, 59, 60, 62, 63, 65, 68, 69, 70, 73, 75, 76, 77, 87, 88, 95, 97, 98, 99, 100, 101, 102, 105, 106, 112, 113, 115, 116, 117, 118, 119, 120, 121, 122, 125, 126, 136, 137, 139, 140, 141, 142, 143, 145, 146, 147, 148, 149, 150, 151, 152, 153, 154, 156, 157, 158, 159, 161, 162, 163, 165, 166, 169, 170, 173, 174, 176, 178, 181, 182, 187, 189, 190, 191, 192, 195, 196, 202, 203, 204, 206, 208, 209, 210, 212, 213, 214, 215, 217, 219, 220, 223, 224, 236, 237, 239, 241, 242, 243, 244, 245, 246, 247, 250, 251, 264, 265, 266, 268, 269, 271, 273, 274, 275, 276, 278, 279, 280, 281, 283, 285, 286, 289], "summary": {"covered_lines": 160, "num_statements": 161, "percent_covered": 99.37888198757764, "percent_covered_display": "99", "missing_lines": 1, "excluded_lines": 0, "percent_statements_covered": 99.37888198757764, "percent_statements_covered_display": "99"}, "missing_lines": [290], "excluded_lines": [], "start_line": 1}}}, "src/smrti/core/__init__.py": {"executed_lines": [1, 2, 3, 4, 17], "summary": {"covered_lines": 5, "num_statements": 5, "percent_covered": 100.0, "percent_covered_display": "100", "missing_lines": 0, "excluded_lines": 0, "percent_statements_covered": 100.0, "percent_statements_covered_display": "100"}, "missing_lines": [], "excluded_lines": [], "functions": {"": {"executed_lines": [1, 2, 3, 4, 17], "summary": {"covered_lines": 5, "num_statements": 5, "percent_covered": 100.0, "percent_covered_display": "100", "missing_lines": 0, "excluded_lines": 0, "percent_statements_covered": 100.0, "percent_statements_covered_display": "100"}, "missing_lines": [], "excluded_lines": [], "start_line": 1}}, "classes": {"": {"executed_lines": [1, 2, 3, 4, 17], "summary": {"covered_lines": 5, "num_statements": 5, "percent_covered": 100.0, "percent_covered_display": "100", "missing_lines": 0, "excluded_lines": 0, "percent_statements_covered": 100.0, "percent_statements_covered_display": "100"}, "missing_lines": [], "excluded_lines": [], "start_line": 1}}}, "src/smrti/core/atomspace.py": {"executed_lines": [1, 3, 4, 5, 6, 8, 9, 10, 19, 20, 21, 22, 24, 25, 29, 77, 78, 83, 84, 88, 91, 92, 93, 94, 95, 96, 97, 98, 101, 108, 109, 111, 112, 116, 117, 118, 120, 121, 125, 161, 166, 167, 168, 169, 170, 171, 174, 181, 183, 194, 199, 200, 204, 206, 207, 208, 209, 210, 221, 223, 230, 231, 233, 234, 238, 240, 241, 245, 247, 248, 250, 251, 252, 253, 254, 255, 257, 258, 262, 264, 265, 266, 276, 278, 286, 287, 290, 291, 296, 300, 302, 303, 308, 309, 325, 326, 330, 343, 344], "summary": {"covered_lines": 99, "num_statements": 99, "percent_covered": 100.0, "percent_covered_display": "100", "missing_lines": 0, "excluded_lines": 0, "percent_statements_covered": 100.0, "percent_statements_covered_display": "100"}, "missing_lines": [], "excluded_lines": [], "functions": {"AtomSpace.__init__": {"executed_lines": [21, 22], "summary": {"covered_lines": 2, "num_statements": 2, "percent_covered": 100.0, "percent_covered_display": "100", "missing_lines": 0, "excluded_lines": 0, "percent_statements_covered": 100.0, "percent_statements_covered_display": "100"}, "missing_lines": [], "excluded_lines": [], "start_line": 20}, "AtomSpace.add_atom": {"executed_lines": [25, 29, 77, 78, 83, 84, 88, 91, 92, 93, 94, 95, 96, 97, 98, 101, 108, 109], "summary": {"covered_lines": 18, "num_statements": 18, "percent_covered": 100.0, "percent_covered_display": "100", "missing_lines": 0, "excluded_lines": 0, "percent_statements_covered": 100.0, "percent_statements_covered_display": "100"}, "missing_lines": [], "excluded_lines": [], "start_line": 24}, "AtomSpace.get_atom": {"executed_lines": [112, 116, 117, 118], "summary": {"covered_lines": 4, "num_statements": 4, "percent_covered": 100.0, "percent_covered_display": "100", "missing_lines": 0, "excluded_lines": 0, "percent_statements_covered": 100.0, "percent_statements_covered_display": "100"}, "missing_lines": [], "excluded_lines": [], "start_line": 111}, "AtomSpace.update_atom": {"executed_lines": [121, 125, 161, 166, 167, 168, 169, 170, 171, 174, 181], "summary": {"covered_lines": 11, "num_statements": 11, "percent_covered": 100.0, "percent_covered_display": "100", "missing_lines": 0, "excluded_lines": 0, "percent_statements_covered": 100.0, "percent_statements_covered_display": "100"}, "missing_lines": [], "excluded_lines": [], "start_line": 120}, "AtomSpace.link_atoms": {"executed_lines": [194, 199, 200, 204, 206, 207, 208, 209, 210, 221], "summary": {"covered_lines": 10, "num_statements": 10, "percent_covered": 100.0, "percent_covered_display": "100", "missing_lines": 0, "excluded_lines": 0, "percent_statements_covered": 100.0, "percent_statements_covered_display": "100"}, "missing_lines": [], "excluded_lines": [], "start_line": 183}, "AtomSpace.get_neighbors": {"executed_lines": [230, 231, 233, 234, 238, 240, 241, 245, 247, 248, 250, 251, 252, 253, 254, 255, 257, 258, 262], "summary": {"covered_lines": 19, "num_statements": 19, "percent_covered": 100.0, "percent_covered_display": "100", "missing_lines": 0, "excluded_lines": 0, "percent_statements_covered": 100.0, "percent_statements_covered_display": "100"}, "missing_lines": [], "excluded_lines": [], "start_line": 223}, "AtomSpace.get_relations": {"executed_lines": [265, 266, 276], "summary": {"covered_lines": 3, "num_statements": 3, "percent_covered": 100.0, "percent_covered_display": "100", "missing_lines": 0, "excluded_lines": 0, "percent_statements_covered": 100.0, "percent_statements_covered_display": "100"}, "missing_lines": [], "excluded_lines": [], "start_line": 264}, "AtomSpace.search_by_label": {"executed_lines": [286, 287, 290, 291, 296, 300], "summary": {"covered_lines": 6, "num_statements": 6, "percent_covered": 100.0, "percent_covered_display": "100", "missing_lines": 0, "excluded_lines": 0, "percent_statements_covered": 100.0, "percent_statements_covered_display": "100"}, "missing_lines": [], "excluded_lines": [], "start_line": 278}, "AtomSpace.boost_sti": {"executed_lines": [303], "summary": {"covered_lines": 1, "num_statements": 1, "percent_covered": 100.0, "percent_covered_display": "100", "missing_lines": 0, "excluded_lines": 0, "percent_statements_covered": 100.0, "percent_statements_covered_display": "100"}, "missing_lines": [], "excluded_lines": [], "start_line": 302}, "AtomSpace.add_evidence": {"executed_lines": [309], "summary": {"covered_lines": 1, "num_statements": 1, "percent_covered": 100.0, "percent_covered_display": "100", "missing_lines": 0, "excluded_lines": 0, "percent_statements_covered": 100.0, "percent_statements_covered_display": "100"}, "missing_lines": [], "excluded_lines": [], "start_line": 308}, "AtomSpace.get_pending_evidence": {"executed_lines": [326, 330], "summary": {"covered_lines": 2, "num_statements": 2, "percent_covered": 100.0, "percent_covered_display": "100", "missing_lines": 0, "excluded_lines": 0, "percent_statements_covered": 100.0, "percent_statements_covered_display": "100"}, "missing_lines": [], "excluded_lines": [], "start_line": 325}, "AtomSpace.mark_evidence_processed": {"executed_lines": [344], "summary": {"covered_lines": 1, "num_statements": 1, "percent_covered": 100.0, "percent_covered_display": "100", "missing_lines": 0, "excluded_lines": 0, "percent_statements_covered": 100.0, "percent_statements_covered_display": "100"}, "missing_lines": [], "excluded_lines": [], "start_line": 343}, "": {"executed_lines": [1, 3, 4, 5, 6, 8, 9, 10, 19, 20, 24, 111, 120, 183, 223, 264, 278, 302, 308, 325, 343], "summary": {"covered_lines": 21, "num_statements": 21, "percent_covered": 100.0, "percent_covered_display": "100", "missing_lines": 0, "excluded_lines": 0, "percent_statements_covered": 100.0, "percent_statements_covered_display": "100"}, "missing_lines": [], "excluded_lines": [], "start_line": 1}}, "classes": {"AtomSpace": {"executed_lines": [21, 22, 25, 29, 77, 78, 83, 84, 88, 91, 92, 93, 94, 95, 96, 97, 98, 101, 108, 109, 112, 116, 117, 118, 121, 125, 161, 166, 167, 168, 169, 170, 171, 174, 181, 194, 199, 200, 204, 206, 207, 208, 209, 210, 221, 230, 231, 233, 234, 238, 240, 241, 245, 247, 248, 250, 251, 252, 253, 254, 255, 257, 258, 262, 265, 266, 276, 286, 287, 290, 291, 296, 300, 303, 309, 326, 330, 344], "summary": {"covered_lines": 78, "num_statements": 78, "percent_covered": 100.0, "percent_covered_display": "100", "missing_lines": 0, "excluded_lines": 0, "percent_statements_covered": 100.0, "percent_statements_covered_display": "100"}, "missing_lines": [], "excluded_lines": [], "start_line": 19}, "": {"executed_lines": [1, 3, 4, 5, 6, 8, 9, 10, 19, 20, 24, 111, 120, 183, 223, 264, 278, 302, 308, 325, 343], "summary": {"covered_lines": 21, "num_statements": 21, "percent_covered": 100.0, "percent_covered_display": "100", "missing_lines": 0, "excluded_lines": 0, "percent_statements_covered": 100.0, "percent_statements_covered_display": "100"}, "missing_lines": [], "excluded_lines": [], "start_line": 1}}}, "src/smrti/core/db.py": {"executed_lines": [1, 3, 4, 5, 6, 7, 8, 9, 11, 13, 14, 17, 19, 20, 21, 24, 26, 27, 28, 29, 30, 31, 32, 35, 37, 38, 39, 40, 41, 44, 46, 47, 48, 49, 50, 53, 61, 149, 152, 154, 157, 158, 159, 160, 161, 162, 163, 164, 165, 166, 167, 168, 171, 172, 173, 174, 175, 176, 177, 179, 180, 181, 182, 183, 184, 185, 186, 187, 188, 189, 190, 191, 193, 195, 196, 202, 203, 204, 205, 206, 207, 208, 209, 210, 211, 214, 221, 222, 223, 224, 226, 238, 239, 240, 241, 243, 244, 245, 246, 247, 248, 250, 251, 253, 258, 265, 266, 272, 273, 274, 275, 276, 278, 280, 281, 282, 283, 284, 285, 288, 295, 296, 297, 298, 300, 309, 310, 313, 319, 320, 321, 322, 323, 324, 325, 330, 331, 332, 333, 334, 337, 338, 339, 340, 347, 348, 349, 350, 351, 353, 354, 355, 356, 357, 358, 359, 360, 361, 363, 364, 365, 366, 367, 368, 369, 370, 372, 374, 375, 376, 377, 378, 379, 380, 381, 383, 384, 385, 386, 387, 389, 391, 392, 393, 394, 396, 397, 398, 399, 401, 402, 403, 404, 405, 406, 407, 408, 409, 410, 412, 413, 415, 416], "summary": {"covered_lines": 203, "num_statements": 203, "percent_covered": 100.0, "percent_covered_display": "100", "missing_lines": 0, "excluded_lines": 0, "percent_statements_covered": 100.0, "percent_statements_covered_display": "100"}, "missing_lines": [], "excluded_lines": [], "functions": {"_resolve_path": {"executed_lines": [19, 20, 21], "summary": {"covered_lines": 3, "num_statements": 3, "percent_covered": 100.0, "percent_covered_display": "100", "missing_lines": 0, "excluded_lines": 0, "percent_statements_covered": 100.0, "percent_statements_covered_display": "100"}, "missing_lines": [], "excluded_lines": [], "start_line": 17}, "get_database": {"executed_lines": [26, 27, 28, 29, 30, 31, 32], "summary": {"covered_lines": 7, "num_statements": 7, "percent_covered": 100.0, "percent_covered_display": "100", "missing_lines": 0, "excluded_lines": 0, "percent_statements_covered": 100.0, "percent_statements_covered_display": "100"}, "missing_lines": [], "excluded_lines": [], "start_line": 24}, "close_database": {"executed_lines": [37, 38, 39, 40, 41], "summary": {"covered_lines": 5, "num_statements": 5, "percent_covered": 100.0, "percent_covered_display": "100", "missing_lines": 0, "excluded_lines": 0, "percent_statements_covered": 100.0, "percent_statements_covered_display": "100"}, "missing_lines": [], "excluded_lines": [], "start_line": 35}, "clear_registry": {"executed_lines": [46, 47, 48, 49, 50], "summary": {"covered_lines": 5, "num_statements": 5, "percent_covered": 100.0, "percent_covered_display": "100", "missing_lines": 0, "excluded_lines": 0, "percent_statements_covered": 100.0, "percent_statements_covered_display": "100"}, "missing_lines": [], "excluded_lines": [], "start_line": 44}, "_u_lower": {"executed_lines": [154], "summary": {"covered_lines": 1, "num_statements": 1, "percent_covered": 100.0, "percent_covered_display": "100", "missing_lines": 0, "excluded_lines": 0, "percent_statements_covered": 100.0, "percent_statements_covered_display": "100"}, "missing_lines": [], "excluded_lines": [], "start_line": 152}, "_make_connection": {"executed_lines": [158, 159, 160, 161, 162, 163, 164, 165, 166, 167, 168], "summary": {"covered_lines": 11, "num_statements": 11, "percent_covered": 100.0, "percent_covered_display": "100", "missing_lines": 0, "excluded_lines": 0, "percent_statements_covered": 100.0, "percent_statements_covered_display": "100"}, "missing_lines": [], "excluded_lines": [], "start_line": 157}, "Database.__init__": {"executed_lines": [173, 174, 175, 176, 177], "summary": {"covered_lines": 5, "num_statements": 5, "percent_covered": 100.0, "percent_covered_display": "100", "missing_lines": 0, "excluded_lines": 0, "percent_statements_covered": 100.0, "percent_statements_covered_display": "100"}, "missing_lines": [], "excluded_lines": [], "start_line": 172}, "Database.initialize": {"executed_lines": [180, 181, 182, 183, 184, 185, 186, 187, 188, 189, 190, 191], "summary": {"covered_lines": 12, "num_statements": 12, "percent_covered": 100.0, "percent_covered_display": "100", "missing_lines": 0, "excluded_lines": 0, "percent_statements_covered": 100.0, "percent_statements_covered_display": "100"}, "missing_lines": [], "excluded_lines": [], "start_line": 179}, "Database._migrate_content_hash": {"executed_lines": [195, 196, 202, 203, 204, 205, 206, 207, 208, 209, 210, 211, 214, 221, 222, 223, 224], "summary": {"covered_lines": 17, "num_statements": 17, "percent_covered": 100.0, "percent_covered_display": "100", "missing_lines": 0, "excluded_lines": 0, "percent_statements_covered": 100.0, "percent_statements_covered_display": "100"}, "missing_lines": [], "excluded_lines": [], "start_line": 193}, "Database._backup_before_migration": {"executed_lines": [238, 239, 240, 241, 243, 244, 245, 246, 247, 248, 250, 251], "summary": {"covered_lines": 12, "num_statements": 12, "percent_covered": 100.0, "percent_covered_display": "100", "missing_lines": 0, "excluded_lines": 0, "percent_statements_covered": 100.0, "percent_statements_covered_display": "100"}, "missing_lines": [], "excluded_lines": [], "start_line": 226}, "Database._migrate_personality_columns": {"executed_lines": [265, 266, 272, 273, 274, 275, 276, 278, 280, 281, 282, 283, 284, 285, 288, 295, 296, 297, 298], "summary": {"covered_lines": 19, "num_statements": 19, "percent_covered": 100.0, "percent_covered_display": "100", "missing_lines": 0, "excluded_lines": 0, "percent_statements_covered": 100.0, "percent_statements_covered_display": "100"}, "missing_lines": [], "excluded_lines": [], "start_line": 258}, "Database._migrate_vec_atoms": {"executed_lines": [309, 310, 313, 319, 320, 321, 322, 323, 324, 325, 330, 331, 332, 333, 334, 337, 338, 339, 340, 347, 348, 349, 350, 351], "summary": {"covered_lines": 24, "num_statements": 24, "percent_covered": 100.0, "percent_covered_display": "100", "missing_lines": 0, "excluded_lines": 0, "percent_statements_covered": 100.0, "percent_statements_covered_display": "100"}, "missing_lines": [], "excluded_lines": [], "start_line": 300}, "Database.execute": {"executed_lines": [354, 355, 356, 357, 358, 359, 360, 361], "summary": {"covered_lines": 8, "num_statements": 8, "percent_covered": 100.0, "percent_covered_display": "100", "missing_lines": 0, "excluded_lines": 0, "percent_statements_covered": 100.0, "percent_statements_covered_display": "100"}, "missing_lines": [], "excluded_lines": [], "start_line": 353}, "Database.execute_many": {"executed_lines": [364, 365, 366, 367, 368, 369, 370], "summary": {"covered_lines": 7, "num_statements": 7, "percent_covered": 100.0, "percent_covered_display": "100", "missing_lines": 0, "excluded_lines": 0, "percent_statements_covered": 100.0, "percent_statements_covered_display": "100"}, "missing_lines": [], "excluded_lines": [], "start_line": 363}, "Database.execute_batch": {"executed_lines": [374, 375, 376, 377, 378, 379, 380, 381], "summary": {"covered_lines": 8, "num_statements": 8, "percent_covered": 100.0, "percent_covered_display": "100", "missing_lines": 0, "excluded_lines": 0, "percent_statements_covered": 100.0, "percent_statements_covered_display": "100"}, "missing_lines": [], "excluded_lines": [], "start_line": 372}, "Database._read_conn": {"executed_lines": [385, 386, 387, 389], "summary": {"covered_lines": 4, "num_statements": 4, "percent_covered": 100.0, "percent_covered_display": "100", "missing_lines": 0, "excluded_lines": 0, "percent_statements_covered": 100.0, "percent_statements_covered_display": "100"}, "missing_lines": [], "excluded_lines": [], "start_line": 384}, "Database.fetchall": {"executed_lines": [392, 393, 394], "summary": {"covered_lines": 3, "num_statements": 3, "percent_covered": 100.0, "percent_covered_display": "100", "missing_lines": 0, "excluded_lines": 0, "percent_statements_covered": 100.0, "percent_statements_covered_display": "100"}, "missing_lines": [], "excluded_lines": [], "start_line": 391}, "Database.fetchone": {"executed_lines": [397, 398, 399], "summary": {"covered_lines": 3, "num_statements": 3, "percent_covered": 100.0, "percent_covered_display": "100", "missing_lines": 0, "excluded_lines": 0, "percent_statements_covered": 100.0, "percent_statements_covered_display": "100"}, "missing_lines": [], "excluded_lines": [], "start_line": 396}, "Database.close": {"executed_lines": [402, 403, 404, 405, 406, 407, 408, 409, 410], "summary": {"covered_lines": 9, "num_statements": 9, "percent_covered": 100.0, "percent_covered_display": "100", "missing_lines": 0, "excluded_lines": 0, "percent_statements_covered": 100.0, "percent_statements_covered_display": "100"}, "missing_lines": [], "excluded_lines": [], "start_line": 401}, "Database.__enter__": {"executed_lines": [413], "summary": {"covered_lines": 1, "num_statements": 1, "percent_covered": 100.0, "percent_covered_display": "100", "missing_lines": 0, "excluded_lines": 0, "percent_statements_covered": 100.0, "percent_statements_covered_display": "100"}, "missing_lines": [], "excluded_lines": [], "start_line": 412}, "Database.__exit__": {"executed_lines": [416], "summary": {"covered_lines": 1, "num_statements": 1, "percent_covered": 100.0, "percent_covered_display": "100", "missing_lines": 0, "excluded_lines": 0, "percent_statements_covered": 100.0, "percent_statements_covered_display": "100"}, "missing_lines": [], "excluded_lines": [], "start_line": 415}, "": {"executed_lines": [1, 3, 4, 5, 6, 7, 8, 9, 11, 13, 14, 17, 24, 35, 44, 53, 61, 149, 152, 157, 171, 172, 179, 193, 226, 253, 258, 300, 353, 363, 372, 383, 384, 391, 396, 401, 412, 415], "summary": {"covered_lines": 38, "num_statements": 38, "percent_covered": 100.0, "percent_covered_display": "100", "missing_lines": 0, "excluded_lines": 0, "percent_statements_covered": 100.0, "percent_statements_covered_display": "100"}, "missing_lines": [], "excluded_lines": [], "start_line": 1}}, "classes": {"Database": {"executed_lines": [173, 174, 175, 176, 177, 180, 181, 182, 183, 184, 185, 186, 187, 188, 189, 190, 191, 195, 196, 202, 203, 204, 205, 206, 207, 208, 209, 210, 211, 214, 221, 222, 223, 224, 238, 239, 240, 241, 243, 244, 245, 246, 247, 248, 250, 251, 265, 266, 272, 273, 274, 275, 276, 278, 280, 281, 282, 283, 284, 285, 288, 295, 296, 297, 298, 309, 310, 313, 319, 320, 321, 322, 323, 324, 325, 330, 331, 332, 333, 334, 337, 338, 339, 340, 347, 348, 349, 350, 351, 354, 355, 356, 357, 358, 359, 360, 361, 364, 365, 366, 367, 368, 369, 370, 374, 375, 376, 377, 378, 379, 380, 381, 385, 386, 387, 389, 392, 393, 394, 397, 398, 399, 402, 403, 404, 405, 406, 407, 408, 409, 410, 413, 416], "summary": {"covered_lines": 133, "num_statements": 133, "percent_covered": 100.0, "percent_covered_display": "100", "missing_lines": 0, "excluded_lines": 0, "percent_statements_covered": 100.0, "percent_statements_covered_display": "100"}, "missing_lines": [], "excluded_lines": [], "start_line": 171}, "": {"executed_lines": [1, 3, 4, 5, 6, 7, 8, 9, 11, 13, 14, 17, 19, 20, 21, 24, 26, 27, 28, 29, 30, 31, 32, 35, 37, 38, 39, 40, 41, 44, 46, 47, 48, 49, 50, 53, 61, 149, 152, 154, 157, 158, 159, 160, 161, 162, 163, 164, 165, 166, 167, 168, 171, 172, 179, 193, 226, 253, 258, 300, 353, 363, 372, 383, 384, 391, 396, 401, 412, 415], "summary": {"covered_lines": 70, "num_statements": 70, "percent_covered": 100.0, "percent_covered_display": "100", "missing_lines": 0, "excluded_lines": 0, "percent_statements_covered": 100.0, "percent_statements_covered_display": "100"}, "missing_lines": [], "excluded_lines": [], "start_line": 1}}}, "src/smrti/core/embed.py": {"executed_lines": [1, 3, 4, 6, 7, 10, 13, 14, 15, 16, 19, 22, 23, 24, 25, 27, 28, 29, 30, 31, 32, 33, 34, 35, 37, 38, 39, 40, 42, 43, 44, 46, 47, 48], "summary": {"covered_lines": 34, "num_statements": 34, "percent_covered": 100.0, "percent_covered_display": "100", "missing_lines": 0, "excluded_lines": 0, "percent_statements_covered": 100.0, "percent_statements_covered_display": "100"}, "missing_lines": [], "excluded_lines": [], "functions": {"get_embedding_provider": {"executed_lines": [13, 14, 15, 16], "summary": {"covered_lines": 4, "num_statements": 4, "percent_covered": 100.0, "percent_covered_display": "100", "missing_lines": 0, "excluded_lines": 0, "percent_statements_covered": 100.0, "percent_statements_covered_display": "100"}, "missing_lines": [], "excluded_lines": [], "start_line": 10}, "EmbeddingProvider.__init__": {"executed_lines": [23, 24, 25], "summary": {"covered_lines": 3, "num_statements": 3, "percent_covered": 100.0, "percent_covered_display": "100", "missing_lines": 0, "excluded_lines": 0, "percent_statements_covered": 100.0, "percent_statements_covered_display": "100"}, "missing_lines": [], "excluded_lines": [], "start_line": 22}, "EmbeddingProvider._get_model": {"executed_lines": [28, 29, 30, 31, 32, 33, 34, 35], "summary": {"covered_lines": 8, "num_statements": 8, "percent_covered": 100.0, "percent_covered_display": "100", "missing_lines": 0, "excluded_lines": 0, "percent_statements_covered": 100.0, "percent_statements_covered_display": "100"}, "missing_lines": [], "excluded_lines": [], "start_line": 27}, "EmbeddingProvider.embed": {"executed_lines": [38, 39, 40], "summary": {"covered_lines": 3, "num_statements": 3, "percent_covered": 100.0, "percent_covered_display": "100", "missing_lines": 0, "excluded_lines": 0, "percent_statements_covered": 100.0, "percent_statements_covered_display": "100"}, "missing_lines": [], "excluded_lines": [], "start_line": 37}, "EmbeddingProvider.embed_batch": {"executed_lines": [43, 44], "summary": {"covered_lines": 2, "num_statements": 2, "percent_covered": 100.0, "percent_covered_display": "100", "missing_lines": 0, "excluded_lines": 0, "percent_statements_covered": 100.0, "percent_statements_covered_display": "100"}, "missing_lines": [], "excluded_lines": [], "start_line": 42}, "EmbeddingProvider.dimensions": {"executed_lines": [48], "summary": {"covered_lines": 1, "num_statements": 1, "percent_covered": 100.0, "percent_covered_display": "100", "missing_lines": 0, "excluded_lines": 0, "percent_statements_covered": 100.0, "percent_statements_covered_display": "100"}, "missing_lines": [], "excluded_lines": [], "start_line": 47}, "": {"executed_lines": [1, 3, 4, 6, 7, 10, 19, 22, 27, 37, 42, 46, 47], "summary": {"covered_lines": 13, "num_statements": 13, "percent_covered": 100.0, "percent_covered_display": "100", "missing_lines": 0, "excluded_lines": 0, "percent_statements_covered": 100.0, "percent_statements_covered_display": "100"}, "missing_lines": [], "excluded_lines": [], "start_line": 1}}, "classes": {"EmbeddingProvider": {"executed_lines": [23, 24, 25, 28, 29, 30, 31, 32, 33, 34, 35, 38, 39, 40, 43, 44, 48], "summary": {"covered_lines": 17, "num_statements": 17, "percent_covered": 100.0, "percent_covered_display": "100", "missing_lines": 0, "excluded_lines": 0, "percent_statements_covered": 100.0, "percent_statements_covered_display": "100"}, "missing_lines": [], "excluded_lines": [], "start_line": 19}, "": {"executed_lines": [1, 3, 4, 6, 7, 10, 13, 14, 15, 16, 19, 22, 27, 37, 42, 46, 47], "summary": {"covered_lines": 17, "num_statements": 17, "percent_covered": 100.0, "percent_covered_display": "100", "missing_lines": 0, "excluded_lines": 0, "percent_statements_covered": 100.0, "percent_statements_covered_display": "100"}, "missing_lines": [], "excluded_lines": [], "start_line": 1}}}, "src/smrti/core/models.py": {"executed_lines": [1, 3, 4, 5, 6, 8, 11, 12, 13, 14, 15, 16, 19, 20, 21, 22, 23, 24, 25, 26, 27, 28, 29, 30, 31, 32, 33, 34, 35, 36, 39, 40, 41, 43, 45, 46, 47, 48, 49, 53, 54, 55, 58, 59, 60, 63, 64, 65, 68, 69, 70, 71, 72, 73, 74, 75, 76, 77, 78, 79, 80, 81, 82, 83, 84, 87, 88, 89, 90, 91, 92, 93, 94, 97, 98, 99, 100, 103, 104, 105, 106, 107, 108, 109, 110, 111, 114, 116, 117, 118, 121, 123, 124, 125, 126, 128, 129, 131, 132, 135, 137, 138, 139, 140, 143, 144, 145, 146, 147, 148, 149, 152, 153, 154, 155, 158, 159, 160], "summary": {"covered_lines": 118, "num_statements": 118, "percent_covered": 100.0, "percent_covered_display": "100", "missing_lines": 0, "excluded_lines": 0, "percent_statements_covered": 100.0, "percent_statements_covered_display": "100"}, "missing_lines": [], "excluded_lines": [], "functions": {"TruthValue.merge": {"executed_lines": [45, 46, 47, 48, 49, 53, 54, 55], "summary": {"covered_lines": 8, "num_statements": 8, "percent_covered": 100.0, "percent_covered_display": "100", "missing_lines": 0, "excluded_lines": 0, "percent_statements_covered": 100.0, "percent_statements_covered_display": "100"}, "missing_lines": [], "excluded_lines": [], "start_line": 43}, "SpaceOverlap.bridge_space_name": {"executed_lines": [131, 132], "summary": {"covered_lines": 2, "num_statements": 2, "percent_covered": 100.0, "percent_covered_display": "100", "missing_lines": 0, "excluded_lines": 0, "percent_statements_covered": 100.0, "percent_statements_covered_display": "100"}, "missing_lines": [], "excluded_lines": [], "start_line": 129}, "_safe_entity_type": {"executed_lines": [144, 145, 146, 147, 148, 149], "summary": {"covered_lines": 6, "num_statements": 6, "percent_covered": 100.0, "percent_covered_display": "100", "missing_lines": 0, "excluded_lines": 0, "percent_statements_covered": 100.0, "percent_statements_covered_display": "100"}, "missing_lines": [], "excluded_lines": [], "start_line": 143}, "_clamp": {"executed_lines": [153, 154, 155], "summary": {"covered_lines": 3, "num_statements": 3, "percent_covered": 100.0, "percent_covered_display": "100", "missing_lines": 0, "excluded_lines": 0, "percent_statements_covered": 100.0, "percent_statements_covered_display": "100"}, "missing_lines": [], "excluded_lines": [], "start_line": 152}, "atom_from_row": {"executed_lines": [159, 160], "summary": {"covered_lines": 2, "num_statements": 2, "percent_covered": 100.0, "percent_covered_display": "100", "missing_lines": 0, "excluded_lines": 0, "percent_statements_covered": 100.0, "percent_statements_covered_display": "100"}, "missing_lines": [], "excluded_lines": [], "start_line": 158}, "": {"executed_lines": [1, 3, 4, 5, 6, 8, 11, 12, 13, 14, 15, 16, 19, 20, 21, 22, 23, 24, 25, 26, 27, 28, 29, 30, 31, 32, 33, 34, 35, 36, 39, 40, 41, 43, 58, 59, 60, 63, 64, 65, 68, 69, 70, 71, 72, 73, 74, 75, 76, 77, 78, 79, 80, 81, 82, 83, 84, 87, 88, 89, 90, 91, 92, 93, 94, 97, 98, 99, 100, 103, 104, 105, 106, 107, 108, 109, 110, 111, 114, 116, 117, 118, 121, 123, 124, 125, 126, 128, 129, 135, 137, 138, 139, 140, 143, 152, 158], "summary": {"covered_lines": 97, "num_statements": 97, "percent_covered": 100.0, "percent_covered_display": "100", "missing_lines": 0, "excluded_lines": 0, "percent_statements_covered": 100.0, "percent_statements_covered_display": "100"}, "missing_lines": [], "excluded_lines": [], "start_line": 1}}, "classes": {"AtomType": {"executed_lines": [], "summary": {"covered_lines": 0, "num_statements": 0, "percent_covered": 100.0, "percent_covered_display": "100", "missing_lines": 0, "excluded_lines": 0, "percent_statements_covered": 100.0, "percent_statements_covered_display": "100"}, "missing_lines": [], "excluded_lines": [], "start_line": 11}, "EntityType": {"executed_lines": [], "summary": {"covered_lines": 0, "num_statements": 0, "percent_covered": 100.0, "percent_covered_display": "100", "missing_lines": 0, "excluded_lines": 0, "percent_statements_covered": 100.0, "percent_statements_covered_display": "100"}, "missing_lines": [], "excluded_lines": [], "start_line": 19}, "TruthValue": {"executed_lines": [45, 46, 47, 48, 49, 53, 54, 55], "summary": {"covered_lines": 8, "num_statements": 8, "percent_covered": 100.0, "percent_covered_display": "100", "missing_lines": 0, "excluded_lines": 0, "percent_statements_covered": 100.0, "percent_statements_covered_display": "100"}, "missing_lines": [], "excluded_lines": [], "start_line": 39}, "AttentionValue": {"executed_lines": [], "summary": {"covered_lines": 0, "num_statements": 0, "percent_covered": 100.0, "percent_covered_display": "100", "missing_lines": 0, "excluded_lines": 0, "percent_statements_covered": 100.0, "percent_statements_covered_display": "100"}, "missing_lines": [], "excluded_lines": [], "start_line": 58}, "Valence": {"executed_lines": [], "summary": {"covered_lines": 0, "num_statements": 0, "percent_covered": 100.0, "percent_covered_display": "100", "missing_lines": 0, "excluded_lines": 0, "percent_statements_covered": 100.0, "percent_statements_covered_display": "100"}, "missing_lines": [], "excluded_lines": [], "start_line": 63}, "Atom": {"executed_lines": [], "summary": {"covered_lines": 0, "num_statements": 0, "percent_covered": 100.0, "percent_covered_display": "100", "missing_lines": 0, "excluded_lines": 0, "percent_statements_covered": 100.0, "percent_statements_covered_display": "100"}, "missing_lines": [], "excluded_lines": [], "start_line": 68}, "Evidence": {"executed_lines": [], "summary": {"covered_lines": 0, "num_statements": 0, "percent_covered": 100.0, "percent_covered_display": "100", "missing_lines": 0, "excluded_lines": 0, "percent_statements_covered": 100.0, "percent_statements_covered_display": "100"}, "missing_lines": [], "excluded_lines": [], "start_line": 87}, "RecallResult": {"executed_lines": [], "summary": {"covered_lines": 0, "num_statements": 0, "percent_covered": 100.0, "percent_covered_display": "100", "missing_lines": 0, "excluded_lines": 0, "percent_statements_covered": 100.0, "percent_statements_covered_display": "100"}, "missing_lines": [], "excluded_lines": [], "start_line": 97}, "EpochResult": {"executed_lines": [], "summary": {"covered_lines": 0, "num_statements": 0, "percent_covered": 100.0, "percent_covered_display": "100", "missing_lines": 0, "excluded_lines": 0, "percent_statements_covered": 100.0, "percent_statements_covered_display": "100"}, "missing_lines": [], "excluded_lines": [], "start_line": 103}, "AtomPair": {"executed_lines": [], "summary": {"covered_lines": 0, "num_statements": 0, "percent_covered": 100.0, "percent_covered_display": "100", "missing_lines": 0, "excluded_lines": 0, "percent_statements_covered": 100.0, "percent_statements_covered_display": "100"}, "missing_lines": [], "excluded_lines": [], "start_line": 114}, "SpaceOverlap": {"executed_lines": [131, 132], "summary": {"covered_lines": 2, "num_statements": 2, "percent_covered": 100.0, "percent_covered_display": "100", "missing_lines": 0, "excluded_lines": 0, "percent_statements_covered": 100.0, "percent_statements_covered_display": "100"}, "missing_lines": [], "excluded_lines": [], "start_line": 121}, "SpaceSetResult": {"executed_lines": [], "summary": {"covered_lines": 0, "num_statements": 0, "percent_covered": 100.0, "percent_covered_display": "100", "missing_lines": 0, "excluded_lines": 0, "percent_statements_covered": 100.0, "percent_statements_covered_display": "100"}, "missing_lines": [], "excluded_lines": [], "start_line": 135}, "": {"executed_lines": [1, 3, 4, 5, 6, 8, 11, 12, 13, 14, 15, 16, 19, 20, 21, 22, 23, 24, 25, 26, 27, 28, 29, 30, 31, 32, 33, 34, 35, 36, 39, 40, 41, 43, 58, 59, 60, 63, 64, 65, 68, 69, 70, 71, 72, 73, 74, 75, 76, 77, 78, 79, 80, 81, 82, 83, 84, 87, 88, 89, 90, 91, 92, 93, 94, 97, 98, 99, 100, 103, 104, 105, 106, 107, 108, 109, 110, 111, 114, 116, 117, 118, 121, 123, 124, 125, 126, 128, 129, 135, 137, 138, 139, 140, 143, 144, 145, 146, 147, 148, 149, 152, 153, 154, 155, 158, 159, 160], "summary": {"covered_lines": 108, "num_statements": 108, "percent_covered": 100.0, "percent_covered_display": "100", "missing_lines": 0, "excluded_lines": 0, "percent_statements_covered": 100.0, "percent_statements_covered_display": "100"}, "missing_lines": [], "excluded_lines": [], "start_line": 1}}}, "src/smrti/core/provenance.py": {"executed_lines": [7, 9, 10, 19, 26], "summary": {"covered_lines": 5, "num_statements": 5, "percent_covered": 100.0, "percent_covered_display": "100", "missing_lines": 0, "excluded_lines": 0, "percent_statements_covered": 100.0, "percent_statements_covered_display": "100"}, "missing_lines": [], "excluded_lines": [], "functions": {"": {"executed_lines": [7, 9, 10, 19, 26], "summary": {"covered_lines": 5, "num_statements": 5, "percent_covered": 100.0, "percent_covered_display": "100", "missing_lines": 0, "excluded_lines": 0, "percent_statements_covered": 100.0, "percent_statements_covered_display": "100"}, "missing_lines": [], "excluded_lines": [], "start_line": 1}}, "classes": {"": {"executed_lines": [7, 9, 10, 19, 26], "summary": {"covered_lines": 5, "num_statements": 5, "percent_covered": 100.0, "percent_covered_display": "100", "missing_lines": 0, "excluded_lines": 0, "percent_statements_covered": 100.0, "percent_statements_covered_display": "100"}, "missing_lines": [], "excluded_lines": [], "start_line": 1}}}, "src/smrti/evolution/__init__.py": {"executed_lines": [], "summary": {"covered_lines": 0, "num_statements": 0, "percent_covered": 100.0, "percent_covered_display": "100", "missing_lines": 0, "excluded_lines": 0, "percent_statements_covered": 100.0, "percent_statements_covered_display": "100"}, "missing_lines": [], "excluded_lines": [], "functions": {"": {"executed_lines": [], "summary": {"covered_lines": 0, "num_statements": 0, "percent_covered": 100.0, "percent_covered_display": "100", "missing_lines": 0, "excluded_lines": 0, "percent_statements_covered": 100.0, "percent_statements_covered_display": "100"}, "missing_lines": [], "excluded_lines": [], "start_line": 1}}, "classes": {"": {"executed_lines": [], "summary": {"covered_lines": 0, "num_statements": 0, "percent_covered": 100.0, "percent_covered_display": "100", "missing_lines": 0, "excluded_lines": 0, "percent_statements_covered": 100.0, "percent_statements_covered_display": "100"}, "missing_lines": [], "excluded_lines": [], "start_line": 1}}}, "src/smrti/evolution/attention.py": {"executed_lines": [2, 5, 7, 10, 12, 15, 22, 23, 24, 27, 43, 46, 47, 51, 52, 55, 59, 63, 64, 67, 68, 69, 70, 71, 72, 74, 75, 79], "summary": {"covered_lines": 28, "num_statements": 29, "percent_covered": 96.55172413793103, "percent_covered_display": "97", "missing_lines": 1, "excluded_lines": 0, "percent_statements_covered": 96.55172413793103, "percent_statements_covered_display": "97"}, "missing_lines": [53], "excluded_lines": [], "functions": {"decay_sti": {"executed_lines": [7], "summary": {"covered_lines": 1, "num_statements": 1, "percent_covered": 100.0, "percent_covered_display": "100", "missing_lines": 0, "excluded_lines": 0, "percent_statements_covered": 100.0, "percent_statements_covered_display": "100"}, "missing_lines": [], "excluded_lines": [], "start_line": 5}, "decay_lti": {"executed_lines": [12], "summary": {"covered_lines": 1, "num_statements": 1, "percent_covered": 100.0, "percent_covered_display": "100", "missing_lines": 0, "excluded_lines": 0, "percent_statements_covered": 100.0, "percent_statements_covered_display": "100"}, "missing_lines": [], "excluded_lines": [], "start_line": 10}, "promote_lti": {"executed_lines": [22, 23, 24], "summary": {"covered_lines": 3, "num_statements": 3, "percent_covered": 100.0, "percent_covered_display": "100", "missing_lines": 0, "excluded_lines": 0, "percent_statements_covered": 100.0, "percent_statements_covered_display": "100"}, "missing_lines": [], "excluded_lines": [], "start_line": 15}, "propagate_sti": {"executed_lines": [43, 46, 47, 51, 52, 55, 59, 63, 64, 67, 68, 69, 70, 71, 72, 74, 75, 79], "summary": {"covered_lines": 18, "num_statements": 19, "percent_covered": 94.73684210526316, "percent_covered_display": "95", "missing_lines": 1, "excluded_lines": 0, "percent_statements_covered": 94.73684210526316, "percent_statements_covered_display": "95"}, "missing_lines": [53], "excluded_lines": [], "start_line": 27}, "": {"executed_lines": [2, 5, 10, 15, 27], "summary": {"covered_lines": 5, "num_statements": 5, "percent_covered": 100.0, "percent_covered_display": "100", "missing_lines": 0, "excluded_lines": 0, "percent_statements_covered": 100.0, "percent_statements_covered_display": "100"}, "missing_lines": [], "excluded_lines": [], "start_line": 1}}, "classes": {"": {"executed_lines": [2, 5, 7, 10, 12, 15, 22, 23, 24, 27, 43, 46, 47, 51, 52, 55, 59, 63, 64, 67, 68, 69, 70, 71, 72, 74, 75, 79], "summary": {"covered_lines": 28, "num_statements": 29, "percent_covered": 96.55172413793103, "percent_covered_display": "97", "missing_lines": 1, "excluded_lines": 0, "percent_statements_covered": 96.55172413793103, "percent_statements_covered_display": "97"}, "missing_lines": [53], "excluded_lines": [], "start_line": 1}}}, "src/smrti/evolution/connections.py": {"executed_lines": [2, 4, 5, 8, 20, 27, 29, 30, 33, 34, 36, 37, 38, 40, 47, 53, 55, 56, 57, 58, 59, 60, 62, 63, 69, 71], "summary": {"covered_lines": 26, "num_statements": 26, "percent_covered": 100.0, "percent_covered_display": "100", "missing_lines": 0, "excluded_lines": 0, "percent_statements_covered": 100.0, "percent_statements_covered_display": "100"}, "missing_lines": [], "excluded_lines": [], "functions": {"discover_connections": {"executed_lines": [20, 27, 29, 30, 33, 34, 36, 37, 38, 40, 47, 53, 55, 56, 57, 58, 59, 60, 62, 63, 69, 71], "summary": {"covered_lines": 22, "num_statements": 22, "percent_covered": 100.0, "percent_covered_display": "100", "missing_lines": 0, "excluded_lines": 0, "percent_statements_covered": 100.0, "percent_statements_covered_display": "100"}, "missing_lines": [], "excluded_lines": [], "start_line": 8}, "": {"executed_lines": [2, 4, 5, 8], "summary": {"covered_lines": 4, "num_statements": 4, "percent_covered": 100.0, "percent_covered_display": "100", "missing_lines": 0, "excluded_lines": 0, "percent_statements_covered": 100.0, "percent_statements_covered_display": "100"}, "missing_lines": [], "excluded_lines": [], "start_line": 1}}, "classes": {"": {"executed_lines": [2, 4, 5, 8, 20, 27, 29, 30, 33, 34, 36, 37, 38, 40, 47, 53, 55, 56, 57, 58, 59, 60, 62, 63, 69, 71], "summary": {"covered_lines": 26, "num_statements": 26, "percent_covered": 100.0, "percent_covered_display": "100", "missing_lines": 0, "excluded_lines": 0, "percent_statements_covered": 100.0, "percent_statements_covered_display": "100"}, "missing_lines": [], "excluded_lines": [], "start_line": 1}}}, "src/smrti/evolution/epoch.py": {"executed_lines": [2, 4, 5, 6, 7, 8, 9, 10, 11, 12, 21, 22, 26, 29, 37, 38, 41, 54, 58, 62, 64, 65, 66, 67, 68, 70, 74, 75, 84, 85, 89, 93, 94, 95, 96, 97, 100, 102, 106, 107, 110, 116, 120, 121, 127, 131, 136, 137, 146, 156, 160, 163, 170, 171, 172, 173, 174, 178, 179, 180, 181, 182, 185, 188, 192, 193, 197, 204, 212, 213, 215, 218, 221, 222, 227, 237, 240, 241, 244, 245, 246, 253, 254, 263, 265, 266, 267, 271, 282, 294, 296, 299, 302, 306, 307, 309, 310, 312, 313, 315, 317, 318, 322], "summary": {"covered_lines": 103, "num_statements": 107, "percent_covered": 96.26168224299066, "percent_covered_display": "96", "missing_lines": 4, "excluded_lines": 0, "percent_statements_covered": 96.26168224299066, "percent_statements_covered_display": "96"}, "missing_lines": [101, 214, 300, 316], "excluded_lines": [], "functions": {"_param": {"executed_lines": [37, 38], "summary": {"covered_lines": 2, "num_statements": 2, "percent_covered": 100.0, "percent_covered_display": "100", "missing_lines": 0, "excluded_lines": 0, "percent_statements_covered": 100.0, "percent_statements_covered_display": "100"}, "missing_lines": [], "excluded_lines": [], "start_line": 29}, "run_epoch": {"executed_lines": [54, 58, 62, 64, 65, 66, 67, 68, 70, 74, 75, 84, 85, 89, 93, 94, 95, 96, 97, 100, 102, 106, 107, 110, 116, 120, 121, 127, 131, 136, 137, 146, 156, 160, 163, 170, 171, 172, 173, 174, 178, 179, 180, 181, 182, 185, 188, 192, 193, 197, 204, 212, 213, 215, 218, 221, 222, 227, 237, 240, 241, 244, 245, 246, 253, 254, 263, 265, 266, 267, 271, 282], "summary": {"covered_lines": 72, "num_statements": 74, "percent_covered": 97.29729729729729, "percent_covered_display": "97", "missing_lines": 2, "excluded_lines": 0, "percent_statements_covered": 97.29729729729729, "percent_statements_covered_display": "97"}, "missing_lines": [101, 214], "excluded_lines": [], "start_line": 41}, "_discover_bridges": {"executed_lines": [296, 299, 302, 306, 307, 309, 310, 312, 313, 315, 317, 318, 322], "summary": {"covered_lines": 13, "num_statements": 15, "percent_covered": 86.66666666666667, "percent_covered_display": "87", "missing_lines": 2, "excluded_lines": 0, "percent_statements_covered": 86.66666666666667, "percent_statements_covered_display": "87"}, "missing_lines": [300, 316], "excluded_lines": [], "start_line": 294}, "": {"executed_lines": [2, 4, 5, 6, 7, 8, 9, 10, 11, 12, 21, 22, 26, 29, 41, 294], "summary": {"covered_lines": 16, "num_statements": 16, "percent_covered": 100.0, "percent_covered_display": "100", "missing_lines": 0, "excluded_lines": 0, "percent_statements_covered": 100.0, "percent_statements_covered_display": "100"}, "missing_lines": [], "excluded_lines": [], "start_line": 1}}, "classes": {"": {"executed_lines": [2, 4, 5, 6, 7, 8, 9, 10, 11, 12, 21, 22, 26, 29, 37, 38, 41, 54, 58, 62, 64, 65, 66, 67, 68, 70, 74, 75, 84, 85, 89, 93, 94, 95, 96, 97, 100, 102, 106, 107, 110, 116, 120, 121, 127, 131, 136, 137, 146, 156, 160, 163, 170, 171, 172, 173, 174, 178, 179, 180, 181, 182, 185, 188, 192, 193, 197, 204, 212, 213, 215, 218, 221, 222, 227, 237, 240, 241, 244, 245, 246, 253, 254, 263, 265, 266, 267, 271, 282, 294, 296, 299, 302, 306, 307, 309, 310, 312, 313, 315, 317, 318, 322], "summary": {"covered_lines": 103, "num_statements": 107, "percent_covered": 96.26168224299066, "percent_covered_display": "96", "missing_lines": 4, "excluded_lines": 0, "percent_statements_covered": 96.26168224299066, "percent_statements_covered_display": "96"}, "missing_lines": [101, 214, 300, 316], "excluded_lines": [], "start_line": 1}}}, "src/smrti/evolution/healing.py": {"executed_lines": [2, 4, 5, 8, 24, 31, 32, 36, 54, 55, 57, 58, 59, 60, 61, 62, 63, 65, 66, 67, 69, 70, 72, 73, 74, 77, 80, 86, 87, 88, 89, 94, 96, 99, 101, 104, 105, 106, 107, 110, 111, 112, 113, 114, 116, 119, 125, 126, 127, 128, 129, 130, 131, 132, 133, 136, 141, 146, 148, 149], "summary": {"covered_lines": 60, "num_statements": 62, "percent_covered": 96.7741935483871, "percent_covered_display": "97", "missing_lines": 2, "excluded_lines": 0, "percent_statements_covered": 96.7741935483871, "percent_statements_covered_display": "97"}, "missing_lines": [115, 147], "excluded_lines": [], "functions": {"heal_orphaned_episodes": {"executed_lines": [24, 31, 32, 36, 54, 55, 57, 58, 59, 60, 61, 62, 63, 65, 66, 67, 69, 70, 72, 73, 74, 77, 80, 86, 87, 88, 89, 94, 96], "summary": {"covered_lines": 29, "num_statements": 29, "percent_covered": 100.0, "percent_covered_display": "100", "missing_lines": 0, "excluded_lines": 0, "percent_statements_covered": 100.0, "percent_statements_covered_display": "100"}, "missing_lines": [], "excluded_lines": [], "start_line": 8}, "_stored_embedding": {"executed_lines": [101, 104, 105, 106, 107], "summary": {"covered_lines": 5, "num_statements": 5, "percent_covered": 100.0, "percent_covered_display": "100", "missing_lines": 0, "excluded_lines": 0, "percent_statements_covered": 100.0, "percent_statements_covered_display": "100"}, "missing_lines": [], "excluded_lines": [], "start_line": 99}, "_cosine": {"executed_lines": [111, 112, 113, 114, 116], "summary": {"covered_lines": 5, "num_statements": 6, "percent_covered": 83.33333333333333, "percent_covered_display": "83", "missing_lines": 1, "excluded_lines": 0, "percent_statements_covered": 83.33333333333333, "percent_statements_covered_display": "83"}, "missing_lines": [115], "excluded_lines": [], "start_line": 110}, "_best_person": {"executed_lines": [125, 126, 127, 128, 129, 130, 131, 132, 133], "summary": {"covered_lines": 9, "num_statements": 9, "percent_covered": 100.0, "percent_covered_display": "100", "missing_lines": 0, "excluded_lines": 0, "percent_statements_covered": 100.0, "percent_statements_covered_display": "100"}, "missing_lines": [], "excluded_lines": [], "start_line": 119}, "_create_relation": {"executed_lines": [141, 146, 148, 149], "summary": {"covered_lines": 4, "num_statements": 5, "percent_covered": 80.0, "percent_covered_display": "80", "missing_lines": 1, "excluded_lines": 0, "percent_statements_covered": 80.0, "percent_statements_covered_display": "80"}, "missing_lines": [147], "excluded_lines": [], "start_line": 136}, "": {"executed_lines": [2, 4, 5, 8, 99, 110, 119, 136], "summary": {"covered_lines": 8, "num_statements": 8, "percent_covered": 100.0, "percent_covered_display": "100", "missing_lines": 0, "excluded_lines": 0, "percent_statements_covered": 100.0, "percent_statements_covered_display": "100"}, "missing_lines": [], "excluded_lines": [], "start_line": 1}}, "classes": {"": {"executed_lines": [2, 4, 5, 8, 24, 31, 32, 36, 54, 55, 57, 58, 59, 60, 61, 62, 63, 65, 66, 67, 69, 70, 72, 73, 74, 77, 80, 86, 87, 88, 89, 94, 96, 99, 101, 104, 105, 106, 107, 110, 111, 112, 113, 114, 116, 119, 125, 126, 127, 128, 129, 130, 131, 132, 133, 136, 141, 146, 148, 149], "summary": {"covered_lines": 60, "num_statements": 62, "percent_covered": 96.7741935483871, "percent_covered_display": "97", "missing_lines": 2, "excluded_lines": 0, "percent_statements_covered": 96.7741935483871, "percent_statements_covered_display": "97"}, "missing_lines": [115, 147], "excluded_lines": [], "start_line": 1}}}, "src/smrti/evolution/truth.py": {"executed_lines": [2, 4, 7, 18, 19, 20, 21, 24, 25], "summary": {"covered_lines": 9, "num_statements": 9, "percent_covered": 100.0, "percent_covered_display": "100", "missing_lines": 0, "excluded_lines": 0, "percent_statements_covered": 100.0, "percent_statements_covered_display": "100"}, "missing_lines": [], "excluded_lines": [], "functions": {"update_truth": {"executed_lines": [18, 19, 20, 21, 24, 25], "summary": {"covered_lines": 6, "num_statements": 6, "percent_covered": 100.0, "percent_covered_display": "100", "missing_lines": 0, "excluded_lines": 0, "percent_statements_covered": 100.0, "percent_statements_covered_display": "100"}, "missing_lines": [], "excluded_lines": [], "start_line": 7}, "": {"executed_lines": [2, 4, 7], "summary": {"covered_lines": 3, "num_statements": 3, "percent_covered": 100.0, "percent_covered_display": "100", "missing_lines": 0, "excluded_lines": 0, "percent_statements_covered": 100.0, "percent_statements_covered_display": "100"}, "missing_lines": [], "excluded_lines": [], "start_line": 1}}, "classes": {"": {"executed_lines": [2, 4, 7, 18, 19, 20, 21, 24, 25], "summary": {"covered_lines": 9, "num_statements": 9, "percent_covered": 100.0, "percent_covered_display": "100", "missing_lines": 0, "excluded_lines": 0, "percent_statements_covered": 100.0, "percent_statements_covered_display": "100"}, "missing_lines": [], "excluded_lines": [], "start_line": 1}}}, "src/smrti/evolution/valence.py": {"executed_lines": [2, 5, 22, 23, 25, 26, 31, 32, 35, 39, 43, 44, 46, 47], "summary": {"covered_lines": 14, "num_statements": 15, "percent_covered": 93.33333333333333, "percent_covered_display": "93", "missing_lines": 1, "excluded_lines": 0, "percent_statements_covered": 93.33333333333333, "percent_statements_covered_display": "93"}, "missing_lines": [33], "excluded_lines": [], "functions": {"propagate_valence": {"executed_lines": [22, 23, 25, 26, 31, 32, 35, 39, 43, 44, 46, 47], "summary": {"covered_lines": 12, "num_statements": 13, "percent_covered": 92.3076923076923, "percent_covered_display": "92", "missing_lines": 1, "excluded_lines": 0, "percent_statements_covered": 92.3076923076923, "percent_statements_covered_display": "92"}, "missing_lines": [33], "excluded_lines": [], "start_line": 5}, "": {"executed_lines": [2, 5], "summary": {"covered_lines": 2, "num_statements": 2, "percent_covered": 100.0, "percent_covered_display": "100", "missing_lines": 0, "excluded_lines": 0, "percent_statements_covered": 100.0, "percent_statements_covered_display": "100"}, "missing_lines": [], "excluded_lines": [], "start_line": 1}}, "classes": {"": {"executed_lines": [2, 5, 22, 23, 25, 26, 31, 32, 35, 39, 43, 44, 46, 47], "summary": {"covered_lines": 14, "num_statements": 15, "percent_covered": 93.33333333333333, "percent_covered_display": "93", "missing_lines": 1, "excluded_lines": 0, "percent_statements_covered": 93.33333333333333, "percent_statements_covered_display": "93"}, "missing_lines": [33], "excluded_lines": [], "start_line": 1}}}, "src/smrti/extraction/__init__.py": {"executed_lines": [], "summary": {"covered_lines": 0, "num_statements": 0, "percent_covered": 100.0, "percent_covered_display": "100", "missing_lines": 0, "excluded_lines": 0, "percent_statements_covered": 100.0, "percent_statements_covered_display": "100"}, "missing_lines": [], "excluded_lines": [], "functions": {"": {"executed_lines": [], "summary": {"covered_lines": 0, "num_statements": 0, "percent_covered": 100.0, "percent_covered_display": "100", "missing_lines": 0, "excluded_lines": 0, "percent_statements_covered": 100.0, "percent_statements_covered_display": "100"}, "missing_lines": [], "excluded_lines": [], "start_line": 1}}, "classes": {"": {"executed_lines": [], "summary": {"covered_lines": 0, "num_statements": 0, "percent_covered": 100.0, "percent_covered_display": "100", "missing_lines": 0, "excluded_lines": 0, "percent_statements_covered": 100.0, "percent_statements_covered_display": "100"}, "missing_lines": [], "excluded_lines": [], "start_line": 1}}}, "src/smrti/extraction/aliases.py": {"executed_lines": [2, 5, 6, 7, 9, 14, 15, 19, 21, 23, 28, 29, 33, 35, 36], "summary": {"covered_lines": 15, "num_statements": 15, "percent_covered": 100.0, "percent_covered_display": "100", "missing_lines": 0, "excluded_lines": 0, "percent_statements_covered": 100.0, "percent_statements_covered_display": "100"}, "missing_lines": [], "excluded_lines": [], "functions": {"AliasManager.__init__": {"executed_lines": [7], "summary": {"covered_lines": 1, "num_statements": 1, "percent_covered": 100.0, "percent_covered_display": "100", "missing_lines": 0, "excluded_lines": 0, "percent_statements_covered": 100.0, "percent_statements_covered_display": "100"}, "missing_lines": [], "excluded_lines": [], "start_line": 6}, "AliasManager.lookup": {"executed_lines": [14, 15, 19], "summary": {"covered_lines": 3, "num_statements": 3, "percent_covered": 100.0, "percent_covered_display": "100", "missing_lines": 0, "excluded_lines": 0, "percent_statements_covered": 100.0, "percent_statements_covered_display": "100"}, "missing_lines": [], "excluded_lines": [], "start_line": 9}, "AliasManager.add": {"executed_lines": [23], "summary": {"covered_lines": 1, "num_statements": 1, "percent_covered": 100.0, "percent_covered_display": "100", "missing_lines": 0, "excluded_lines": 0, "percent_statements_covered": 100.0, "percent_statements_covered_display": "100"}, "missing_lines": [], "excluded_lines": [], "start_line": 21}, "AliasManager.get_all_for_atom": {"executed_lines": [29, 33], "summary": {"covered_lines": 2, "num_statements": 2, "percent_covered": 100.0, "percent_covered_display": "100", "missing_lines": 0, "excluded_lines": 0, "percent_statements_covered": 100.0, "percent_statements_covered_display": "100"}, "missing_lines": [], "excluded_lines": [], "start_line": 28}, "AliasManager.delete_for_atom": {"executed_lines": [36], "summary": {"covered_lines": 1, "num_statements": 1, "percent_covered": 100.0, "percent_covered_display": "100", "missing_lines": 0, "excluded_lines": 0, "percent_statements_covered": 100.0, "percent_statements_covered_display": "100"}, "missing_lines": [], "excluded_lines": [], "start_line": 35}, "": {"executed_lines": [2, 5, 6, 9, 21, 28, 35], "summary": {"covered_lines": 7, "num_statements": 7, "percent_covered": 100.0, "percent_covered_display": "100", "missing_lines": 0, "excluded_lines": 0, "percent_statements_covered": 100.0, "percent_statements_covered_display": "100"}, "missing_lines": [], "excluded_lines": [], "start_line": 1}}, "classes": {"AliasManager": {"executed_lines": [7, 14, 15, 19, 23, 29, 33, 36], "summary": {"covered_lines": 8, "num_statements": 8, "percent_covered": 100.0, "percent_covered_display": "100", "missing_lines": 0, "excluded_lines": 0, "percent_statements_covered": 100.0, "percent_statements_covered_display": "100"}, "missing_lines": [], "excluded_lines": [], "start_line": 5}, "": {"executed_lines": [2, 5, 6, 9, 21, 28, 35], "summary": {"covered_lines": 7, "num_statements": 7, "percent_covered": 100.0, "percent_covered_display": "100", "missing_lines": 0, "excluded_lines": 0, "percent_statements_covered": 100.0, "percent_statements_covered_display": "100"}, "missing_lines": [], "excluded_lines": [], "start_line": 1}}}, "src/smrti/extraction/extract.py": {"executed_lines": [2, 4, 5, 6, 7, 8, 9, 11, 13, 18, 20, 22, 27, 30, 39, 40, 42, 43, 44, 45, 46, 47, 48, 49, 50, 51, 52, 53, 54, 56, 57, 59, 60, 61, 62, 63, 65, 66, 70, 73, 79, 80, 81, 82, 85, 86, 87, 88, 89, 90, 91, 92, 93, 94, 97, 99, 100, 101, 104, 112, 113, 117, 118, 119, 123, 126, 132, 139, 140, 141, 142, 143, 144, 145, 146, 147, 148, 149, 154, 157, 171, 173, 174, 181, 183, 184, 193, 194, 208, 209, 210, 211, 212, 213, 214, 215, 216, 217, 218, 220, 221, 222, 223, 224, 225, 226, 227, 228, 229, 230, 232, 233, 236, 239, 245, 252, 253, 254, 257, 265, 274, 275, 276, 277, 278, 279, 285, 292, 293, 296, 298, 299, 300, 301, 305, 306, 307, 308, 311, 313, 317, 318, 319, 322, 334, 336, 340, 343, 344, 345, 346, 347, 351, 352, 354, 355, 356, 357, 358, 360, 361, 362, 363, 364, 365, 366, 367, 368, 369, 370, 371, 374, 375, 376, 377, 378, 379, 380, 381, 382, 383, 387, 390, 404, 405, 406, 407, 408, 409, 410, 411, 413, 414, 415, 416, 420, 421, 422, 423, 424, 425, 426, 434, 435, 439, 440, 442, 443, 444, 445, 446, 450, 451, 457, 459, 460, 461, 470, 484, 487, 488, 489, 491, 492, 493, 495, 496, 502, 515, 517, 521, 523, 524, 525, 531, 532, 541, 542, 556, 557, 558, 559, 560, 561, 562, 563, 564, 565, 566, 567, 568, 569, 570, 571, 572, 573, 574, 575, 576, 577, 579, 580, 586, 604, 605, 606, 609, 610, 611, 613, 614, 615, 616, 617, 618, 619, 621, 622, 623, 624, 625, 626, 628, 631, 632, 633, 636, 637, 639, 640, 643, 644, 651, 652, 653, 654, 655, 656, 660, 661, 662, 663, 664, 668, 669
[...]
ered_display": "100"}, "missing_lines": [], "excluded_lines": [], "start_line": 1}}}, "src/smrti/servers/viz_routes.py": {"executed_lines": [2, 4, 5, 6, 7, 8, 10, 11, 13, 14, 15, 17, 20, 23, 24, 27, 34, 35, 36, 37, 38, 39, 43, 53, 56, 63, 64, 65, 66, 67, 68, 69, 70, 71, 72, 73, 74, 80, 83, 88, 90, 91, 92, 93, 94, 95, 97, 98, 99, 100, 101, 103, 104, 105, 106, 110, 112, 113, 121, 124, 125, 126, 134, 135, 136, 138, 139, 140, 147, 148, 149, 150, 151, 152, 154, 156, 157, 158, 159, 161, 162, 167, 168, 169, 170, 171, 172, 173, 175, 176, 177, 178, 180, 181, 182, 184, 185, 186, 187, 188, 189, 190, 191, 192, 193, 194, 196, 198, 204, 205, 206, 207, 208, 211, 212, 219, 221, 223, 224, 225, 226, 227, 229, 232, 233, 234, 237, 238, 239, 240, 241, 246, 247, 248, 249, 250, 253, 261, 262, 263, 264, 265, 266, 267, 269, 270, 271, 273], "summary": {"covered_lines": 148, "num_statements": 148, "percent_covered": 100.0, "percent_covered_display": "100", "missing_lines": 0, "excluded_lines": 0, "percent_statements_covered": 100.0, "percent_statements_covered_display": "100"}, "missing_lines": [], "excluded_lines": [], "functions": {"api_key_middleware": {"executed_lines": [34, 35, 36, 37, 38, 39, 43, 53], "summary": {"covered_lines": 8, "num_statements": 8, "percent_covered": 100.0, "percent_covered_display": "100", "missing_lines": 0, "excluded_lines": 0, "percent_statements_covered": 100.0, "percent_statements_covered_display": "100"}, "missing_lines": [], "excluded_lines": [], "start_line": 27}, "_db_mem": {"executed_lines": [63, 64, 65, 66, 67, 68, 69, 70, 71, 72, 73, 74, 80], "summary": {"covered_lines": 13, "num_statements": 13, "percent_covered": 100.0, "percent_covered_display": "100", "missing_lines": 0, "excluded_lines": 0, "percent_statements_covered": 100.0, "percent_statements_covered_display": "100"}, "missing_lines": [], "excluded_lines": [], "start_line": 56}, "create_viz_router": {"executed_lines": [88, 90, 91, 97, 98, 103, 104, 112, 113, 156, 157, 161, 162, 175, 176, 180, 181, 204, 205, 211, 212, 273], "summary": {"covered_lines": 22, "num_statements": 22, "percent_covered": 100.0, "percent_covered_display": "100", "missing_lines": 0, "excluded_lines": 0, "percent_statements_covered": 100.0, "percent_statements_covered_display": "100"}, "missing_lines": [], "excluded_lines": [], "start_line": 83}, "create_viz_router.visualizer": {"executed_lines": [92, 93, 94, 95], "summary": {"covered_lines": 4, "num_statements": 4, "percent_covered": 100.0, "percent_covered_display": "100", "missing_lines": 0, "excluded_lines": 0, "percent_statements_covered": 100.0, "percent_statements_covered_display": "100"}, "missing_lines": [], "excluded_lines": [], "start_line": 91}, "create_viz_router.list_tenants": {"executed_lines": [99, 100, 101], "summary": {"covered_lines": 3, "num_statements": 3, "percent_covered": 100.0, "percent_covered_display": "100", "missing_lines": 0, "excluded_lines": 0, "percent_statements_covered": 100.0, "percent_statements_covered_display": "100"}, "missing_lines": [], "excluded_lines": [], "start_line": 98}, "create_viz_router.list_spaces": {"executed_lines": [105, 106, 110], "summary": {"covered_lines": 3, "num_statements": 3, "percent_covered": 100.0, "percent_covered_display": "100", "missing_lines": 0, "excluded_lines": 0, "percent_statements_covered": 100.0, "percent_statements_covered_display": "100"}, "missing_lines": [], "excluded_lines": [], "start_line": 104}, "create_viz_router.get_graph": {"executed_lines": [121, 124, 125, 126, 134, 135, 136, 138, 139, 140, 147, 148, 149, 150, 151, 152, 154], "summary": {"covered_lines": 17, "num_statements": 17, "percent_covered": 100.0, "percent_covered_display": "100", "missing_lines": 0, "excluded_lines": 0, "percent_statements_covered": 100.0, "percent_statements_covered_display": "100"}, "missing_lines": [], "excluded_lines": [], "start_line": 113}, "create_viz_router.status": {"executed_lines": [158, 159], "summary": {"covered_lines": 2, "num_statements": 2, "percent_covered": 100.0, "percent_covered_display": "100", "missing_lines": 0, "excluded_lines": 0, "percent_statements_covered": 100.0, "percent_statements_covered_display": "100"}, "missing_lines": [], "excluded_lines": [], "start_line": 157}, "create_viz_router.get_atom": {"executed_lines": [167, 168, 169, 170, 171, 172, 173], "summary": {"covered_lines": 7, "num_statements": 7, "percent_covered": 100.0, "percent_covered_display": "100", "missing_lines": 0, "excluded_lines": 0, "percent_statements_covered": 100.0, "percent_statements_covered_display": "100"}, "missing_lines": [], "excluded_lines": [], "start_line": 162}, "create_viz_router.get_llm_calls": {"executed_lines": [177, 178], "summary": {"covered_lines": 2, "num_statements": 2, "percent_covered": 100.0, "percent_covered_display": "100", "missing_lines": 0, "excluded_lines": 0, "percent_statements_covered": 100.0, "percent_statements_covered_display": "100"}, "missing_lines": [], "excluded_lines": [], "start_line": 176}, "create_viz_router.stream_llm_calls": {"executed_lines": [182, 184, 198], "summary": {"covered_lines": 3, "num_statements": 3, "percent_covered": 100.0, "percent_covered_display": "100", "missing_lines": 0, "excluded_lines": 0, "percent_statements_covered": 100.0, "percent_statements_covered_display": "100"}, "missing_lines": [], "excluded_lines": [], "start_line": 181}, "create_viz_router.stream_llm_calls.event_generator": {"executed_lines": [185, 186, 187, 188, 189, 190, 191, 192, 193, 194, 196], "summary": {"covered_lines": 11, "num_statements": 11, "percent_covered": 100.0, "percent_covered_display": "100", "missing_lines": 0, "excluded_lines": 0, "percent_statements_covered": 100.0, "percent_statements_covered_display": "100"}, "missing_lines": [], "excluded_lines": [], "start_line": 184}, "create_viz_router.clear_llm_calls": {"executed_lines": [206, 207, 208], "summary": {"covered_lines": 3, "num_statements": 3, "percent_covered": 100.0, "percent_covered_display": "100", "missing_lines": 0, "excluded_lines": 0, "percent_statements_covered": 100.0, "percent_statements_covered_display": "100"}, "missing_lines": [], "excluded_lines": [], "start_line": 205}, "create_viz_router.prometheus_metrics": {"executed_lines": [219, 223, 224, 225, 226, 227, 229, 232, 233, 234, 237, 238, 239, 240, 241, 246, 247, 248, 249, 250, 253, 261, 262, 263, 264, 265, 266, 267, 269, 270, 271], "summary": {"covered_lines": 31, "num_statements": 31, "percent_covered": 100.0, "percent_covered_display": "100", "missing_lines": 0, "excluded_lines": 0, "percent_statements_covered": 100.0, "percent_statements_covered_display": "100"}, "missing_lines": [], "excluded_lines": [], "start_line": 212}, "create_viz_router.prometheus_metrics._esc": {"executed_lines": [221], "summary": {"covered_lines": 1, "num_statements": 1, "percent_covered": 100.0, "percent_covered_display": "100", "missing_lines": 0, "excluded_lines": 0, "percent_statements_covered": 100.0, "percent_statements_covered_display": "100"}, "missing_lines": [], "excluded_lines": [], "start_line": 219}, "": {"executed_lines": [2, 4, 5, 6, 7, 8, 10, 11, 13, 14, 15, 17, 20, 23, 24, 27, 56, 83], "summary": {"covered_lines": 18, "num_statements": 18, "percent_covered": 100.0, "percent_covered_display": "100", "missing_lines": 0, "excluded_lines": 0, "percent_statements_covered": 100.0, "percent_statements_covered_display": "100"}, "missing_lines": [], "excluded_lines": [], "start_line": 1}}, "classes": {"": {"executed_lines": [2, 4, 5, 6, 7, 8, 10, 11, 13, 14, 15, 17, 20, 23, 24, 27, 34, 35, 36, 37, 38, 39, 43, 53, 56, 63, 64, 65, 66, 67, 68, 69, 70, 71, 72, 73, 74, 80, 83, 88, 90, 91, 92, 93, 94, 95, 97, 98, 99, 100, 101, 103, 104, 105, 106, 110, 112, 113, 121, 124, 125, 126, 134, 135, 136, 138, 139, 140, 147, 148, 149, 150, 151, 152, 154, 156, 157, 158, 159, 161, 162, 167, 168, 169, 170, 171, 172, 173, 175, 176, 177, 178, 180, 181, 182, 184, 185, 186, 187, 188, 189, 190, 191, 192, 193, 194, 196, 198, 204, 205, 206, 207, 208, 211, 212, 219, 221, 223, 224, 225, 226, 227, 229, 232, 233, 234, 237, 238, 239, 240, 241, 246, 247, 248, 249, 250, 253, 261, 262, 263, 264, 265, 266, 267, 269, 270, 271, 273], "summary": {"covered_lines": 148, "num_statements": 148, "percent_covered": 100.0, "percent_covered_display": "100", "missing_lines": 0, "excluded_lines": 0, "percent_statements_covered": 100.0, "percent_statements_covered_display": "100"}, "missing_lines": [], "excluded_lines": [], "start_line": 1}}}, "src/smrti/spaces/__init__.py": {"executed_lines": [3, 10, 12], "summary": {"covered_lines": 3, "num_statements": 3, "percent_covered": 100.0, "percent_covered_display": "100", "missing_lines": 0, "excluded_lines": 0, "percent_statements_covered": 100.0, "percent_statements_covered_display": "100"}, "missing_lines": [], "excluded_lines": [], "functions": {"": {"executed_lines": [3, 10, 12], "summary": {"covered_lines": 3, "num_statements": 3, "percent_covered": 100.0, "percent_covered_display": "100", "missing_lines": 0, "excluded_lines": 0, "percent_statements_covered": 100.0, "percent_statements_covered_display": "100"}, "missing_lines": [], "excluded_lines": [], "start_line": 1}}, "classes": {"": {"executed_lines": [3, 10, 12], "summary": {"covered_lines": 3, "num_statements": 3, "percent_covered": 100.0, "percent_covered_display": "100", "missing_lines": 0, "excluded_lines": 0, "percent_statements_covered": 100.0, "percent_statements_covered_display": "100"}, "missing_lines": [], "excluded_lines": [], "start_line": 1}}}, "src/smrti/spaces/emergence.py": {"executed_lines": [12, 14, 15, 17, 28, 30, 33, 36, 42, 43, 44, 48, 50, 51, 54, 55, 58, 61, 62, 63, 64, 66, 83, 109, 110, 112, 113, 118, 122, 123, 124, 125, 126, 127, 128, 130, 131, 132, 134, 136, 137, 138, 141, 144, 154, 163, 165], "summary": {"covered_lines": 47, "num_statements": 47, "percent_covered": 100.0, "percent_covered_display": "100", "missing_lines": 0, "excluded_lines": 0, "percent_statements_covered": 100.0, "percent_statements_covered_display": "100"}, "missing_lines": [], "excluded_lines": [], "functions": {"_merge_pair": {"executed_lines": [30, 33, 36, 42, 43, 44, 48, 50, 51, 54, 55, 58, 61, 62, 63, 64, 66], "summary": {"covered_lines": 17, "num_statements": 17, "percent_covered": 100.0, "percent_covered_display": "100", "missing_lines": 0, "excluded_lines": 0, "percent_statements_covered": 100.0, "percent_statements_covered_display": "100"}, "missing_lines": [], "excluded_lines": [], "start_line": 28}, "materialize_bridge": {"executed_lines": [109, 110, 112, 113, 118, 122, 123, 124, 125, 126, 127, 128, 130, 131, 132, 134, 136, 137, 138, 141, 144, 154, 163, 165], "summary": {"covered_lines": 24, "num_statements": 24, "percent_covered": 100.0, "percent_covered_display": "100", "missing_lines": 0, "excluded_lines": 0, "percent_statements_covered": 100.0, "percent_statements_covered_display": "100"}, "missing_lines": [], "excluded_lines": [], "start_line": 83}, "": {"executed_lines": [12, 14, 15, 17, 28, 83], "summary": {"covered_lines": 6, "num_statements": 6, "percent_covered": 100.0, "percent_covered_display": "100", "missing_lines": 0, "excluded_lines": 0, "percent_statements_covered": 100.0, "percent_statements_covered_display": "100"}, "missing_lines": [], "excluded_lines": [], "start_line": 1}}, "classes": {"": {"executed_lines": [12, 14, 15, 17, 28, 30, 33, 36, 42, 43, 44, 48, 50, 51, 54, 55, 58, 61, 62, 63, 64, 66, 83, 109, 110, 112, 113, 118, 122, 123, 124, 125, 126, 127, 128, 130, 131, 132, 134, 136, 137, 138, 141, 144, 154, 163, 165], "summary": {"covered_lines": 47, "num_statements": 47, "percent_covered": 100.0, "percent_covered_display": "100", "missing_lines": 0, "excluded_lines": 0, "percent_statements_covered": 100.0, "percent_statements_covered_display": "100"}, "missing_lines": [], "excluded_lines": [], "start_line": 1}}}, "src/smrti/spaces/set_ops.py": {"executed_lines": [18, 20, 22, 31, 32, 33, 36, 38, 43, 46, 48, 52, 53, 54, 55, 56, 59, 60, 61, 62, 63, 64, 65, 68, 74, 75, 76, 79, 81, 92, 95, 102, 103, 104, 105, 106, 107, 110, 119, 120, 121, 122, 123, 126, 141, 142, 144, 145, 146, 148, 150, 151, 152, 154, 155, 156, 158, 160, 163, 183, 184, 185, 186, 187, 189, 190, 191, 192, 193, 195, 196, 197, 198, 199, 204, 206, 207, 208, 209, 210, 211, 212, 214, 218, 219, 222, 223, 224, 225, 226, 231, 232, 234, 237, 251, 252, 254, 255, 257, 262, 263, 264, 266, 274, 287, 288, 289, 297, 306, 307, 309, 310, 316, 317, 319, 326, 338, 339, 341, 342, 347, 348, 354, 355, 358, 360, 368, 377, 378, 380, 381, 386, 387, 392, 393, 399, 402, 403, 405], "summary": {"covered_lines": 139, "num_statements": 140, "percent_covered": 99.28571428571429, "percent_covered_display": "99", "missing_lines": 1, "excluded_lines": 0, "percent_statements_covered": 99.28571428571429, "percent_statements_covered_display": "99"}, "missing_lines": [153], "excluded_lines": [], "functions": {"_get_space_atoms": {"executed_lines": [38, 43], "summary": {"covered_lines": 2, "num_statements": 2, "percent_covered": 100.0, "percent_covered_display": "100", "missing_lines": 0, "excluded_lines": 0, "percent_statements_covered": 100.0, "percent_statements_covered_display": "100"}, "missing_lines": [], "excluded_lines": [], "start_line": 36}, "_get_embedding": {"executed_lines": [48, 52, 53, 54, 55, 56], "summary": {"covered_lines": 6, "num_statements": 6, "percent_covered": 100.0, "percent_covered_display": "100", "missing_lines": 0, "excluded_lines": 0, "percent_statements_covered": 100.0, "percent_statements_covered_display": "100"}, "missing_lines": [], "excluded_lines": [], "start_line": 46}, "_cosine_similarity": {"executed_lines": [60, 61, 62, 63, 64, 65], "summary": {"covered_lines": 6, "num_statements": 6, "percent_covered": 100.0, "percent_covered_display": "100", "missing_lines": 0, "excluded_lines": 0, "percent_statements_covered": 100.0, "percent_statements_covered_display": "100"}, "missing_lines": [], "excluded_lines": [], "start_line": 59}, "_entity_type_score": {"executed_lines": [74, 75, 76], "summary": {"covered_lines": 3, "num_statements": 3, "percent_covered": 100.0, "percent_covered_display": "100", "missing_lines": 0, "excluded_lines": 0, "percent_statements_covered": 100.0, "percent_statements_covered_display": "100"}, "missing_lines": [], "excluded_lines": [], "start_line": 68}, "_get_neighbor_labels": {"executed_lines": [81, 92], "summary": {"covered_lines": 2, "num_statements": 2, "percent_covered": 100.0, "percent_covered_display": "100", "missing_lines": 0, "excluded_lines": 0, "percent_statements_covered": 100.0, "percent_statements_covered_display": "100"}, "missing_lines": [], "excluded_lines": [], "start_line": 79}, "_neighbor_context_embedding": {"executed_lines": [102, 103, 104, 105, 106, 107], "summary": {"covered_lines": 6, "num_statements": 6, "percent_covered": 100.0, "percent_covered_display": "100", "missing_lines": 0, "excluded_lines": 0, "percent_statements_covered": 100.0, "percent_statements_covered_display": "100"}, "missing_lines": [], "excluded_lines": [], "start_line": 95}, "_neighborhood_similarity": {"executed_lines": [119, 120, 121, 122, 123], "summary": {"covered_lines": 5, "num_statements": 5, "percent_covered": 100.0, "percent_covered_display": "100", "missing_lines": 0, "excluded_lines": 0, "percent_statements_covered": 100.0, "percent_statements_covered_display": "100"}, "missing_lines": [], "excluded_lines": [], "start_line": 110}, "_contextual_similarity": {"executed_lines": [141, 142, 144, 145, 146, 148, 150, 151, 152, 154, 155, 156, 158, 160], "summary": {"covered_lines": 14, "num_statements": 15, "percent_covered": 93.33333333333333, "percent_covered_display": "93", "missing_lines": 1, "excluded_lines": 0, "percent_statements_covered": 93.33333333333333, "percent_statements_covered_display": "93"}, "missing_lines": [153], "excluded_lines": [], "start_line": 126}, "_match_atoms": {"executed_lines": [183, 184, 185, 186, 187, 189, 190, 191, 192, 193, 195, 196, 197, 198, 199, 204, 206, 207, 208, 209, 210, 211, 212, 214, 218, 219, 222, 223, 224, 225, 226, 231, 232, 234], "summary": {"covered_lines": 34, "num_statements": 34, "percent_covered": 100.0, "percent_covered_display": "100", "missing_lines": 0, "excluded_lines": 0, "percent_statements_covered": 100.0, "percent_statements_covered_display": "100"}, "missing_lines": [], "excluded_lines": [], "start_line": 163}, "space_overlap": {"executed_lines": [251, 252, 254, 255, 257, 262, 263, 264, 266], "summary": {"covered_lines": 9, "num_statements": 9, "percent_covered": 100.0, "percent_covered_display": "100", "missing_lines": 0, "excluded_lines": 0, "percent_statements_covered": 100.0, "percent_statements_covered_display": "100"}, "missing_lines": [], "excluded_lines": [], "start_line": 237}, "space_intersection": {"executed_lines": [287, 288, 289], "summary": {"covered_lines": 3, "num_statements": 3, "percent_covered": 100.0, "percent_covered_display": "100", "missing_lines": 0, "excluded_lines": 0, "percent_statements_covered": 100.0, "percent_statements_covered_display": "100"}, "missing_lines": [], "excluded_lines": [], "start_line": 274}, "space_difference": {"executed_lines": [306, 307, 309, 310, 316, 317, 319], "summary": {"covered_lines": 7, "num_statements": 7, "percent_covered": 100.0, "percent_covered_display": "100", "missing_lines": 0, "excluded_lines": 0, "percent_statements_covered": 100.0, "percent_statements_covered_display": "100"}, "missing_lines": [], "excluded_lines": [], "start_line": 297}, "space_union": {"executed_lines": [338, 339, 341, 342, 347, 348, 354, 355, 358, 360], "summary": {"covered_lines": 10, "num_statements": 10, "percent_covered": 100.0, "percent_covered_display": "100", "missing_lines": 0, "excluded_lines": 0, "percent_statements_covered": 100.0, "percent_statements_covered_display": "100"}, "missing_lines": [], "excluded_lines": [], "start_line": 326}, "space_symmetric_difference": {"executed_lines": [377, 378, 380, 381, 386, 387, 392, 393, 399, 402, 403, 405], "summary": {"covered_lines": 12, "num_statements": 12, "percent_covered": 100.0, "percent_covered_display": "100", "missing_lines": 0, "excluded_lines": 0, "percent_statements_covered": 100.0, "percent_statements_covered_display": "100"}, "missing_lines": [], "excluded_lines": [], "start_line": 368}, "": {"executed_lines": [18, 20, 22, 31, 32, 33, 36, 46, 59, 68, 79, 95, 110, 126, 163, 237, 274, 297, 326, 368], "summary": {"covered_lines": 20, "num_statements": 20, "percent_covered": 100.0, "percent_covered_display": "100", "missing_lines": 0, "excluded_lines": 0, "percent_statements_covered": 100.0, "percent_statements_covered_display": "100"}, "missing_lines": [], "excluded_lines": [], "start_line": 1}}, "classes": {"": {"executed_lines": [18, 20, 22, 31, 32, 33, 36, 38, 43, 46, 48, 52, 53, 54, 55, 56, 59, 60, 61, 62, 63, 64, 65, 68, 74, 75, 76, 79, 81, 92, 95, 102, 103, 104, 105, 106, 107, 110, 119, 120, 121, 122, 123, 126, 141, 142, 144, 145, 146, 148, 150, 151, 152, 154, 155, 156, 158, 160, 163, 183, 184, 185, 186, 187, 189, 190, 191, 192, 193, 195, 196, 197, 198, 199, 204, 206, 207, 208, 209, 210, 211, 212, 214, 218, 219, 222, 223, 224, 225, 226, 231, 232, 234, 237, 251, 252, 254, 255, 257, 262, 263, 264, 266, 274, 287, 288, 289, 297, 306, 307, 309, 310, 316, 317, 319, 326, 338, 339, 341, 342, 347, 348, 354, 355, 358, 360, 368, 377, 378, 380, 381, 386, 387, 392, 393, 399, 402, 403, 405], "summary": {"covered_lines": 139, "num_statements": 140, "percent_covered": 99.28571428571429, "percent_covered_display": "99", "missing_lines": 1, "excluded_lines": 0, "percent_statements_covered": 99.28571428571429, "percent_statements_covered_display": "99"}, "missing_lines": [153], "excluded_lines": [], "start_line": 1}}}}, "totals": {"covered_lines": 2722, "num_statements": 2745, "percent_covered": 99.16211293260474, "percent_covered_display": "99", "missing_lines": 23, "excluded_lines": 6, "percent_statements_covered": 99.16211293260474, "percent_statements_covered_display": "99"}}